[1.004s] DEBUG:colcon:Command line arguments: ['/usr/bin/colcon', 'list', '-p', '--base-paths', '/home/vedantknaik/ROS2_turtlesim_PID_demo']
[1.004s] DEBUG:colcon:Parsed command line arguments: Namespace(log_base=None, log_level=None, verb_name='list', build_base='build', ignore_user_meta=False, metas=['./colcon.meta'], base_paths=['/home/vedantknaik/ROS2_turtlesim_PID_demo'], packages_ignore=None, packages_ignore_regex=None, paths=None, packages_up_to=None, packages_up_to_regex=None, packages_above=None, packages_above_and_dependencies=None, packages_above_depth=None, packages_select_by_dep=None, packages_skip_by_dep=None, packages_skip_up_to=None, packages_select_build_failed=False, packages_skip_build_finished=False, packages_select_test_failures=False, packages_skip_test_passed=False, packages_select=None, packages_skip=None, packages_select_regex=None, packages_skip_regex=None, packages_start=None, packages_end=None, allow_overriding=[], topological_order=False, names_only=False, paths_only=True, topological_graph=False, topological_graph_dot=False, topological_graph_density=False, topological_graph_legend=False, topological_graph_dot_cluster=False, topological_graph_dot_include_skipped=False, verb_parser=<colcon_defaults.argument_parser.defaults.DefaultArgumentsDecorator object at 0x7f8ab14960b0>, verb_extension=<colcon_package_information.verb.list.ListVerb object at 0x7f8ab161c670>, main=<bound method ListVerb.main of <colcon_package_information.verb.list.ListVerb object at 0x7f8ab161c670>>)
[1.055s] Level 1:colcon.colcon_core.package_discovery:discover_packages(colcon_meta) check parameters
[1.056s] Level 1:colcon.colcon_core.package_discovery:discover_packages(recursive) check parameters
[1.056s] Level 1:colcon.colcon_core.package_discovery:discover_packages(ignore) check parameters
[1.056s] Level 1:colcon.colcon_core.package_discovery:discover_packages(path) check parameters
[1.056s] Level 1:colcon.colcon_core.package_discovery:discover_packages(recursive) discover
[1.056s] INFO:colcon.colcon_core.package_discovery:Crawling recursively for packages in '/home/vedantknaik/ROS2_turtlesim_PID_demo'
[1.056s] Level 1:colcon.colcon_core.package_identification:_identify(/home/vedantknaik/ROS2_turtlesim_PID_demo) by extensions ['ignore', 'ignore_ament_install']
[1.056s] Level 1:colcon.colcon_core.package_identification:_identify(/home/vedantknaik/ROS2_turtlesim_PID_demo) by extension 'ignore'
[1.056s] Level 1:colcon.colcon_core.package_identification:_identify(/home/vedantknaik/ROS2_turtlesim_PID_demo) by extension 'ignore_ament_install'
[1.057s] Level 1:colcon.colcon_core.package_identification:_identify(/home/vedantknaik/ROS2_turtlesim_PID_demo) by extensions ['colcon_pkg']
[1.057s] Level 1:colcon.colcon_core.package_identification:_identify(/home/vedantknaik/ROS2_turtlesim_PID_demo) by extension 'colcon_pkg'
[1.057s] Level 1:colcon.colcon_core.package_identification:_identify(/home/vedantknaik/ROS2_turtlesim_PID_demo) by extensions ['colcon_meta']
[1.057s] Level 1:colcon.colcon_core.package_identification:_identify(/home/vedantknaik/ROS2_turtlesim_PID_demo) by extension 'colcon_meta'
[1.057s] Level 1:colcon.colcon_core.package_identification:_identify(/home/vedantknaik/ROS2_turtlesim_PID_demo) by extensions ['ros']
[1.057s] Level 1:colcon.colcon_core.package_identification:_identify(/home/vedantknaik/ROS2_turtlesim_PID_demo) by extension 'ros'
[1.072s] Level 1:colcon.colcon_core.package_identification:_identify(/home/vedantknaik/ROS2_turtlesim_PID_demo) by extensions ['cmake', 'python']
[1.072s] Level 1:colcon.colcon_core.package_identification:_identify(/home/vedantknaik/ROS2_turtlesim_PID_demo) by extension 'cmake'
[1.072s] Level 1:colcon.colcon_core.package_identification:_identify(/home/vedantknaik/ROS2_turtlesim_PID_demo) by extension 'python'
[1.072s] Level 1:colcon.colcon_core.package_identification:_identify(/home/vedantknaik/ROS2_turtlesim_PID_demo) by extensions ['python_setup_py']
[1.073s] Level 1:colcon.colcon_core.package_identification:_identify(/home/vedantknaik/ROS2_turtlesim_PID_demo) by extension 'python_setup_py'
[1.073s] Level 1:colcon.colcon_core.package_identification:_identify(/home/vedantknaik/ROS2_turtlesim_PID_demo/build) by extensions ['ignore', 'ignore_ament_install']
[1.073s] Level 1:colcon.colcon_core.package_identification:_identify(/home/vedantknaik/ROS2_turtlesim_PID_demo/build) by extension 'ignore'
[1.073s] Level 1:colcon.colcon_core.package_identification:_identify(/home/vedantknaik/ROS2_turtlesim_PID_demo/build) ignored
[1.073s] Level 1:colcon.colcon_core.package_identification:_identify(/home/vedantknaik/ROS2_turtlesim_PID_demo/install) by extensions ['ignore', 'ignore_ament_install']
[1.073s] Level 1:colcon.colcon_core.package_identification:_identify(/home/vedantknaik/ROS2_turtlesim_PID_demo/install) by extension 'ignore'
[1.074s] Level 1:colcon.colcon_core.package_identification:_identify(/home/vedantknaik/ROS2_turtlesim_PID_demo/install) ignored
[1.074s] Level 1:colcon.colcon_core.package_identification:_identify(/home/vedantknaik/ROS2_turtlesim_PID_demo/log) by extensions ['ignore', 'ignore_ament_install']
[1.074s] Level 1:colcon.colcon_core.package_identification:_identify(/home/vedantknaik/ROS2_turtlesim_PID_demo/log) by extension 'ignore'
[1.074s] Level 1:colcon.colcon_core.package_identification:_identify(/home/vedantknaik/ROS2_turtlesim_PID_demo/log) ignored
[1.074s] Level 1:colcon.colcon_core.package_identification:_identify(/home/vedantknaik/ROS2_turtlesim_PID_demo/src) by extensions ['ignore', 'ignore_ament_install']
[1.074s] Level 1:colcon.colcon_core.package_identification:_identify(/home/vedantknaik/ROS2_turtlesim_PID_demo/src) by extension 'ignore'
[1.074s] Level 1:colcon.colcon_core.package_identification:_identify(/home/vedantknaik/ROS2_turtlesim_PID_demo/src) by extension 'ignore_ament_install'
[1.075s] Level 1:colcon.colcon_core.package_identification:_identify(/home/vedantknaik/ROS2_turtlesim_PID_demo/src) by extensions ['colcon_pkg']
[1.075s] Level 1:colcon.colcon_core.package_identification:_identify(/home/vedantknaik/ROS2_turtlesim_PID_demo/src) by extension 'colcon_pkg'
[1.075s] Level 1:colcon.colcon_core.package_identification:_identify(/home/vedantknaik/ROS2_turtlesim_PID_demo/src) by extensions ['colcon_meta']
[1.075s] Level 1:colcon.colcon_core.package_identification:_identify(/home/vedantknaik/ROS2_turtlesim_PID_demo/src) by extension 'colcon_meta'
[1.075s] Level 1:colcon.colcon_core.package_identification:_identify(/home/vedantknaik/ROS2_turtlesim_PID_demo/src) by extensions ['ros']
[1.075s] Level 1:colcon.colcon_core.package_identification:_identify(/home/vedantknaik/ROS2_turtlesim_PID_demo/src) by extension 'ros'
[1.075s] Level 1:colcon.colcon_core.package_identification:_identify(/home/vedantknaik/ROS2_turtlesim_PID_demo/src) by extensions ['cmake', 'python']
[1.075s] Level 1:colcon.colcon_core.package_identification:_identify(/home/vedantknaik/ROS2_turtlesim_PID_demo/src) by extension 'cmake'
[1.075s] Level 1:colcon.colcon_core.package_identification:_identify(/home/vedantknaik/ROS2_turtlesim_PID_demo/src) by extension 'python'
[1.075s] Level 1:colcon.colcon_core.package_identification:_identify(/home/vedantknaik/ROS2_turtlesim_PID_demo/src) by extensions ['python_setup_py']
[1.075s] Level 1:colcon.colcon_core.package_identification:_identify(/home/vedantknaik/ROS2_turtlesim_PID_demo/src) by extension 'python_setup_py'
[1.076s] Level 1:colcon.colcon_core.package_identification:_identify(/home/vedantknaik/ROS2_turtlesim_PID_demo/src/turtle_demo_controller) by extensions ['ignore', 'ignore_ament_install']
[1.076s] Level 1:colcon.colcon_core.package_identification:_identify(/home/vedantknaik/ROS2_turtlesim_PID_demo/src/turtle_demo_controller) by extension 'ignore'
[1.076s] Level 1:colcon.colcon_core.package_identification:_identify(/home/vedantknaik/ROS2_turtlesim_PID_demo/src/turtle_demo_controller) by extension 'ignore_ament_install'
[1.076s] Level 1:colcon.colcon_core.package_identification:_identify(/home/vedantknaik/ROS2_turtlesim_PID_demo/src/turtle_demo_controller) by extensions ['colcon_pkg']
[1.076s] Level 1:colcon.colcon_core.package_identification:_identify(/home/vedantknaik/ROS2_turtlesim_PID_demo/src/turtle_demo_controller) by extension 'colcon_pkg'
[1.076s] Level 1:colcon.colcon_core.package_identification:_identify(/home/vedantknaik/ROS2_turtlesim_PID_demo/src/turtle_demo_controller) by extensions ['colcon_meta']
[1.076s] Level 1:colcon.colcon_core.package_identification:_identify(/home/vedantknaik/ROS2_turtlesim_PID_demo/src/turtle_demo_controller) by extension 'colcon_meta'
[1.077s] Level 1:colcon.colcon_core.package_identification:_identify(/home/vedantknaik/ROS2_turtlesim_PID_demo/src/turtle_demo_controller) by extensions ['ros']
[1.077s] Level 1:colcon.colcon_core.package_identification:_identify(/home/vedantknaik/ROS2_turtlesim_PID_demo/src/turtle_demo_controller) by extension 'ros'
[1.081s] DEBUG:colcon.colcon_core.package_identification:Package '/home/vedantknaik/ROS2_turtlesim_PID_demo/src/turtle_demo_controller' with type 'ros.ament_python' and name 'turtle_demo_controller'
[1.081s] Level 1:colcon.colcon_core.package_discovery:discover_packages(recursive) using defaults
