[0.655s] DEBUG:colcon:Command line arguments: ['/usr/bin/colcon', 'build']
[0.655s] DEBUG:colcon:Parsed command line arguments: Namespace(log_base=None, log_level=None, verb_name='build', build_base='build', install_base='install', merge_install=False, symlink_install=False, test_result_base=None, continue_on_error=False, executor='parallel', parallel_workers=8, event_handlers=None, ignore_user_meta=False, metas=['./colcon.meta'], base_paths=['.'], packages_ignore=None, packages_ignore_regex=None, paths=None, packages_up_to=None, packages_up_to_regex=None, packages_above=None, packages_above_and_dependencies=None, packages_above_depth=None, packages_select_by_dep=None, packages_skip_by_dep=None, packages_skip_up_to=None, packages_select_build_failed=False, packages_skip_build_finished=False, packages_select_test_failures=False, packages_skip_test_passed=False, packages_select=None, packages_skip=None, packages_select_regex=None, packages_skip_regex=None, packages_start=None, packages_end=None, allow_overriding=[], cmake_args=None, cmake_target=None, cmake_target_skip_unavailable=False, cmake_clean_cache=False, cmake_clean_first=False, cmake_force_configure=False, ament_cmake_args=None, catkin_cmake_args=None, catkin_skip_building_tests=False, mixin_files=None, mixin=None, verb_parser=<colcon_mixin.mixin.mixin_argument.MixinArgumentDecorator object at 0x740fa95cb400>, verb_extension=<colcon_core.verb.build.BuildVerb object at 0x740fa95caf50>, main=<bound method BuildVerb.main of <colcon_core.verb.build.BuildVerb object at 0x740fa95caf50>>, mixin_verb=('build',))
[1.001s] Level 1:colcon.colcon_core.package_discovery:discover_packages(colcon_meta) check parameters
[1.002s] Level 1:colcon.colcon_core.package_discovery:discover_packages(recursive) check parameters
[1.002s] Level 1:colcon.colcon_core.package_discovery:discover_packages(ignore) check parameters
[1.002s] Level 1:colcon.colcon_core.package_discovery:discover_packages(path) check parameters
[1.002s] Level 1:colcon.colcon_core.package_discovery:discover_packages(colcon_meta) discover
[1.002s] Level 1:colcon.colcon_core.package_discovery:discover_packages(recursive) discover
[1.002s] INFO:colcon.colcon_core.package_discovery:Crawling recursively for packages in '/home/thedush/ROS2_turtlesim_PID_demo'
[1.002s] Level 1:colcon.colcon_core.package_identification:_identify(.) by extensions ['ignore', 'ignore_ament_install']
[1.002s] Level 1:colcon.colcon_core.package_identification:_identify(.) by extension 'ignore'
[1.002s] Level 1:colcon.colcon_core.package_identification:_identify(.) by extension 'ignore_ament_install'
[1.002s] Level 1:colcon.colcon_core.package_identification:_identify(.) by extensions ['colcon_pkg']
[1.003s] Level 1:colcon.colcon_core.package_identification:_identify(.) by extension 'colcon_pkg'
[1.003s] Level 1:colcon.colcon_core.package_identification:_identify(.) by extensions ['colcon_meta']
[1.003s] Level 1:colcon.colcon_core.package_identification:_identify(.) by extension 'colcon_meta'
[1.003s] Level 1:colcon.colcon_core.package_identification:_identify(.) by extensions ['ros']
[1.003s] Level 1:colcon.colcon_core.package_identification:_identify(.) by extension 'ros'
[1.075s] Level 1:colcon.colcon_core.package_identification:_identify(.) by extensions ['cmake', 'python']
[1.075s] Level 1:colcon.colcon_core.package_identification:_identify(.) by extension 'cmake'
[1.075s] Level 1:colcon.colcon_core.package_identification:_identify(.) by extension 'python'
[1.075s] Level 1:colcon.colcon_core.package_identification:_identify(.) by extensions ['python_setup_py']
[1.075s] Level 1:colcon.colcon_core.package_identification:_identify(.) by extension 'python_setup_py'
[1.075s] Level 1:colcon.colcon_core.package_identification:_identify(build) by extensions ['ignore', 'ignore_ament_install']
[1.076s] Level 1:colcon.colcon_core.package_identification:_identify(build) by extension 'ignore'
[1.076s] Level 1:colcon.colcon_core.package_identification:_identify(build) ignored
[1.076s] Level 1:colcon.colcon_core.package_identification:_identify(install) by extensions ['ignore', 'ignore_ament_install']
[1.076s] Level 1:colcon.colcon_core.package_identification:_identify(install) by extension 'ignore'
[1.076s] Level 1:colcon.colcon_core.package_identification:_identify(install) ignored
[1.076s] Level 1:colcon.colcon_core.package_identification:_identify(log) by extensions ['ignore', 'ignore_ament_install']
[1.076s] Level 1:colcon.colcon_core.package_identification:_identify(log) by extension 'ignore'
[1.076s] Level 1:colcon.colcon_core.package_identification:_identify(log) ignored
[1.077s] Level 1:colcon.colcon_core.package_identification:_identify(src) by extensions ['ignore', 'ignore_ament_install']
[1.077s] Level 1:colcon.colcon_core.package_identification:_identify(src) by extension 'ignore'
[1.077s] Level 1:colcon.colcon_core.package_identification:_identify(src) by extension 'ignore_ament_install'
[1.077s] Level 1:colcon.colcon_core.package_identification:_identify(src) by extensions ['colcon_pkg']
[1.077s] Level 1:colcon.colcon_core.package_identification:_identify(src) by extension 'colcon_pkg'
[1.077s] Level 1:colcon.colcon_core.package_identification:_identify(src) by extensions ['colcon_meta']
[1.077s] Level 1:colcon.colcon_core.package_identification:_identify(src) by extension 'colcon_meta'
[1.077s] Level 1:colcon.colcon_core.package_identification:_identify(src) by extensions ['ros']
[1.077s] Level 1:colcon.colcon_core.package_identification:_identify(src) by extension 'ros'
[1.077s] Level 1:colcon.colcon_core.package_identification:_identify(src) by extensions ['cmake', 'python']
[1.077s] Level 1:colcon.colcon_core.package_identification:_identify(src) by extension 'cmake'
[1.077s] Level 1:colcon.colcon_core.package_identification:_identify(src) by extension 'python'
[1.077s] Level 1:colcon.colcon_core.package_identification:_identify(src) by extensions ['python_setup_py']
[1.078s] Level 1:colcon.colcon_core.package_identification:_identify(src) by extension 'python_setup_py'
[1.078s] Level 1:colcon.colcon_core.package_identification:_identify(src/cpp_node) by extensions ['ignore', 'ignore_ament_install']
[1.078s] Level 1:colcon.colcon_core.package_identification:_identify(src/cpp_node) by extension 'ignore'
[1.078s] Level 1:colcon.colcon_core.package_identification:_identify(src/cpp_node) by extension 'ignore_ament_install'
[1.078s] Level 1:colcon.colcon_core.package_identification:_identify(src/cpp_node) by extensions ['colcon_pkg']
[1.078s] Level 1:colcon.colcon_core.package_identification:_identify(src/cpp_node) by extension 'colcon_pkg'
[1.078s] Level 1:colcon.colcon_core.package_identification:_identify(src/cpp_node) by extensions ['colcon_meta']
[1.078s] Level 1:colcon.colcon_core.package_identification:_identify(src/cpp_node) by extension 'colcon_meta'
[1.078s] Level 1:colcon.colcon_core.package_identification:_identify(src/cpp_node) by extensions ['ros']
[1.078s] Level 1:colcon.colcon_core.package_identification:_identify(src/cpp_node) by extension 'ros'
[1.078s] Level 1:colcon.colcon_core.package_identification:_identify(src/cpp_node) by extensions ['cmake', 'python']
[1.078s] Level 1:colcon.colcon_core.package_identification:_identify(src/cpp_node) by extension 'cmake'
[1.078s] Level 1:colcon.colcon_core.package_identification:_identify(src/cpp_node) by extension 'python'
[1.079s] Level 1:colcon.colcon_core.package_identification:_identify(src/cpp_node) by extensions ['python_setup_py']
[1.079s] Level 1:colcon.colcon_core.package_identification:_identify(src/cpp_node) by extension 'python_setup_py'
[1.079s] Level 1:colcon.colcon_core.package_identification:_identify(src/cpp_node/include) by extensions ['ignore', 'ignore_ament_install']
[1.079s] Level 1:colcon.colcon_core.package_identification:_identify(src/cpp_node/include) by extension 'ignore'
[1.079s] Level 1:colcon.colcon_core.package_identification:_identify(src/cpp_node/include) by extension 'ignore_ament_install'
[1.079s] Level 1:colcon.colcon_core.package_identification:_identify(src/cpp_node/include) by extensions ['colcon_pkg']
[1.079s] Level 1:colcon.colcon_core.package_identification:_identify(src/cpp_node/include) by extension 'colcon_pkg'
[1.079s] Level 1:colcon.colcon_core.package_identification:_identify(src/cpp_node/include) by extensions ['colcon_meta']
[1.079s] Level 1:colcon.colcon_core.package_identification:_identify(src/cpp_node/include) by extension 'colcon_meta'
[1.079s] Level 1:colcon.colcon_core.package_identification:_identify(src/cpp_node/include) by extensions ['ros']
[1.079s] Level 1:colcon.colcon_core.package_identification:_identify(src/cpp_node/include) by extension 'ros'
[1.079s] Level 1:colcon.colcon_core.package_identification:_identify(src/cpp_node/include) by extensions ['cmake', 'python']
[1.079s] Level 1:colcon.colcon_core.package_identification:_identify(src/cpp_node/include) by extension 'cmake'
[1.080s] Level 1:colcon.colcon_core.package_identification:_identify(src/cpp_node/include) by extension 'python'
[1.080s] Level 1:colcon.colcon_core.package_identification:_identify(src/cpp_node/include) by extensions ['python_setup_py']
[1.080s] Level 1:colcon.colcon_core.package_identification:_identify(src/cpp_node/include) by extension 'python_setup_py'
[1.080s] Level 1:colcon.colcon_core.package_identification:_identify(src/cpp_node/include/cpp_node) by extensions ['ignore', 'ignore_ament_install']
[1.080s] Level 1:colcon.colcon_core.package_identification:_identify(src/cpp_node/include/cpp_node) by extension 'ignore'
[1.080s] Level 1:colcon.colcon_core.package_identification:_identify(src/cpp_node/include/cpp_node) by extension 'ignore_ament_install'
[1.080s] Level 1:colcon.colcon_core.package_identification:_identify(src/cpp_node/include/cpp_node) by extensions ['colcon_pkg']
[1.080s] Level 1:colcon.colcon_core.package_identification:_identify(src/cpp_node/include/cpp_node) by extension 'colcon_pkg'
[1.080s] Level 1:colcon.colcon_core.package_identification:_identify(src/cpp_node/include/cpp_node) by extensions ['colcon_meta']
[1.080s] Level 1:colcon.colcon_core.package_identification:_identify(src/cpp_node/include/cpp_node) by extension 'colcon_meta'
[1.080s] Level 1:colcon.colcon_core.package_identification:_identify(src/cpp_node/include/cpp_node) by extensions ['ros']
[1.080s] Level 1:colcon.colcon_core.package_identification:_identify(src/cpp_node/include/cpp_node) by extension 'ros'
[1.081s] Level 1:colcon.colcon_core.package_identification:_identify(src/cpp_node/include/cpp_node) by extensions ['cmake', 'python']
[1.081s] Level 1:colcon.colcon_core.package_identification:_identify(src/cpp_node/include/cpp_node) by extension 'cmake'
[1.081s] Level 1:colcon.colcon_core.package_identification:_identify(src/cpp_node/include/cpp_node) by extension 'python'
[1.081s] Level 1:colcon.colcon_core.package_identification:_identify(src/cpp_node/include/cpp_node) by extensions ['python_setup_py']
[1.081s] Level 1:colcon.colcon_core.package_identification:_identify(src/cpp_node/include/cpp_node) by extension 'python_setup_py'
[1.081s] Level 1:colcon.colcon_core.package_identification:_identify(src/cpp_node/src) by extensions ['ignore', 'ignore_ament_install']
[1.081s] Level 1:colcon.colcon_core.package_identification:_identify(src/cpp_node/src) by extension 'ignore'
[1.081s] Level 1:colcon.colcon_core.package_identification:_identify(src/cpp_node/src) by extension 'ignore_ament_install'
[1.081s] Level 1:colcon.colcon_core.package_identification:_identify(src/cpp_node/src) by extensions ['colcon_pkg']
[1.081s] Level 1:colcon.colcon_core.package_identification:_identify(src/cpp_node/src) by extension 'colcon_pkg'
[1.081s] Level 1:colcon.colcon_core.package_identification:_identify(src/cpp_node/src) by extensions ['colcon_meta']
[1.081s] Level 1:colcon.colcon_core.package_identification:_identify(src/cpp_node/src) by extension 'colcon_meta'
[1.081s] Level 1:colcon.colcon_core.package_identification:_identify(src/cpp_node/src) by extensions ['ros']
[1.081s] Level 1:colcon.colcon_core.package_identification:_identify(src/cpp_node/src) by extension 'ros'
[1.082s] Level 1:colcon.colcon_core.package_identification:_identify(src/cpp_node/src) by extensions ['cmake', 'python']
[1.082s] Level 1:colcon.colcon_core.package_identification:_identify(src/cpp_node/src) by extension 'cmake'
[1.082s] Level 1:colcon.colcon_core.package_identification:_identify(src/cpp_node/src) by extension 'python'
[1.082s] Level 1:colcon.colcon_core.package_identification:_identify(src/cpp_node/src) by extensions ['python_setup_py']
[1.082s] Level 1:colcon.colcon_core.package_identification:_identify(src/cpp_node/src) by extension 'python_setup_py'
[1.082s] Level 1:colcon.colcon_core.package_identification:_identify(src/turtle_demo_controller) by extensions ['ignore', 'ignore_ament_install']
[1.082s] Level 1:colcon.colcon_core.package_identification:_identify(src/turtle_demo_controller) by extension 'ignore'
[1.082s] Level 1:colcon.colcon_core.package_identification:_identify(src/turtle_demo_controller) by extension 'ignore_ament_install'
[1.082s] Level 1:colcon.colcon_core.package_identification:_identify(src/turtle_demo_controller) by extensions ['colcon_pkg']
[1.082s] Level 1:colcon.colcon_core.package_identification:_identify(src/turtle_demo_controller) by extension 'colcon_pkg'
[1.082s] Level 1:colcon.colcon_core.package_identification:_identify(src/turtle_demo_controller) by extensions ['colcon_meta']
[1.082s] Level 1:colcon.colcon_core.package_identification:_identify(src/turtle_demo_controller) by extension 'colcon_meta'
[1.082s] Level 1:colcon.colcon_core.package_identification:_identify(src/turtle_demo_controller) by extensions ['ros']
[1.082s] Level 1:colcon.colcon_core.package_identification:_identify(src/turtle_demo_controller) by extension 'ros'
[1.131s] DEBUG:colcon.colcon_core.package_identification:Package 'src/turtle_demo_controller' with type 'ros.ament_python' and name 'turtle_demo_controller'
[1.131s] Level 1:colcon.colcon_core.package_discovery:discover_packages(recursive) using defaults
[1.131s] Level 1:colcon.colcon_core.package_discovery:discover_packages(ignore) discover
[1.131s] Level 1:colcon.colcon_core.package_discovery:discover_packages(ignore) using defaults
[1.131s] Level 1:colcon.colcon_core.package_discovery:discover_packages(path) discover
[1.131s] Level 1:colcon.colcon_core.package_discovery:discover_packages(path) using defaults
[1.270s] Level 1:colcon.colcon_core.package_discovery:discover_packages(prefix_path) check parameters
[1.270s] Level 1:colcon.colcon_core.package_discovery:discover_packages(prefix_path) discover
[1.273s] DEBUG:colcon.colcon_installed_package_information.package_discovery:Found 1 installed packages in /home/thedush/ROS2_turtlesim_PID_demo/install
[1.275s] DEBUG:colcon.colcon_installed_package_information.package_discovery:Found 380 installed packages in /opt/ros/humble
[1.279s] Level 1:colcon.colcon_core.package_discovery:discover_packages(prefix_path) using defaults
[1.375s] Level 5:colcon.colcon_core.verb:set package 'turtle_demo_controller' build argument 'cmake_args' from command line to 'None'
[1.375s] Level 5:colcon.colcon_core.verb:set package 'turtle_demo_controller' build argument 'cmake_target' from command line to 'None'
[1.375s] Level 5:colcon.colcon_core.verb:set package 'turtle_demo_controller' build argument 'cmake_target_skip_unavailable' from command line to 'False'
[1.375s] Level 5:colcon.colcon_core.verb:set package 'turtle_demo_controller' build argument 'cmake_clean_cache' from command line to 'False'
[1.375s] Level 5:colcon.colcon_core.verb:set package 'turtle_demo_controller' build argument 'cmake_clean_first' from command line to 'False'
[1.375s] Level 5:colcon.colcon_core.verb:set package 'turtle_demo_controller' build argument 'cmake_force_configure' from command line to 'False'
[1.375s] Level 5:colcon.colcon_core.verb:set package 'turtle_demo_controller' build argument 'ament_cmake_args' from command line to 'None'
[1.375s] Level 5:colcon.colcon_core.verb:set package 'turtle_demo_controller' build argument 'catkin_cmake_args' from command line to 'None'
[1.375s] Level 5:colcon.colcon_core.verb:set package 'turtle_demo_controller' build argument 'catkin_skip_building_tests' from command line to 'False'
[1.375s] DEBUG:colcon.colcon_core.verb:Building package 'turtle_demo_controller' with the following arguments: {'ament_cmake_args': None, 'build_base': '/home/thedush/ROS2_turtlesim_PID_demo/build/turtle_demo_controller', 'catkin_cmake_args': None, 'catkin_skip_building_tests': False, 'cmake_args': None, 'cmake_clean_cache': False, 'cmake_clean_first': False, 'cmake_force_configure': False, 'cmake_target': None, 'cmake_target_skip_unavailable': False, 'install_base': '/home/thedush/ROS2_turtlesim_PID_demo/install/turtle_demo_controller', 'merge_install': False, 'path': '/home/thedush/ROS2_turtlesim_PID_demo/src/turtle_demo_controller', 'symlink_install': False, 'test_result_base': None}
[1.376s] INFO:colcon.colcon_core.executor:Executing jobs using 'parallel' executor
[1.378s] DEBUG:colcon.colcon_parallel_executor.executor.parallel:run_until_complete
[1.378s] INFO:colcon.colcon_ros.task.ament_python.build:Building ROS package in '/home/thedush/ROS2_turtlesim_PID_demo/src/turtle_demo_controller' with build type 'ament_python'
[1.378s] Level 1:colcon.colcon_core.shell:create_environment_hook('turtle_demo_controller', 'ament_prefix_path')
[1.515s] INFO:colcon.colcon_core.plugin_system:Skipping extension 'colcon_core.shell.bat': Not used on non-Windows systems
[1.515s] INFO:colcon.colcon_core.shell:Creating environment hook '/home/thedush/ROS2_turtlesim_PID_demo/install/turtle_demo_controller/share/turtle_demo_controller/hook/ament_prefix_path.ps1'
[1.516s] INFO:colcon.colcon_core.shell:Creating environment descriptor '/home/thedush/ROS2_turtlesim_PID_demo/install/turtle_demo_controller/share/turtle_demo_controller/hook/ament_prefix_path.dsv'
[1.516s] INFO:colcon.colcon_core.shell:Creating environment hook '/home/thedush/ROS2_turtlesim_PID_demo/install/turtle_demo_controller/share/turtle_demo_controller/hook/ament_prefix_path.sh'
[1.518s] INFO:colcon.colcon_core.shell:Skip shell extension 'powershell' for command environment: Not usable outside of PowerShell
[1.518s] DEBUG:colcon.colcon_core.shell:Skip shell extension 'dsv' for command environment
[1.990s] INFO:colcon.colcon_core.task.python.build:Building Python package in '/home/thedush/ROS2_turtlesim_PID_demo/src/turtle_demo_controller'
[1.991s] INFO:colcon.colcon_core.shell:Skip shell extension 'powershell' for command environment: Not usable outside of PowerShell
[1.991s] DEBUG:colcon.colcon_core.shell:Skip shell extension 'dsv' for command environment
[3.114s] DEBUG:colcon.colcon_core.event_handler.log_command:Invoking command in '/home/thedush/ROS2_turtlesim_PID_demo/src/turtle_demo_controller': PYTHONPATH=/home/thedush/ROS2_turtlesim_PID_demo/build/turtle_demo_controller/prefix_override:/home/thedush/ROS2_turtlesim_PID_demo/install/turtle_demo_controller/lib/python3.10/site-packages:${PYTHONPATH} /usr/bin/python3 -W ignore:setup.py install is deprecated setup.py egg_info --egg-base ../../build/turtle_demo_controller build --build-base /home/thedush/ROS2_turtlesim_PID_demo/build/turtle_demo_controller/build install --record /home/thedush/ROS2_turtlesim_PID_demo/build/turtle_demo_controller/install.log --single-version-externally-managed install_data
[3.586s] DEBUG:colcon.colcon_core.event_handler.log_command:Invoked command in '/home/thedush/ROS2_turtlesim_PID_demo/src/turtle_demo_controller' returned '0': PYTHONPATH=/home/thedush/ROS2_turtlesim_PID_demo/build/turtle_demo_controller/prefix_override:/home/thedush/ROS2_turtlesim_PID_demo/install/turtle_demo_controller/lib/python3.10/site-packages:${PYTHONPATH} /usr/bin/python3 -W ignore:setup.py install is deprecated setup.py egg_info --egg-base ../../build/turtle_demo_controller build --build-base /home/thedush/ROS2_turtlesim_PID_demo/build/turtle_demo_controller/build install --record /home/thedush/ROS2_turtlesim_PID_demo/build/turtle_demo_controller/install.log --single-version-externally-managed install_data
[3.674s] Level 1:colcon.colcon_core.environment:checking '/home/thedush/ROS2_turtlesim_PID_demo/install/turtle_demo_controller' for CMake module files
[3.675s] Level 1:colcon.colcon_core.environment:checking '/home/thedush/ROS2_turtlesim_PID_demo/install/turtle_demo_controller' for CMake config files
[3.676s] Level 1:colcon.colcon_core.environment:checking '/home/thedush/ROS2_turtlesim_PID_demo/install/turtle_demo_controller/lib'
[3.676s] Level 1:colcon.colcon_core.environment:checking '/home/thedush/ROS2_turtlesim_PID_demo/install/turtle_demo_controller/bin'
[3.676s] Level 1:colcon.colcon_core.environment:checking '/home/thedush/ROS2_turtlesim_PID_demo/install/turtle_demo_controller/lib/pkgconfig/turtle_demo_controller.pc'
[3.679s] Level 1:colcon.colcon_core.environment:checking '/home/thedush/ROS2_turtlesim_PID_demo/install/turtle_demo_controller/lib/python3.10/site-packages'
[3.679s] Level 1:colcon.colcon_core.shell:create_environment_hook('turtle_demo_controller', 'pythonpath')
[3.679s] INFO:colcon.colcon_core.shell:Creating environment hook '/home/thedush/ROS2_turtlesim_PID_demo/install/turtle_demo_controller/share/turtle_demo_controller/hook/pythonpath.ps1'
[3.680s] INFO:colcon.colcon_core.shell:Creating environment descriptor '/home/thedush/ROS2_turtlesim_PID_demo/install/turtle_demo_controller/share/turtle_demo_controller/hook/pythonpath.dsv'
[3.680s] INFO:colcon.colcon_core.shell:Creating environment hook '/home/thedush/ROS2_turtlesim_PID_demo/install/turtle_demo_controller/share/turtle_demo_controller/hook/pythonpath.sh'
[3.681s] Level 1:colcon.colcon_core.environment:checking '/home/thedush/ROS2_turtlesim_PID_demo/install/turtle_demo_controller/bin'
[3.681s] Level 1:colcon.colcon_core.environment:create_environment_scripts_only(turtle_demo_controller)
[3.682s] INFO:colcon.colcon_core.shell:Creating package script '/home/thedush/ROS2_turtlesim_PID_demo/install/turtle_demo_controller/share/turtle_demo_controller/package.ps1'
[3.754s] INFO:colcon.colcon_core.shell:Creating package descriptor '/home/thedush/ROS2_turtlesim_PID_demo/install/turtle_demo_controller/share/turtle_demo_controller/package.dsv'
[3.809s] INFO:colcon.colcon_core.shell:Creating package script '/home/thedush/ROS2_turtlesim_PID_demo/install/turtle_demo_controller/share/turtle_demo_controller/package.sh'
[3.810s] INFO:colcon.colcon_core.shell:Creating package script '/home/thedush/ROS2_turtlesim_PID_demo/install/turtle_demo_controller/share/turtle_demo_controller/package.bash'
[3.829s] INFO:colcon.colcon_core.shell:Creating package script '/home/thedush/ROS2_turtlesim_PID_demo/install/turtle_demo_controller/share/turtle_demo_controller/package.zsh'
[3.830s] Level 1:colcon.colcon_core.environment:create_file_with_runtime_dependencies(/home/thedush/ROS2_turtlesim_PID_demo/install/turtle_demo_controller/share/colcon-core/packages/turtle_demo_controller)
[3.831s] DEBUG:colcon.colcon_parallel_executor.executor.parallel:closing loop
[3.838s] DEBUG:colcon.colcon_parallel_executor.executor.parallel:loop closed
[3.838s] DEBUG:colcon.colcon_parallel_executor.executor.parallel:run_until_complete finished with '0'
[3.838s] DEBUG:colcon.colcon_core.event_reactor:joining thread
[4.032s] INFO:colcon.colcon_core.plugin_system:Skipping extension 'colcon_notification.desktop_notification.terminal_notifier': Not used on non-Darwin systems
[4.032s] INFO:colcon.colcon_core.plugin_system:Skipping extension 'colcon_notification.desktop_notification.win32': Not used on non-Windows systems
[4.032s] INFO:colcon.colcon_notification.desktop_notification:Sending desktop notification using 'notify2'
[4.054s] DEBUG:colcon.colcon_core.event_reactor:joined thread
[4.054s] INFO:colcon.colcon_core.shell:Creating prefix script '/home/thedush/ROS2_turtlesim_PID_demo/install/local_setup.ps1'
[4.055s] INFO:colcon.colcon_core.shell:Creating prefix util module '/home/thedush/ROS2_turtlesim_PID_demo/install/_local_setup_util_ps1.py'
[4.057s] INFO:colcon.colcon_core.shell:Creating prefix chain script '/home/thedush/ROS2_turtlesim_PID_demo/install/setup.ps1'
[4.059s] INFO:colcon.colcon_core.shell:Creating prefix script '/home/thedush/ROS2_turtlesim_PID_demo/install/local_setup.sh'
[4.060s] INFO:colcon.colcon_core.shell:Creating prefix util module '/home/thedush/ROS2_turtlesim_PID_demo/install/_local_setup_util_sh.py'
[4.060s] INFO:colcon.colcon_core.shell:Creating prefix chain script '/home/thedush/ROS2_turtlesim_PID_demo/install/setup.sh'
[4.062s] INFO:colcon.colcon_core.shell:Creating prefix script '/home/thedush/ROS2_turtlesim_PID_demo/install/local_setup.bash'
[4.062s] INFO:colcon.colcon_core.shell:Creating prefix chain script '/home/thedush/ROS2_turtlesim_PID_demo/install/setup.bash'
[4.064s] INFO:colcon.colcon_core.shell:Creating prefix script '/home/thedush/ROS2_turtlesim_PID_demo/install/local_setup.zsh'
[4.080s] INFO:colcon.colcon_core.shell:Creating prefix chain script '/home/thedush/ROS2_turtlesim_PID_demo/install/setup.zsh'
