[0.028s] Invoking command in '/home/thedush/ROS2_turtlesim_PID_demo/build/cpp_node': CMAKE_PREFIX_PATH=${CMAKE_PREFIX_PATH}:/home/thedush/ROS2_turtlesim_PID_demo/install/turtle_demo_controller:/opt/ros/humble /usr/bin/cmake --build /home/thedush/ROS2_turtlesim_PID_demo/build/cpp_node -- -j8 -l8
[0.108s] [  3%] Built target cpp_node__cpp
[0.159s] [  3%] Built target ament_cmake_python_copy_cpp_node
[0.184s] [ 12%] Built target cpp_node__rosidl_typesupport_introspection_cpp
[0.543s] running egg_info
[0.543s] writing cpp_node.egg-info/PKG-INFO
[0.543s] writing dependency_links to cpp_node.egg-info/dependency_links.txt
[0.543s] writing top-level names to cpp_node.egg-info/top_level.txt
[0.546s] reading manifest file 'cpp_node.egg-info/SOURCES.txt'
[0.547s] writing manifest file 'cpp_node.egg-info/SOURCES.txt'
[0.591s] [ 12%] Built target ament_cmake_python_build_cpp_node_egg
[0.627s] [ 22%] Built target cpp_node__rosidl_typesupport_fastrtps_cpp
[0.663s] [ 32%] Built target cpp_node__rosidl_typesupport_cpp
[0.701s] [ 41%] Built target cpp_node__rosidl_generator_c
[0.732s] [ 51%] Built target cpp_node__rosidl_typesupport_fastrtps_c
[0.765s] [ 61%] Built target cpp_node__rosidl_typesupport_c
[0.792s] [ 70%] Built target cpp_node__rosidl_typesupport_introspection_c
[0.817s] [ 70%] Built target cpp_node
[0.841s] [ 74%] Built target cpp_node__py
[0.884s] [ 80%] Built target cpp_node__rosidl_generator_py
[0.917s] [ 87%] Built target cpp_node__rosidl_typesupport_fastrtps_c__pyext
[0.952s] [ 93%] Built target cpp_node__rosidl_typesupport_c__pyext
[1.004s] [100%] Built target cpp_node__rosidl_typesupport_introspection_c__pyext
[1.018s] Invoked command in '/home/thedush/ROS2_turtlesim_PID_demo/build/cpp_node' returned '0': CMAKE_PREFIX_PATH=${CMAKE_PREFIX_PATH}:/home/thedush/ROS2_turtlesim_PID_demo/install/turtle_demo_controller:/opt/ros/humble /usr/bin/cmake --build /home/thedush/ROS2_turtlesim_PID_demo/build/cpp_node -- -j8 -l8
[1.105s] Invoking command in '/home/thedush/ROS2_turtlesim_PID_demo/build/cpp_node': CMAKE_PREFIX_PATH=${CMAKE_PREFIX_PATH}:/home/thedush/ROS2_turtlesim_PID_demo/install/turtle_demo_controller:/opt/ros/humble /usr/bin/cmake --install /home/thedush/ROS2_turtlesim_PID_demo/build/cpp_node
[1.121s] -- Install configuration: ""
[1.121s] -- Up-to-date: /home/thedush/ROS2_turtlesim_PID_demo/install/cpp_node/share/ament_index/resource_index/rosidl_interfaces/cpp_node
[1.122s] -- Up-to-date: /home/thedush/ROS2_turtlesim_PID_demo/install/cpp_node/include/cpp_node/cpp_node
[1.122s] -- Up-to-date: /home/thedush/ROS2_turtlesim_PID_demo/install/cpp_node/include/cpp_node/cpp_node/msg
[1.123s] -- Up-to-date: /home/thedush/ROS2_turtlesim_PID_demo/install/cpp_node/include/cpp_node/cpp_node/msg/rosidl_generator_c__visibility_control.h
[1.123s] -- Up-to-date: /home/thedush/ROS2_turtlesim_PID_demo/install/cpp_node/include/cpp_node/cpp_node/action
[1.123s] -- Up-to-date: /home/thedush/ROS2_turtlesim_PID_demo/install/cpp_node/include/cpp_node/cpp_node/action/detail
[1.123s] -- Up-to-date: /home/thedush/ROS2_turtlesim_PID_demo/install/cpp_node/include/cpp_node/cpp_node/action/detail/go_to_pose__struct.h
[1.123s] -- Up-to-date: /home/thedush/ROS2_turtlesim_PID_demo/install/cpp_node/include/cpp_node/cpp_node/action/detail/go_to_pose__functions.c
[1.123s] -- Up-to-date: /home/thedush/ROS2_turtlesim_PID_demo/install/cpp_node/include/cpp_node/cpp_node/action/detail/go_to_pose__type_support.h
[1.123s] -- Up-to-date: /home/thedush/ROS2_turtlesim_PID_demo/install/cpp_node/include/cpp_node/cpp_node/action/detail/go_to_pose__functions.h
[1.124s] -- Up-to-date: /home/thedush/ROS2_turtlesim_PID_demo/install/cpp_node/include/cpp_node/cpp_node/action/go_to_pose.h
[1.124s] -- Up-to-date: /home/thedush/ROS2_turtlesim_PID_demo/install/cpp_node/share/cpp_node/environment/library_path.sh
[1.124s] -- Up-to-date: /home/thedush/ROS2_turtlesim_PID_demo/install/cpp_node/share/cpp_node/environment/library_path.dsv
[1.124s] -- Up-to-date: /home/thedush/ROS2_turtlesim_PID_demo/install/cpp_node/lib/libcpp_node__rosidl_generator_c.so
[1.125s] -- Up-to-date: /home/thedush/ROS2_turtlesim_PID_demo/install/cpp_node/include/cpp_node/cpp_node
[1.125s] -- Up-to-date: /home/thedush/ROS2_turtlesim_PID_demo/install/cpp_node/include/cpp_node/cpp_node/msg
[1.125s] -- Up-to-date: /home/thedush/ROS2_turtlesim_PID_demo/install/cpp_node/include/cpp_node/cpp_node/msg/rosidl_typesupport_fastrtps_c__visibility_control.h
[1.125s] -- Up-to-date: /home/thedush/ROS2_turtlesim_PID_demo/install/cpp_node/include/cpp_node/cpp_node/action
[1.125s] -- Up-to-date: /home/thedush/ROS2_turtlesim_PID_demo/install/cpp_node/include/cpp_node/cpp_node/action/detail
[1.125s] -- Up-to-date: /home/thedush/ROS2_turtlesim_PID_demo/install/cpp_node/include/cpp_node/cpp_node/action/detail/go_to_pose__rosidl_typesupport_fastrtps_c.h
[1.126s] -- Up-to-date: /home/thedush/ROS2_turtlesim_PID_demo/install/cpp_node/lib/libcpp_node__rosidl_typesupport_fastrtps_c.so
[1.126s] -- Up-to-date: /home/thedush/ROS2_turtlesim_PID_demo/install/cpp_node/include/cpp_node/cpp_node
[1.126s] -- Up-to-date: /home/thedush/ROS2_turtlesim_PID_demo/install/cpp_node/include/cpp_node/cpp_node/action
[1.126s] -- Up-to-date: /home/thedush/ROS2_turtlesim_PID_demo/install/cpp_node/include/cpp_node/cpp_node/action/detail
[1.127s] -- Up-to-date: /home/thedush/ROS2_turtlesim_PID_demo/install/cpp_node/include/cpp_node/cpp_node/action/detail/go_to_pose__struct.hpp
[1.127s] -- Up-to-date: /home/thedush/ROS2_turtlesim_PID_demo/install/cpp_node/include/cpp_node/cpp_node/action/detail/go_to_pose__traits.hpp
[1.127s] -- Up-to-date: /home/thedush/ROS2_turtlesim_PID_demo/install/cpp_node/include/cpp_node/cpp_node/action/detail/go_to_pose__builder.hpp
[1.127s] -- Up-to-date: /home/thedush/ROS2_turtlesim_PID_demo/install/cpp_node/include/cpp_node/cpp_node/action/go_to_pose.hpp
[1.127s] -- Up-to-date: /home/thedush/ROS2_turtlesim_PID_demo/install/cpp_node/include/cpp_node/cpp_node
[1.128s] -- Up-to-date: /home/thedush/ROS2_turtlesim_PID_demo/install/cpp_node/include/cpp_node/cpp_node/msg
[1.128s] -- Up-to-date: /home/thedush/ROS2_turtlesim_PID_demo/install/cpp_node/include/cpp_node/cpp_node/msg/rosidl_typesupport_fastrtps_cpp__visibility_control.h
[1.128s] -- Up-to-date: /home/thedush/ROS2_turtlesim_PID_demo/install/cpp_node/include/cpp_node/cpp_node/action
[1.128s] -- Up-to-date: /home/thedush/ROS2_turtlesim_PID_demo/install/cpp_node/include/cpp_node/cpp_node/action/detail
[1.128s] -- Up-to-date: /home/thedush/ROS2_turtlesim_PID_demo/install/cpp_node/include/cpp_node/cpp_node/action/detail/dds_fastrtps
[1.129s] -- Up-to-date: /home/thedush/ROS2_turtlesim_PID_demo/install/cpp_node/include/cpp_node/cpp_node/action/detail/go_to_pose__rosidl_typesupport_fastrtps_cpp.hpp
[1.129s] -- Up-to-date: /home/thedush/ROS2_turtlesim_PID_demo/install/cpp_node/lib/libcpp_node__rosidl_typesupport_fastrtps_cpp.so
[1.129s] -- Up-to-date: /home/thedush/ROS2_turtlesim_PID_demo/install/cpp_node/include/cpp_node/cpp_node
[1.130s] -- Up-to-date: /home/thedush/ROS2_turtlesim_PID_demo/install/cpp_node/include/cpp_node/cpp_node/msg
[1.131s] -- Up-to-date: /home/thedush/ROS2_turtlesim_PID_demo/install/cpp_node/include/cpp_node/cpp_node/msg/rosidl_typesupport_introspection_c__visibility_control.h
[1.131s] -- Up-to-date: /home/thedush/ROS2_turtlesim_PID_demo/install/cpp_node/include/cpp_node/cpp_node/action
[1.131s] -- Up-to-date: /home/thedush/ROS2_turtlesim_PID_demo/install/cpp_node/include/cpp_node/cpp_node/action/detail
[1.131s] -- Up-to-date: /home/thedush/ROS2_turtlesim_PID_demo/install/cpp_node/include/cpp_node/cpp_node/action/detail/go_to_pose__type_support.c
[1.132s] -- Up-to-date: /home/thedush/ROS2_turtlesim_PID_demo/install/cpp_node/include/cpp_node/cpp_node/action/detail/go_to_pose__rosidl_typesupport_introspection_c.h
[1.132s] -- Up-to-date: /home/thedush/ROS2_turtlesim_PID_demo/install/cpp_node/lib/libcpp_node__rosidl_typesupport_introspection_c.so
[1.132s] -- Up-to-date: /home/thedush/ROS2_turtlesim_PID_demo/install/cpp_node/lib/libcpp_node__rosidl_typesupport_c.so
[1.132s] -- Up-to-date: /home/thedush/ROS2_turtlesim_PID_demo/install/cpp_node/include/cpp_node/cpp_node
[1.132s] -- Up-to-date: /home/thedush/ROS2_turtlesim_PID_demo/install/cpp_node/include/cpp_node/cpp_node/action
[1.132s] -- Up-to-date: /home/thedush/ROS2_turtlesim_PID_demo/install/cpp_node/include/cpp_node/cpp_node/action/detail
[1.133s] -- Up-to-date: /home/thedush/ROS2_turtlesim_PID_demo/install/cpp_node/include/cpp_node/cpp_node/action/detail/go_to_pose__rosidl_typesupport_introspection_cpp.hpp
[1.133s] -- Up-to-date: /home/thedush/ROS2_turtlesim_PID_demo/install/cpp_node/include/cpp_node/cpp_node/action/detail/go_to_pose__type_support.cpp
[1.133s] -- Up-to-date: /home/thedush/ROS2_turtlesim_PID_demo/install/cpp_node/lib/libcpp_node__rosidl_typesupport_introspection_cpp.so
[1.133s] -- Up-to-date: /home/thedush/ROS2_turtlesim_PID_demo/install/cpp_node/lib/libcpp_node__rosidl_typesupport_cpp.so
[1.133s] -- Up-to-date: /home/thedush/ROS2_turtlesim_PID_demo/install/cpp_node/share/cpp_node/environment/pythonpath.sh
[1.133s] -- Up-to-date: /home/thedush/ROS2_turtlesim_PID_demo/install/cpp_node/share/cpp_node/environment/pythonpath.dsv
[1.133s] -- Up-to-date: /home/thedush/ROS2_turtlesim_PID_demo/install/cpp_node/local/lib/python3.10/dist-packages/cpp_node-0.0.0-py3.10.egg-info
[1.136s] -- Installing: /home/thedush/ROS2_turtlesim_PID_demo/install/cpp_node/local/lib/python3.10/dist-packages/cpp_node-0.0.0-py3.10.egg-info/top_level.txt
[1.136s] -- Installing: /home/thedush/ROS2_turtlesim_PID_demo/install/cpp_node/local/lib/python3.10/dist-packages/cpp_node-0.0.0-py3.10.egg-info/PKG-INFO
[1.136s] -- Installing: /home/thedush/ROS2_turtlesim_PID_demo/install/cpp_node/local/lib/python3.10/dist-packages/cpp_node-0.0.0-py3.10.egg-info/dependency_links.txt
[1.136s] -- Installing: /home/thedush/ROS2_turtlesim_PID_demo/install/cpp_node/local/lib/python3.10/dist-packages/cpp_node-0.0.0-py3.10.egg-info/SOURCES.txt
[1.136s] -- Up-to-date: /home/thedush/ROS2_turtlesim_PID_demo/install/cpp_node/local/lib/python3.10/dist-packages/cpp_node
[1.137s] -- Up-to-date: /home/thedush/ROS2_turtlesim_PID_demo/install/cpp_node/local/lib/python3.10/dist-packages/cpp_node/_cpp_node_s.ep.rosidl_typesupport_fastrtps_c.c
[1.137s] -- Up-to-date: /home/thedush/ROS2_turtlesim_PID_demo/install/cpp_node/local/lib/python3.10/dist-packages/cpp_node/__init__.py
[1.137s] -- Up-to-date: /home/thedush/ROS2_turtlesim_PID_demo/install/cpp_node/local/lib/python3.10/dist-packages/cpp_node/cpp_node_s__rosidl_typesupport_fastrtps_c.cpython-310-x86_64-linux-gnu.so
[1.137s] -- Up-to-date: /home/thedush/ROS2_turtlesim_PID_demo/install/cpp_node/local/lib/python3.10/dist-packages/cpp_node/cpp_node_s__rosidl_typesupport_c.cpython-310-x86_64-linux-gnu.so
[1.137s] -- Up-to-date: /home/thedush/ROS2_turtlesim_PID_demo/install/cpp_node/local/lib/python3.10/dist-packages/cpp_node/cpp_node_s__rosidl_typesupport_introspection_c.cpython-310-x86_64-linux-gnu.so
[1.137s] -- Up-to-date: /home/thedush/ROS2_turtlesim_PID_demo/install/cpp_node/local/lib/python3.10/dist-packages/cpp_node/libcpp_node__rosidl_generator_py.so
[1.137s] -- Up-to-date: /home/thedush/ROS2_turtlesim_PID_demo/install/cpp_node/local/lib/python3.10/dist-packages/cpp_node/_cpp_node_s.ep.rosidl_typesupport_introspection_c.c
[1.137s] -- Up-to-date: /home/thedush/ROS2_turtlesim_PID_demo/install/cpp_node/local/lib/python3.10/dist-packages/cpp_node/action
[1.137s] -- Up-to-date: /home/thedush/ROS2_turtlesim_PID_demo/install/cpp_node/local/lib/python3.10/dist-packages/cpp_node/action/__init__.py
[1.137s] -- Up-to-date: /home/thedush/ROS2_turtlesim_PID_demo/install/cpp_node/local/lib/python3.10/dist-packages/cpp_node/action/_go_to_pose.py
[1.137s] -- Up-to-date: /home/thedush/ROS2_turtlesim_PID_demo/install/cpp_node/local/lib/python3.10/dist-packages/cpp_node/action/_go_to_pose_s.c
[1.137s] -- Up-to-date: /home/thedush/ROS2_turtlesim_PID_demo/install/cpp_node/local/lib/python3.10/dist-packages/cpp_node/_cpp_node_s.ep.rosidl_typesupport_c.c
[1.189s] Listing '/home/thedush/ROS2_turtlesim_PID_demo/install/cpp_node/local/lib/python3.10/dist-packages/cpp_node'...
[1.189s] Listing '/home/thedush/ROS2_turtlesim_PID_demo/install/cpp_node/local/lib/python3.10/dist-packages/cpp_node/action'...
[1.193s] -- Up-to-date: /home/thedush/ROS2_turtlesim_PID_demo/install/cpp_node/local/lib/python3.10/dist-packages/cpp_node/cpp_node_s__rosidl_typesupport_fastrtps_c.cpython-310-x86_64-linux-gnu.so
[1.194s] -- Up-to-date: /home/thedush/ROS2_turtlesim_PID_demo/install/cpp_node/local/lib/python3.10/dist-packages/cpp_node/cpp_node_s__rosidl_typesupport_introspection_c.cpython-310-x86_64-linux-gnu.so
[1.194s] -- Up-to-date: /home/thedush/ROS2_turtlesim_PID_demo/install/cpp_node/local/lib/python3.10/dist-packages/cpp_node/cpp_node_s__rosidl_typesupport_c.cpython-310-x86_64-linux-gnu.so
[1.195s] -- Up-to-date: /home/thedush/ROS2_turtlesim_PID_demo/install/cpp_node/lib/libcpp_node__rosidl_generator_py.so
[1.195s] -- Up-to-date: /home/thedush/ROS2_turtlesim_PID_demo/install/cpp_node/share/cpp_node/action/GoToPose.idl
[1.195s] -- Up-to-date: /home/thedush/ROS2_turtlesim_PID_demo/install/cpp_node/share/cpp_node/action/GoToPose.action
[1.195s] -- Up-to-date: /home/thedush/ROS2_turtlesim_PID_demo/install/cpp_node/share/ament_index/resource_index/package_run_dependencies/cpp_node
[1.195s] -- Up-to-date: /home/thedush/ROS2_turtlesim_PID_demo/install/cpp_node/share/ament_index/resource_index/parent_prefix_path/cpp_node
[1.195s] -- Up-to-date: /home/thedush/ROS2_turtlesim_PID_demo/install/cpp_node/share/cpp_node/environment/ament_prefix_path.sh
[1.195s] -- Up-to-date: /home/thedush/ROS2_turtlesim_PID_demo/install/cpp_node/share/cpp_node/environment/ament_prefix_path.dsv
[1.196s] -- Up-to-date: /home/thedush/ROS2_turtlesim_PID_demo/install/cpp_node/share/cpp_node/environment/path.sh
[1.199s] -- Up-to-date: /home/thedush/ROS2_turtlesim_PID_demo/install/cpp_node/share/cpp_node/environment/path.dsv
[1.199s] -- Up-to-date: /home/thedush/ROS2_turtlesim_PID_demo/install/cpp_node/share/cpp_node/local_setup.bash
[1.199s] -- Up-to-date: /home/thedush/ROS2_turtlesim_PID_demo/install/cpp_node/share/cpp_node/local_setup.sh
[1.199s] -- Up-to-date: /home/thedush/ROS2_turtlesim_PID_demo/install/cpp_node/share/cpp_node/local_setup.zsh
[1.199s] -- Up-to-date: /home/thedush/ROS2_turtlesim_PID_demo/install/cpp_node/share/cpp_node/local_setup.dsv
[1.200s] -- Installing: /home/thedush/ROS2_turtlesim_PID_demo/install/cpp_node/share/cpp_node/package.dsv
[1.200s] -- Up-to-date: /home/thedush/ROS2_turtlesim_PID_demo/install/cpp_node/share/ament_index/resource_index/packages/cpp_node
[1.200s] -- Up-to-date: /home/thedush/ROS2_turtlesim_PID_demo/install/cpp_node/share/cpp_node/cmake/export_cpp_node__rosidl_generator_cExport.cmake
[1.200s] -- Up-to-date: /home/thedush/ROS2_turtlesim_PID_demo/install/cpp_node/share/cpp_node/cmake/export_cpp_node__rosidl_generator_cExport-noconfig.cmake
[1.200s] -- Up-to-date: /home/thedush/ROS2_turtlesim_PID_demo/install/cpp_node/share/cpp_node/cmake/export_cpp_node__rosidl_typesupport_fastrtps_cExport.cmake
[1.200s] -- Up-to-date: /home/thedush/ROS2_turtlesim_PID_demo/install/cpp_node/share/cpp_node/cmake/export_cpp_node__rosidl_typesupport_fastrtps_cExport-noconfig.cmake
[1.200s] -- Up-to-date: /home/thedush/ROS2_turtlesim_PID_demo/install/cpp_node/share/cpp_node/cmake/export_cpp_node__rosidl_generator_cppExport.cmake
[1.200s] -- Up-to-date: /home/thedush/ROS2_turtlesim_PID_demo/install/cpp_node/share/cpp_node/cmake/export_cpp_node__rosidl_typesupport_fastrtps_cppExport.cmake
[1.200s] -- Up-to-date: /home/thedush/ROS2_turtlesim_PID_demo/install/cpp_node/share/cpp_node/cmake/export_cpp_node__rosidl_typesupport_fastrtps_cppExport-noconfig.cmake
[1.200s] -- Up-to-date: /home/thedush/ROS2_turtlesim_PID_demo/install/cpp_node/share/cpp_node/cmake/cpp_node__rosidl_typesupport_introspection_cExport.cmake
[1.201s] -- Up-to-date: /home/thedush/ROS2_turtlesim_PID_demo/install/cpp_node/share/cpp_node/cmake/cpp_node__rosidl_typesupport_introspection_cExport-noconfig.cmake
[1.201s] -- Up-to-date: /home/thedush/ROS2_turtlesim_PID_demo/install/cpp_node/share/cpp_node/cmake/cpp_node__rosidl_typesupport_cExport.cmake
[1.201s] -- Up-to-date: /home/thedush/ROS2_turtlesim_PID_demo/install/cpp_node/share/cpp_node/cmake/cpp_node__rosidl_typesupport_cExport-noconfig.cmake
[1.201s] -- Up-to-date: /home/thedush/ROS2_turtlesim_PID_demo/install/cpp_node/share/cpp_node/cmake/cpp_node__rosidl_typesupport_introspection_cppExport.cmake
[1.201s] -- Up-to-date: /home/thedush/ROS2_turtlesim_PID_demo/install/cpp_node/share/cpp_node/cmake/cpp_node__rosidl_typesupport_introspection_cppExport-noconfig.cmake
[1.201s] -- Up-to-date: /home/thedush/ROS2_turtlesim_PID_demo/install/cpp_node/share/cpp_node/cmake/cpp_node__rosidl_typesupport_cppExport.cmake
[1.201s] -- Up-to-date: /home/thedush/ROS2_turtlesim_PID_demo/install/cpp_node/share/cpp_node/cmake/cpp_node__rosidl_typesupport_cppExport-noconfig.cmake
[1.202s] -- Up-to-date: /home/thedush/ROS2_turtlesim_PID_demo/install/cpp_node/share/cpp_node/cmake/export_cpp_node__rosidl_generator_pyExport.cmake
[1.202s] -- Up-to-date: /home/thedush/ROS2_turtlesim_PID_demo/install/cpp_node/share/cpp_node/cmake/export_cpp_node__rosidl_generator_pyExport-noconfig.cmake
[1.202s] -- Up-to-date: /home/thedush/ROS2_turtlesim_PID_demo/install/cpp_node/share/cpp_node/cmake/rosidl_cmake-extras.cmake
[1.202s] -- Up-to-date: /home/thedush/ROS2_turtlesim_PID_demo/install/cpp_node/share/cpp_node/cmake/ament_cmake_export_dependencies-extras.cmake
[1.202s] -- Up-to-date: /home/thedush/ROS2_turtlesim_PID_demo/install/cpp_node/share/cpp_node/cmake/ament_cmake_export_include_directories-extras.cmake
[1.202s] -- Up-to-date: /home/thedush/ROS2_turtlesim_PID_demo/install/cpp_node/share/cpp_node/cmake/ament_cmake_export_libraries-extras.cmake
[1.202s] -- Up-to-date: /home/thedush/ROS2_turtlesim_PID_demo/install/cpp_node/share/cpp_node/cmake/ament_cmake_export_targets-extras.cmake
[1.202s] -- Up-to-date: /home/thedush/ROS2_turtlesim_PID_demo/install/cpp_node/share/cpp_node/cmake/rosidl_cmake_export_typesupport_targets-extras.cmake
[1.203s] -- Up-to-date: /home/thedush/ROS2_turtlesim_PID_demo/install/cpp_node/share/cpp_node/cmake/rosidl_cmake_export_typesupport_libraries-extras.cmake
[1.203s] -- Up-to-date: /home/thedush/ROS2_turtlesim_PID_demo/install/cpp_node/share/cpp_node/cmake/cpp_nodeConfig.cmake
[1.203s] -- Up-to-date: /home/thedush/ROS2_turtlesim_PID_demo/install/cpp_node/share/cpp_node/cmake/cpp_nodeConfig-version.cmake
[1.207s] -- Up-to-date: /home/thedush/ROS2_turtlesim_PID_demo/install/cpp_node/share/cpp_node/package.xml
[1.207s] Invoked command in '/home/thedush/ROS2_turtlesim_PID_demo/build/cpp_node' returned '0': CMAKE_PREFIX_PATH=${CMAKE_PREFIX_PATH}:/home/thedush/ROS2_turtlesim_PID_demo/install/turtle_demo_controller:/opt/ros/humble /usr/bin/cmake --install /home/thedush/ROS2_turtlesim_PID_demo/build/cpp_node
