[0.149s] DEBUG:colcon:Command line arguments: ['/usr/bin/colcon', 'build']
[0.149s] DEBUG:colcon:Parsed command line arguments: Namespace(log_base=None, log_level=None, verb_name='build', build_base='build', install_base='install', merge_install=False, symlink_install=False, test_result_base=None, continue_on_error=False, executor='parallel', parallel_workers=8, event_handlers=None, ignore_user_meta=False, metas=['./colcon.meta'], base_paths=['.'], packages_ignore=None, packages_ignore_regex=None, paths=None, packages_up_to=None, packages_up_to_regex=None, packages_above=None, packages_above_and_dependencies=None, packages_above_depth=None, packages_select_by_dep=None, packages_skip_by_dep=None, packages_skip_up_to=None, packages_select_build_failed=False, packages_skip_build_finished=False, packages_select_test_failures=False, packages_skip_test_passed=False, packages_select=None, packages_skip=None, packages_select_regex=None, packages_skip_regex=None, packages_start=None, packages_end=None, allow_overriding=[], cmake_args=None, cmake_target=None, cmake_target_skip_unavailable=False, cmake_clean_cache=False, cmake_clean_first=False, cmake_force_configure=False, ament_cmake_args=None, catkin_cmake_args=None, catkin_skip_building_tests=False, mixin_files=None, mixin=None, verb_parser=<colcon_mixin.mixin.mixin_argument.MixinArgumentDecorator object at 0x70532e34f340>, verb_extension=<colcon_core.verb.build.BuildVerb object at 0x70532e34ee90>, main=<bound method BuildVerb.main of <colcon_core.verb.build.BuildVerb object at 0x70532e34ee90>>, mixin_verb=('build',))
[0.421s] Level 1:colcon.colcon_core.package_discovery:discover_packages(colcon_meta) check parameters
[0.421s] Level 1:colcon.colcon_core.package_discovery:discover_packages(recursive) check parameters
[0.421s] Level 1:colcon.colcon_core.package_discovery:discover_packages(ignore) check parameters
[0.421s] Level 1:colcon.colcon_core.package_discovery:discover_packages(path) check parameters
[0.421s] Level 1:colcon.colcon_core.package_discovery:discover_packages(colcon_meta) discover
[0.421s] Level 1:colcon.colcon_core.package_discovery:discover_packages(recursive) discover
[0.422s] INFO:colcon.colcon_core.package_discovery:Crawling recursively for packages in '/home/thedush/ROS2_turtlesim_PID_demo'
[0.422s] Level 1:colcon.colcon_core.package_identification:_identify(.) by extensions ['ignore', 'ignore_ament_install']
[0.422s] Level 1:colcon.colcon_core.package_identification:_identify(.) by extension 'ignore'
[0.422s] Level 1:colcon.colcon_core.package_identification:_identify(.) by extension 'ignore_ament_install'
[0.422s] Level 1:colcon.colcon_core.package_identification:_identify(.) by extensions ['colcon_pkg']
[0.422s] Level 1:colcon.colcon_core.package_identification:_identify(.) by extension 'colcon_pkg'
[0.422s] Level 1:colcon.colcon_core.package_identification:_identify(.) by extensions ['colcon_meta']
[0.422s] Level 1:colcon.colcon_core.package_identification:_identify(.) by extension 'colcon_meta'
[0.422s] Level 1:colcon.colcon_core.package_identification:_identify(.) by extensions ['ros']
[0.422s] Level 1:colcon.colcon_core.package_identification:_identify(.) by extension 'ros'
[0.436s] Level 1:colcon.colcon_core.package_identification:_identify(.) by extensions ['cmake', 'python']
[0.436s] Level 1:colcon.colcon_core.package_identification:_identify(.) by extension 'cmake'
[0.436s] Level 1:colcon.colcon_core.package_identification:_identify(.) by extension 'python'
[0.436s] Level 1:colcon.colcon_core.package_identification:_identify(.) by extensions ['python_setup_py']
[0.436s] Level 1:colcon.colcon_core.package_identification:_identify(.) by extension 'python_setup_py'
[0.436s] Level 1:colcon.colcon_core.package_identification:_identify(build) by extensions ['ignore', 'ignore_ament_install']
[0.436s] Level 1:colcon.colcon_core.package_identification:_identify(build) by extension 'ignore'
[0.436s] Level 1:colcon.colcon_core.package_identification:_identify(build) ignored
[0.436s] Level 1:colcon.colcon_core.package_identification:_identify(install) by extensions ['ignore', 'ignore_ament_install']
[0.436s] Level 1:colcon.colcon_core.package_identification:_identify(install) by extension 'ignore'
[0.436s] Level 1:colcon.colcon_core.package_identification:_identify(install) ignored
[0.436s] Level 1:colcon.colcon_core.package_identification:_identify(log) by extensions ['ignore', 'ignore_ament_install']
[0.437s] Level 1:colcon.colcon_core.package_identification:_identify(log) by extension 'ignore'
[0.437s] Level 1:colcon.colcon_core.package_identification:_identify(log) ignored
[0.437s] Level 1:colcon.colcon_core.package_identification:_identify(src) by extensions ['ignore', 'ignore_ament_install']
[0.437s] Level 1:colcon.colcon_core.package_identification:_identify(src) by extension 'ignore'
[0.437s] Level 1:colcon.colcon_core.package_identification:_identify(src) by extension 'ignore_ament_install'
[0.437s] Level 1:colcon.colcon_core.package_identification:_identify(src) by extensions ['colcon_pkg']
[0.437s] Level 1:colcon.colcon_core.package_identification:_identify(src) by extension 'colcon_pkg'
[0.437s] Level 1:colcon.colcon_core.package_identification:_identify(src) by extensions ['colcon_meta']
[0.437s] Level 1:colcon.colcon_core.package_identification:_identify(src) by extension 'colcon_meta'
[0.437s] Level 1:colcon.colcon_core.package_identification:_identify(src) by extensions ['ros']
[0.437s] Level 1:colcon.colcon_core.package_identification:_identify(src) by extension 'ros'
[0.437s] Level 1:colcon.colcon_core.package_identification:_identify(src) by extensions ['cmake', 'python']
[0.437s] Level 1:colcon.colcon_core.package_identification:_identify(src) by extension 'cmake'
[0.437s] Level 1:colcon.colcon_core.package_identification:_identify(src) by extension 'python'
[0.437s] Level 1:colcon.colcon_core.package_identification:_identify(src) by extensions ['python_setup_py']
[0.437s] Level 1:colcon.colcon_core.package_identification:_identify(src) by extension 'python_setup_py'
[0.437s] Level 1:colcon.colcon_core.package_identification:_identify(src/cpp_node) by extensions ['ignore', 'ignore_ament_install']
[0.437s] Level 1:colcon.colcon_core.package_identification:_identify(src/cpp_node) by extension 'ignore'
[0.437s] Level 1:colcon.colcon_core.package_identification:_identify(src/cpp_node) by extension 'ignore_ament_install'
[0.437s] Level 1:colcon.colcon_core.package_identification:_identify(src/cpp_node) by extensions ['colcon_pkg']
[0.437s] Level 1:colcon.colcon_core.package_identification:_identify(src/cpp_node) by extension 'colcon_pkg'
[0.437s] Level 1:colcon.colcon_core.package_identification:_identify(src/cpp_node) by extensions ['colcon_meta']
[0.437s] Level 1:colcon.colcon_core.package_identification:_identify(src/cpp_node) by extension 'colcon_meta'
[0.438s] Level 1:colcon.colcon_core.package_identification:_identify(src/cpp_node) by extensions ['ros']
[0.438s] Level 1:colcon.colcon_core.package_identification:_identify(src/cpp_node) by extension 'ros'
[0.440s] DEBUG:colcon.colcon_core.package_identification:Package 'src/cpp_node' with type 'ros.ament_cmake' and name 'cpp_node'
[0.440s] Level 1:colcon.colcon_core.package_identification:_identify(src/turtle_demo_controller) by extensions ['ignore', 'ignore_ament_install']
[0.440s] Level 1:colcon.colcon_core.package_identification:_identify(src/turtle_demo_controller) by extension 'ignore'
[0.441s] Level 1:colcon.colcon_core.package_identification:_identify(src/turtle_demo_controller) by extension 'ignore_ament_install'
[0.441s] Level 1:colcon.colcon_core.package_identification:_identify(src/turtle_demo_controller) by extensions ['colcon_pkg']
[0.441s] Level 1:colcon.colcon_core.package_identification:_identify(src/turtle_demo_controller) by extension 'colcon_pkg'
[0.441s] Level 1:colcon.colcon_core.package_identification:_identify(src/turtle_demo_controller) by extensions ['colcon_meta']
[0.441s] Level 1:colcon.colcon_core.package_identification:_identify(src/turtle_demo_controller) by extension 'colcon_meta'
[0.441s] Level 1:colcon.colcon_core.package_identification:_identify(src/turtle_demo_controller) by extensions ['ros']
[0.441s] Level 1:colcon.colcon_core.package_identification:_identify(src/turtle_demo_controller) by extension 'ros'
[0.442s] DEBUG:colcon.colcon_core.package_identification:Package 'src/turtle_demo_controller' with type 'ros.ament_python' and name 'turtle_demo_controller'
[0.442s] Level 1:colcon.colcon_core.package_discovery:discover_packages(recursive) using defaults
[0.442s] Level 1:colcon.colcon_core.package_discovery:discover_packages(ignore) discover
[0.442s] Level 1:colcon.colcon_core.package_discovery:discover_packages(ignore) using defaults
[0.442s] Level 1:colcon.colcon_core.package_discovery:discover_packages(path) discover
[0.442s] Level 1:colcon.colcon_core.package_discovery:discover_packages(path) using defaults
[0.491s] Level 1:colcon.colcon_core.package_discovery:discover_packages(prefix_path) check parameters
[0.491s] Level 1:colcon.colcon_core.package_discovery:discover_packages(prefix_path) discover
[0.494s] DEBUG:colcon.colcon_installed_package_information.package_discovery:Found 2 installed packages in /home/thedush/ROS2_turtlesim_PID_demo/install
[0.497s] DEBUG:colcon.colcon_installed_package_information.package_discovery:Found 380 installed packages in /opt/ros/humble
[0.500s] Level 1:colcon.colcon_core.package_discovery:discover_packages(prefix_path) using defaults
[0.575s] Level 5:colcon.colcon_core.verb:set package 'cpp_node' build argument 'cmake_args' from command line to 'None'
[0.575s] Level 5:colcon.colcon_core.verb:set package 'cpp_node' build argument 'cmake_target' from command line to 'None'
[0.575s] Level 5:colcon.colcon_core.verb:set package 'cpp_node' build argument 'cmake_target_skip_unavailable' from command line to 'False'
[0.575s] Level 5:colcon.colcon_core.verb:set package 'cpp_node' build argument 'cmake_clean_cache' from command line to 'False'
[0.575s] Level 5:colcon.colcon_core.verb:set package 'cpp_node' build argument 'cmake_clean_first' from command line to 'False'
[0.575s] Level 5:colcon.colcon_core.verb:set package 'cpp_node' build argument 'cmake_force_configure' from command line to 'False'
[0.575s] Level 5:colcon.colcon_core.verb:set package 'cpp_node' build argument 'ament_cmake_args' from command line to 'None'
[0.575s] Level 5:colcon.colcon_core.verb:set package 'cpp_node' build argument 'catkin_cmake_args' from command line to 'None'
[0.575s] Level 5:colcon.colcon_core.verb:set package 'cpp_node' build argument 'catkin_skip_building_tests' from command line to 'False'
[0.575s] DEBUG:colcon.colcon_core.verb:Building package 'cpp_node' with the following arguments: {'ament_cmake_args': None, 'build_base': '/home/thedush/ROS2_turtlesim_PID_demo/build/cpp_node', 'catkin_cmake_args': None, 'catkin_skip_building_tests': False, 'cmake_args': None, 'cmake_clean_cache': False, 'cmake_clean_first': False, 'cmake_force_configure': False, 'cmake_target': None, 'cmake_target_skip_unavailable': False, 'install_base': '/home/thedush/ROS2_turtlesim_PID_demo/install/cpp_node', 'merge_install': False, 'path': '/home/thedush/ROS2_turtlesim_PID_demo/src/cpp_node', 'symlink_install': False, 'test_result_base': None}
[0.576s] Level 5:colcon.colcon_core.verb:set package 'turtle_demo_controller' build argument 'cmake_args' from command line to 'None'
[0.576s] Level 5:colcon.colcon_core.verb:set package 'turtle_demo_controller' build argument 'cmake_target' from command line to 'None'
[0.576s] Level 5:colcon.colcon_core.verb:set package 'turtle_demo_controller' build argument 'cmake_target_skip_unavailable' from command line to 'False'
[0.576s] Level 5:colcon.colcon_core.verb:set package 'turtle_demo_controller' build argument 'cmake_clean_cache' from command line to 'False'
[0.576s] Level 5:colcon.colcon_core.verb:set package 'turtle_demo_controller' build argument 'cmake_clean_first' from command line to 'False'
[0.576s] Level 5:colcon.colcon_core.verb:set package 'turtle_demo_controller' build argument 'cmake_force_configure' from command line to 'False'
[0.576s] Level 5:colcon.colcon_core.verb:set package 'turtle_demo_controller' build argument 'ament_cmake_args' from command line to 'None'
[0.576s] Level 5:colcon.colcon_core.verb:set package 'turtle_demo_controller' build argument 'catkin_cmake_args' from command line to 'None'
[0.576s] Level 5:colcon.colcon_core.verb:set package 'turtle_demo_controller' build argument 'catkin_skip_building_tests' from command line to 'False'
[0.576s] DEBUG:colcon.colcon_core.verb:Building package 'turtle_demo_controller' with the following arguments: {'ament_cmake_args': None, 'build_base': '/home/thedush/ROS2_turtlesim_PID_demo/build/turtle_demo_controller', 'catkin_cmake_args': None, 'catkin_skip_building_tests': False, 'cmake_args': None, 'cmake_clean_cache': False, 'cmake_clean_first': False, 'cmake_force_configure': False, 'cmake_target': None, 'cmake_target_skip_unavailable': False, 'install_base': '/home/thedush/ROS2_turtlesim_PID_demo/install/turtle_demo_controller', 'merge_install': False, 'path': '/home/thedush/ROS2_turtlesim_PID_demo/src/turtle_demo_controller', 'symlink_install': False, 'test_result_base': None}
[0.577s] INFO:colcon.colcon_core.executor:Executing jobs using 'parallel' executor
[0.582s] DEBUG:colcon.colcon_parallel_executor.executor.parallel:run_until_complete
[0.582s] INFO:colcon.colcon_ros.task.ament_cmake.build:Building ROS package in '/home/thedush/ROS2_turtlesim_PID_demo/src/cpp_node' with build type 'ament_cmake'
[0.583s] INFO:colcon.colcon_cmake.task.cmake.build:Building CMake package in '/home/thedush/ROS2_turtlesim_PID_demo/src/cpp_node'
[0.586s] INFO:colcon.colcon_core.plugin_system:Skipping extension 'colcon_core.shell.bat': Not used on non-Windows systems
[0.586s] INFO:colcon.colcon_core.shell:Skip shell extension 'powershell' for command environment: Not usable outside of PowerShell
[0.586s] DEBUG:colcon.colcon_core.shell:Skip shell extension 'dsv' for command environment
[0.753s] DEBUG:colcon.colcon_core.event_handler.log_command:Invoking command in '/home/thedush/ROS2_turtlesim_PID_demo/build/cpp_node': CMAKE_PREFIX_PATH=${CMAKE_PREFIX_PATH}:/home/thedush/ROS2_turtlesim_PID_demo/install/turtle_demo_controller:/opt/ros/humble /usr/bin/cmake --build /home/thedush/ROS2_turtlesim_PID_demo/build/cpp_node -- -j8 -l8
[1.755s] DEBUG:colcon.colcon_core.event_handler.log_command:Invoked command in '/home/thedush/ROS2_turtlesim_PID_demo/build/cpp_node' returned '0': CMAKE_PREFIX_PATH=${CMAKE_PREFIX_PATH}:/home/thedush/ROS2_turtlesim_PID_demo/install/turtle_demo_controller:/opt/ros/humble /usr/bin/cmake --build /home/thedush/ROS2_turtlesim_PID_demo/build/cpp_node -- -j8 -l8
[1.837s] DEBUG:colcon.colcon_core.event_handler.log_command:Invoking command in '/home/thedush/ROS2_turtlesim_PID_demo/build/cpp_node': CMAKE_PREFIX_PATH=${CMAKE_PREFIX_PATH}:/home/thedush/ROS2_turtlesim_PID_demo/install/turtle_demo_controller:/opt/ros/humble /usr/bin/cmake --install /home/thedush/ROS2_turtlesim_PID_demo/build/cpp_node
[1.921s] Level 1:colcon.colcon_core.environment:create_environment_scripts_only(cpp_node)
[1.924s] Level 1:colcon.colcon_core.environment:checking '/home/thedush/ROS2_turtlesim_PID_demo/install/cpp_node' for CMake module files
[1.926s] DEBUG:colcon.colcon_core.event_handler.log_command:Invoked command in '/home/thedush/ROS2_turtlesim_PID_demo/build/cpp_node' returned '0': CMAKE_PREFIX_PATH=${CMAKE_PREFIX_PATH}:/home/thedush/ROS2_turtlesim_PID_demo/install/turtle_demo_controller:/opt/ros/humble /usr/bin/cmake --install /home/thedush/ROS2_turtlesim_PID_demo/build/cpp_node
[1.926s] Level 1:colcon.colcon_core.environment:checking '/home/thedush/ROS2_turtlesim_PID_demo/install/cpp_node' for CMake config files
[1.927s] Level 1:colcon.colcon_core.shell:create_environment_hook('cpp_node', 'cmake_prefix_path')
[1.927s] INFO:colcon.colcon_core.shell:Creating environment hook '/home/thedush/ROS2_turtlesim_PID_demo/install/cpp_node/share/cpp_node/hook/cmake_prefix_path.ps1'
[1.929s] INFO:colcon.colcon_core.shell:Creating environment descriptor '/home/thedush/ROS2_turtlesim_PID_demo/install/cpp_node/share/cpp_node/hook/cmake_prefix_path.dsv'
[1.929s] INFO:colcon.colcon_core.shell:Creating environment hook '/home/thedush/ROS2_turtlesim_PID_demo/install/cpp_node/share/cpp_node/hook/cmake_prefix_path.sh'
[1.931s] Level 1:colcon.colcon_core.environment:checking '/home/thedush/ROS2_turtlesim_PID_demo/install/cpp_node/lib'
[1.931s] Level 1:colcon.colcon_core.shell:create_environment_hook('cpp_node', 'ld_library_path_lib')
[1.931s] INFO:colcon.colcon_core.shell:Creating environment hook '/home/thedush/ROS2_turtlesim_PID_demo/install/cpp_node/share/cpp_node/hook/ld_library_path_lib.ps1'
[1.932s] INFO:colcon.colcon_core.shell:Creating environment descriptor '/home/thedush/ROS2_turtlesim_PID_demo/install/cpp_node/share/cpp_node/hook/ld_library_path_lib.dsv'
[1.932s] INFO:colcon.colcon_core.shell:Creating environment hook '/home/thedush/ROS2_turtlesim_PID_demo/install/cpp_node/share/cpp_node/hook/ld_library_path_lib.sh'
[1.933s] Level 1:colcon.colcon_core.environment:checking '/home/thedush/ROS2_turtlesim_PID_demo/install/cpp_node/bin'
[1.933s] Level 1:colcon.colcon_core.environment:checking '/home/thedush/ROS2_turtlesim_PID_demo/install/cpp_node/lib/pkgconfig/cpp_node.pc'
[1.933s] Level 1:colcon.colcon_core.environment:checking '/home/thedush/ROS2_turtlesim_PID_demo/install/cpp_node/lib/python3.10/site-packages'
[1.933s] Level 1:colcon.colcon_core.environment:checking '/home/thedush/ROS2_turtlesim_PID_demo/install/cpp_node/bin'
[1.934s] INFO:colcon.colcon_core.shell:Creating package script '/home/thedush/ROS2_turtlesim_PID_demo/install/cpp_node/share/cpp_node/package.ps1'
[1.935s] INFO:colcon.colcon_core.shell:Creating package descriptor '/home/thedush/ROS2_turtlesim_PID_demo/install/cpp_node/share/cpp_node/package.dsv'
[1.936s] INFO:colcon.colcon_core.shell:Creating package script '/home/thedush/ROS2_turtlesim_PID_demo/install/cpp_node/share/cpp_node/package.sh'
[1.937s] INFO:colcon.colcon_core.shell:Creating package script '/home/thedush/ROS2_turtlesim_PID_demo/install/cpp_node/share/cpp_node/package.bash'
[1.938s] INFO:colcon.colcon_core.shell:Creating package script '/home/thedush/ROS2_turtlesim_PID_demo/install/cpp_node/share/cpp_node/package.zsh'
[1.939s] Level 1:colcon.colcon_core.environment:create_file_with_runtime_dependencies(/home/thedush/ROS2_turtlesim_PID_demo/install/cpp_node/share/colcon-core/packages/cpp_node)
[2.033s] Level 1:colcon.colcon_core.environment:create_environment_scripts_only(cpp_node)
[2.033s] Level 1:colcon.colcon_core.environment:checking '/home/thedush/ROS2_turtlesim_PID_demo/install/cpp_node' for CMake module files
[2.034s] Level 1:colcon.colcon_core.environment:checking '/home/thedush/ROS2_turtlesim_PID_demo/install/cpp_node' for CMake config files
[2.034s] Level 1:colcon.colcon_core.shell:create_environment_hook('cpp_node', 'cmake_prefix_path')
[2.035s] INFO:colcon.colcon_core.shell:Creating environment hook '/home/thedush/ROS2_turtlesim_PID_demo/install/cpp_node/share/cpp_node/hook/cmake_prefix_path.ps1'
[2.035s] INFO:colcon.colcon_core.shell:Creating environment descriptor '/home/thedush/ROS2_turtlesim_PID_demo/install/cpp_node/share/cpp_node/hook/cmake_prefix_path.dsv'
[2.036s] INFO:colcon.colcon_core.shell:Creating environment hook '/home/thedush/ROS2_turtlesim_PID_demo/install/cpp_node/share/cpp_node/hook/cmake_prefix_path.sh'
[2.036s] Level 1:colcon.colcon_core.environment:checking '/home/thedush/ROS2_turtlesim_PID_demo/install/cpp_node/lib'
[2.036s] Level 1:colcon.colcon_core.shell:create_environment_hook('cpp_node', 'ld_library_path_lib')
[2.036s] INFO:colcon.colcon_core.shell:Creating environment hook '/home/thedush/ROS2_turtlesim_PID_demo/install/cpp_node/share/cpp_node/hook/ld_library_path_lib.ps1'
[2.037s] INFO:colcon.colcon_core.shell:Creating environment descriptor '/home/thedush/ROS2_turtlesim_PID_demo/install/cpp_node/share/cpp_node/hook/ld_library_path_lib.dsv'
[2.037s] INFO:colcon.colcon_core.shell:Creating environment hook '/home/thedush/ROS2_turtlesim_PID_demo/install/cpp_node/share/cpp_node/hook/ld_library_path_lib.sh'
[2.037s] Level 1:colcon.colcon_core.environment:checking '/home/thedush/ROS2_turtlesim_PID_demo/install/cpp_node/bin'
[2.037s] Level 1:colcon.colcon_core.environment:checking '/home/thedush/ROS2_turtlesim_PID_demo/install/cpp_node/lib/pkgconfig/cpp_node.pc'
[2.038s] Level 1:colcon.colcon_core.environment:checking '/home/thedush/ROS2_turtlesim_PID_demo/install/cpp_node/lib/python3.10/site-packages'
[2.038s] Level 1:colcon.colcon_core.environment:checking '/home/thedush/ROS2_turtlesim_PID_demo/install/cpp_node/bin'
[2.038s] INFO:colcon.colcon_core.shell:Creating package script '/home/thedush/ROS2_turtlesim_PID_demo/install/cpp_node/share/cpp_node/package.ps1'
[2.039s] INFO:colcon.colcon_core.shell:Creating package descriptor '/home/thedush/ROS2_turtlesim_PID_demo/install/cpp_node/share/cpp_node/package.dsv'
[2.039s] INFO:colcon.colcon_core.shell:Creating package script '/home/thedush/ROS2_turtlesim_PID_demo/install/cpp_node/share/cpp_node/package.sh'
[2.040s] INFO:colcon.colcon_core.shell:Creating package script '/home/thedush/ROS2_turtlesim_PID_demo/install/cpp_node/share/cpp_node/package.bash'
[2.040s] INFO:colcon.colcon_core.shell:Creating package script '/home/thedush/ROS2_turtlesim_PID_demo/install/cpp_node/share/cpp_node/package.zsh'
[2.041s] Level 1:colcon.colcon_core.environment:create_file_with_runtime_dependencies(/home/thedush/ROS2_turtlesim_PID_demo/install/cpp_node/share/colcon-core/packages/cpp_node)
[2.041s] INFO:colcon.colcon_ros.task.ament_python.build:Building ROS package in '/home/thedush/ROS2_turtlesim_PID_demo/src/turtle_demo_controller' with build type 'ament_python'
[2.041s] Level 1:colcon.colcon_core.shell:create_environment_hook('turtle_demo_controller', 'ament_prefix_path')
[2.041s] INFO:colcon.colcon_core.shell:Creating environment hook '/home/thedush/ROS2_turtlesim_PID_demo/install/turtle_demo_controller/share/turtle_demo_controller/hook/ament_prefix_path.ps1'
[2.042s] INFO:colcon.colcon_core.shell:Creating environment descriptor '/home/thedush/ROS2_turtlesim_PID_demo/install/turtle_demo_controller/share/turtle_demo_controller/hook/ament_prefix_path.dsv'
[2.042s] INFO:colcon.colcon_core.shell:Creating environment hook '/home/thedush/ROS2_turtlesim_PID_demo/install/turtle_demo_controller/share/turtle_demo_controller/hook/ament_prefix_path.sh'
[2.043s] INFO:colcon.colcon_core.shell:Skip shell extension 'powershell' for command environment: Not usable outside of PowerShell
[2.043s] DEBUG:colcon.colcon_core.shell:Skip shell extension 'dsv' for command environment
[2.435s] INFO:colcon.colcon_core.task.python.build:Building Python package in '/home/thedush/ROS2_turtlesim_PID_demo/src/turtle_demo_controller'
[2.435s] INFO:colcon.colcon_core.shell:Skip shell extension 'powershell' for command environment: Not usable outside of PowerShell
[2.435s] DEBUG:colcon.colcon_core.shell:Skip shell extension 'dsv' for command environment
[3.095s] DEBUG:colcon.colcon_core.event_handler.log_command:Invoking command in '/home/thedush/ROS2_turtlesim_PID_demo/src/turtle_demo_controller': PYTHONPATH=/home/thedush/ROS2_turtlesim_PID_demo/build/turtle_demo_controller/prefix_override:/home/thedush/ROS2_turtlesim_PID_demo/install/turtle_demo_controller/lib/python3.10/site-packages:${PYTHONPATH} /usr/bin/python3 -W ignore:setup.py install is deprecated setup.py egg_info --egg-base ../../build/turtle_demo_controller build --build-base /home/thedush/ROS2_turtlesim_PID_demo/build/turtle_demo_controller/build install --record /home/thedush/ROS2_turtlesim_PID_demo/build/turtle_demo_controller/install.log --single-version-externally-managed install_data
[3.457s] Level 1:colcon.colcon_core.environment:checking '/home/thedush/ROS2_turtlesim_PID_demo/install/turtle_demo_controller' for CMake module files
[3.459s] Level 1:colcon.colcon_core.environment:checking '/home/thedush/ROS2_turtlesim_PID_demo/install/turtle_demo_controller' for CMake config files
[3.458s] DEBUG:colcon.colcon_core.event_handler.log_command:Invoked command in '/home/thedush/ROS2_turtlesim_PID_demo/src/turtle_demo_controller' returned '0': PYTHONPATH=/home/thedush/ROS2_turtlesim_PID_demo/build/turtle_demo_controller/prefix_override:/home/thedush/ROS2_turtlesim_PID_demo/install/turtle_demo_controller/lib/python3.10/site-packages:${PYTHONPATH} /usr/bin/python3 -W ignore:setup.py install is deprecated setup.py egg_info --egg-base ../../build/turtle_demo_controller build --build-base /home/thedush/ROS2_turtlesim_PID_demo/build/turtle_demo_controller/build install --record /home/thedush/ROS2_turtlesim_PID_demo/build/turtle_demo_controller/install.log --single-version-externally-managed install_data
[3.460s] Level 1:colcon.colcon_core.environment:checking '/home/thedush/ROS2_turtlesim_PID_demo/install/turtle_demo_controller/lib'
[3.460s] Level 1:colcon.colcon_core.environment:checking '/home/thedush/ROS2_turtlesim_PID_demo/install/turtle_demo_controller/bin'
[3.460s] Level 1:colcon.colcon_core.environment:checking '/home/thedush/ROS2_turtlesim_PID_demo/install/turtle_demo_controller/lib/pkgconfig/turtle_demo_controller.pc'
[3.460s] Level 1:colcon.colcon_core.environment:checking '/home/thedush/ROS2_turtlesim_PID_demo/install/turtle_demo_controller/lib/python3.10/site-packages'
[3.460s] Level 1:colcon.colcon_core.shell:create_environment_hook('turtle_demo_controller', 'pythonpath')
[3.461s] INFO:colcon.colcon_core.shell:Creating environment hook '/home/thedush/ROS2_turtlesim_PID_demo/install/turtle_demo_controller/share/turtle_demo_controller/hook/pythonpath.ps1'
[3.461s] INFO:colcon.colcon_core.shell:Creating environment descriptor '/home/thedush/ROS2_turtlesim_PID_demo/install/turtle_demo_controller/share/turtle_demo_controller/hook/pythonpath.dsv'
[3.462s] INFO:colcon.colcon_core.shell:Creating environment hook '/home/thedush/ROS2_turtlesim_PID_demo/install/turtle_demo_controller/share/turtle_demo_controller/hook/pythonpath.sh'
[3.462s] Level 1:colcon.colcon_core.environment:checking '/home/thedush/ROS2_turtlesim_PID_demo/install/turtle_demo_controller/bin'
[3.462s] Level 1:colcon.colcon_core.environment:create_environment_scripts_only(turtle_demo_controller)
[3.463s] INFO:colcon.colcon_core.shell:Creating package script '/home/thedush/ROS2_turtlesim_PID_demo/install/turtle_demo_controller/share/turtle_demo_controller/package.ps1'
[3.464s] INFO:colcon.colcon_core.shell:Creating package descriptor '/home/thedush/ROS2_turtlesim_PID_demo/install/turtle_demo_controller/share/turtle_demo_controller/package.dsv'
[3.464s] INFO:colcon.colcon_core.shell:Creating package script '/home/thedush/ROS2_turtlesim_PID_demo/install/turtle_demo_controller/share/turtle_demo_controller/package.sh'
[3.465s] INFO:colcon.colcon_core.shell:Creating package script '/home/thedush/ROS2_turtlesim_PID_demo/install/turtle_demo_controller/share/turtle_demo_controller/package.bash'
[3.465s] INFO:colcon.colcon_core.shell:Creating package script '/home/thedush/ROS2_turtlesim_PID_demo/install/turtle_demo_controller/share/turtle_demo_controller/package.zsh'
[3.465s] Level 1:colcon.colcon_core.environment:create_file_with_runtime_dependencies(/home/thedush/ROS2_turtlesim_PID_demo/install/turtle_demo_controller/share/colcon-core/packages/turtle_demo_controller)
[3.466s] DEBUG:colcon.colcon_parallel_executor.executor.parallel:closing loop
[3.466s] DEBUG:colcon.colcon_parallel_executor.executor.parallel:loop closed
[3.466s] DEBUG:colcon.colcon_parallel_executor.executor.parallel:run_until_complete finished with '0'
[3.466s] DEBUG:colcon.colcon_core.event_reactor:joining thread
[3.475s] INFO:colcon.colcon_core.plugin_system:Skipping extension 'colcon_notification.desktop_notification.terminal_notifier': Not used on non-Darwin systems
[3.475s] INFO:colcon.colcon_core.plugin_system:Skipping extension 'colcon_notification.desktop_notification.win32': Not used on non-Windows systems
[3.475s] INFO:colcon.colcon_notification.desktop_notification:Sending desktop notification using 'notify2'
[3.505s] DEBUG:colcon.colcon_core.event_reactor:joined thread
[3.505s] INFO:colcon.colcon_core.shell:Creating prefix script '/home/thedush/ROS2_turtlesim_PID_demo/install/local_setup.ps1'
[3.507s] INFO:colcon.colcon_core.shell:Creating prefix util module '/home/thedush/ROS2_turtlesim_PID_demo/install/_local_setup_util_ps1.py'
[3.512s] INFO:colcon.colcon_core.shell:Creating prefix chain script '/home/thedush/ROS2_turtlesim_PID_demo/install/setup.ps1'
[3.516s] INFO:colcon.colcon_core.shell:Creating prefix script '/home/thedush/ROS2_turtlesim_PID_demo/install/local_setup.sh'
[3.520s] INFO:colcon.colcon_core.shell:Creating prefix util module '/home/thedush/ROS2_turtlesim_PID_demo/install/_local_setup_util_sh.py'
[3.521s] INFO:colcon.colcon_core.shell:Creating prefix chain script '/home/thedush/ROS2_turtlesim_PID_demo/install/setup.sh'
[3.528s] INFO:colcon.colcon_core.shell:Creating prefix script '/home/thedush/ROS2_turtlesim_PID_demo/install/local_setup.bash'
[3.529s] INFO:colcon.colcon_core.shell:Creating prefix chain script '/home/thedush/ROS2_turtlesim_PID_demo/install/setup.bash'
[3.530s] INFO:colcon.colcon_core.shell:Creating prefix script '/home/thedush/ROS2_turtlesim_PID_demo/install/local_setup.zsh'
[3.531s] INFO:colcon.colcon_core.shell:Creating prefix chain script '/home/thedush/ROS2_turtlesim_PID_demo/install/setup.zsh'
