[0.131s] Invoking command in '/home/thedush/ROS2_turtlesim_PID_demo/build/cpp_node': CMAKE_PREFIX_PATH=/opt/ros/humble /usr/bin/cmake --build /home/thedush/ROS2_turtlesim_PID_demo/build/cpp_node -- -j8 -l8
[2.610s] -- Found ament_cmake: 1.3.9 (/opt/ros/humble/share/ament_cmake/cmake)
[3.363s] -- Found rclcpp: 16.0.9 (/opt/ros/humble/share/rclcpp/cmake)
[3.759s] -- Found rosidl_generator_c: 3.1.5 (/opt/ros/humble/share/rosidl_generator_c/cmake)
[3.786s] -- Found rosidl_adapter: 3.1.5 (/opt/ros/humble/share/rosidl_adapter/cmake)
[3.822s] -- Found rosidl_generator_cpp: 3.1.5 (/opt/ros/humble/share/rosidl_generator_cpp/cmake)
[3.861s] -- Using all available rosidl_typesupport_c: rosidl_typesupport_fastrtps_c;rosidl_typesupport_introspection_c
[3.922s] -- Using all available rosidl_typesupport_cpp: rosidl_typesupport_fastrtps_cpp;rosidl_typesupport_introspection_cpp
[4.345s] -- Found rmw_implementation_cmake: 6.1.2 (/opt/ros/humble/share/rmw_implementation_cmake/cmake)
[4.374s] -- Found rmw_fastrtps_cpp: 6.2.6 (/opt/ros/humble/share/rmw_fastrtps_cpp/cmake)
[5.359s] -- Using RMW implementation 'rmw_fastrtps_cpp' as default
[5.892s] -- Found geometry_msgs: 4.2.3 (/opt/ros/humble/share/geometry_msgs/cmake)
[6.066s] -- Found sensor_msgs: 4.2.4 (/opt/ros/humble/share/sensor_msgs/cmake)
[6.409s] -- Found rosidl_default_generators: 1.2.0 (/opt/ros/humble/share/rosidl_default_generators/cmake)
[7.631s] -- Found ament_cmake_ros: 0.10.0 (/opt/ros/humble/share/ament_cmake_ros/cmake)
[8.757s] -- Using all available rosidl_typesupport_c: rosidl_typesupport_fastrtps_c;rosidl_typesupport_introspection_c
[9.187s] -- Using all available rosidl_typesupport_cpp: rosidl_typesupport_fastrtps_cpp;rosidl_typesupport_introspection_cpp
[9.283s] -- Found python_cmake_module: 0.10.0 (/opt/ros/humble/share/python_cmake_module/cmake)
[9.436s] -- Using PYTHON_EXECUTABLE: /usr/bin/python3
[9.436s] -- Using PYTHON_INCLUDE_DIRS: /usr/include/python3.10
[9.436s] -- Using PYTHON_LIBRARIES: /usr/lib/x86_64-linux-gnu/libpython3.10.so
[9.625s] -- Found ament_lint_auto: 0.12.11 (/opt/ros/humble/share/ament_lint_auto/cmake)
[9.724s] -- Configuring done
[10.399s] -- Generating done
[10.404s] -- Build files have been written to: /home/thedush/ROS2_turtlesim_PID_demo/build/cpp_node
[10.556s] [  3%] [34m[1mGenerating C++ code for ROS interfaces[0m
[11.652s] [  3%] Built target cpp_node__cpp
[11.755s] [  3%] Built target ament_cmake_python_copy_cpp_node
[11.774s] [  6%] [34m[1mGenerating C++ introspection for ROS interfaces[0m
[12.328s] [35m[1mConsolidate compiler generated dependencies of target cpp_node__rosidl_typesupport_introspection_cpp[0m
[12.595s] [  9%] [32mBuilding CXX object CMakeFiles/cpp_node__rosidl_typesupport_introspection_cpp.dir/rosidl_typesupport_introspection_cpp/cpp_node/action/detail/go_to_pose__type_support.cpp.o[0m
[14.029s] In file included from [01m[K/home/thedush/ROS2_turtlesim_PID_demo/build/cpp_node/rosidl_typesupport_introspection_cpp/cpp_node/action/detail/go_to_pose__type_support.cpp:12[m[K:
[14.030s] [01m[K/home/thedush/ROS2_turtlesim_PID_demo/build/cpp_node/rosidl_generator_cpp/cpp_node/action/detail/go_to_pose__struct.hpp:148:10:[m[K [01;31m[Kfatal error: [m[Kcpp_node/msg/detail/bool__struct.hpp: No such file or directory
[14.030s]   148 | #include [01;31m[K"cpp_node/msg/detail/bool__struct.hpp"[m[K
[14.030s]       |          [01;31m[K^~~~~~~~~~~~~~~~~~~~~~~~~~~~~~~~~~~~~~[m[K
[14.030s] compilation terminated.
[14.065s] gmake[2]: *** [CMakeFiles/cpp_node__rosidl_typesupport_introspection_cpp.dir/build.make:128: CMakeFiles/cpp_node__rosidl_typesupport_introspection_cpp.dir/rosidl_typesupport_introspection_cpp/cpp_node/action/detail/go_to_pose__type_support.cpp.o] Error 1
[14.065s] gmake[1]: *** [CMakeFiles/Makefile2:369: CMakeFiles/cpp_node__rosidl_typesupport_introspection_cpp.dir/all] Error 2
[14.065s] gmake: *** [Makefile:146: all] Error 2
[14.071s] Invoked command in '/home/thedush/ROS2_turtlesim_PID_demo/build/cpp_node' returned '2': CMAKE_PREFIX_PATH=/opt/ros/humble /usr/bin/cmake --build /home/thedush/ROS2_turtlesim_PID_demo/build/cpp_node -- -j8 -l8
