[1.013s] Invoking command in '/home/thedush/ROS2_turtlesim_PID_demo/src/turtle_demo_controller': PYTHONPATH=/home/thedush/ROS2_turtlesim_PID_demo/build/turtle_demo_controller/prefix_override:/home/thedush/ROS2_turtlesim_PID_demo/install/turtle_demo_controller/lib/python3.10/site-packages:${PYTHONPATH} /usr/bin/python3 -W ignore:setup.py install is deprecated setup.py egg_info --egg-base ../../build/turtle_demo_controller build --build-base /home/thedush/ROS2_turtlesim_PID_demo/build/turtle_demo_controller/build install --record /home/thedush/ROS2_turtlesim_PID_demo/build/turtle_demo_controller/install.log --single-version-externally-managed install_data
[1.390s] running egg_info
[1.391s] writing ../../build/turtle_demo_controller/turtle_demo_controller.egg-info/PKG-INFO
[1.391s] writing dependency_links to ../../build/turtle_demo_controller/turtle_demo_controller.egg-info/dependency_links.txt
[1.392s] writing entry points to ../../build/turtle_demo_controller/turtle_demo_controller.egg-info/entry_points.txt
[1.392s] writing requirements to ../../build/turtle_demo_controller/turtle_demo_controller.egg-info/requires.txt
[1.392s] writing top-level names to ../../build/turtle_demo_controller/turtle_demo_controller.egg-info/top_level.txt
[1.395s] reading manifest file '../../build/turtle_demo_controller/turtle_demo_controller.egg-info/SOURCES.txt'
[1.397s] writing manifest file '../../build/turtle_demo_controller/turtle_demo_controller.egg-info/SOURCES.txt'
[1.397s] running build
[1.399s] running build_py
[1.400s] copying turtle_demo_controller/turtle_controller.py -> /home/thedush/ROS2_turtlesim_PID_demo/build/turtle_demo_controller/build/lib/turtle_demo_controller
[1.400s] running install
[1.400s] running install_lib
[1.400s] copying /home/thedush/ROS2_turtlesim_PID_demo/build/turtle_demo_controller/build/lib/turtle_demo_controller/turtle_controller.py -> /home/thedush/ROS2_turtlesim_PID_demo/install/turtle_demo_controller/lib/python3.10/site-packages/turtle_demo_controller
[1.401s] byte-compiling /home/thedush/ROS2_turtlesim_PID_demo/install/turtle_demo_controller/lib/python3.10/site-packages/turtle_demo_controller/turtle_controller.py to turtle_controller.cpython-310.pyc
[1.402s] running install_data
[1.403s] running install_egg_info
[1.407s] removing '/home/thedush/ROS2_turtlesim_PID_demo/install/turtle_demo_controller/lib/python3.10/site-packages/turtle_demo_controller-0.0.0-py3.10.egg-info' (and everything under it)
[1.408s] Copying ../../build/turtle_demo_controller/turtle_demo_controller.egg-info to /home/thedush/ROS2_turtlesim_PID_demo/install/turtle_demo_controller/lib/python3.10/site-packages/turtle_demo_controller-0.0.0-py3.10.egg-info
[1.408s] running install_scripts
[1.443s] Installing turt_controller script to /home/thedush/ROS2_turtlesim_PID_demo/install/turtle_demo_controller/lib/turtle_demo_controller
[1.444s] writing list of installed files to '/home/thedush/ROS2_turtlesim_PID_demo/build/turtle_demo_controller/install.log'
[1.482s] Invoked command in '/home/thedush/ROS2_turtlesim_PID_demo/src/turtle_demo_controller' returned '0': PYTHONPATH=/home/thedush/ROS2_turtlesim_PID_demo/build/turtle_demo_controller/prefix_override:/home/thedush/ROS2_turtlesim_PID_demo/install/turtle_demo_controller/lib/python3.10/site-packages:${PYTHONPATH} /usr/bin/python3 -W ignore:setup.py install is deprecated setup.py egg_info --egg-base ../../build/turtle_demo_controller build --build-base /home/thedush/ROS2_turtlesim_PID_demo/build/turtle_demo_controller/build install --record /home/thedush/ROS2_turtlesim_PID_demo/build/turtle_demo_controller/install.log --single-version-externally-managed install_data
