[0.077s] DEBUG:colcon:Command line arguments: ['/usr/bin/colcon', 'build']
[0.078s] DEBUG:colcon:Parsed command line arguments: Namespace(log_base=None, log_level=None, verb_name='build', build_base='build', install_base='install', merge_install=False, symlink_install=False, test_result_base=None, continue_on_error=False, executor='parallel', parallel_workers=8, event_handlers=None, ignore_user_meta=False, metas=['./colcon.meta'], base_paths=['.'], packages_ignore=None, packages_ignore_regex=None, paths=None, packages_up_to=None, packages_up_to_regex=None, packages_above=None, packages_above_and_dependencies=None, packages_above_depth=None, packages_select_by_dep=None, packages_skip_by_dep=None, packages_skip_up_to=None, packages_select_build_failed=False, packages_skip_build_finished=False, packages_select_test_failures=False, packages_skip_test_passed=False, packages_select=None, packages_skip=None, packages_select_regex=None, packages_skip_regex=None, packages_start=None, packages_end=None, allow_overriding=[], cmake_args=None, cmake_target=None, cmake_target_skip_unavailable=False, cmake_clean_cache=False, cmake_clean_first=False, cmake_force_configure=False, ament_cmake_args=None, catkin_cmake_args=None, catkin_skip_building_tests=False, mixin_files=None, mixin=None, verb_parser=<colcon_mixin.mixin.mixin_argument.MixinArgumentDecorator object at 0x79821c04f400>, verb_extension=<colcon_core.verb.build.BuildVerb object at 0x79821c04ef50>, main=<bound method BuildVerb.main of <colcon_core.verb.build.BuildVerb object at 0x79821c04ef50>>, mixin_verb=('build',))
[0.200s] Level 1:colcon.colcon_core.package_discovery:discover_packages(colcon_meta) check parameters
[0.200s] Level 1:colcon.colcon_core.package_discovery:discover_packages(recursive) check parameters
[0.200s] Level 1:colcon.colcon_core.package_discovery:discover_packages(ignore) check parameters
[0.200s] Level 1:colcon.colcon_core.package_discovery:discover_packages(path) check parameters
[0.200s] Level 1:colcon.colcon_core.package_discovery:discover_packages(colcon_meta) discover
[0.200s] Level 1:colcon.colcon_core.package_discovery:discover_packages(recursive) discover
[0.201s] INFO:colcon.colcon_core.package_discovery:Crawling recursively for packages in '/home/thedush/ROS2_turtlesim_PID_demo'
[0.201s] Level 1:colcon.colcon_core.package_identification:_identify(.) by extensions ['ignore', 'ignore_ament_install']
[0.201s] Level 1:colcon.colcon_core.package_identification:_identify(.) by extension 'ignore'
[0.201s] Level 1:colcon.colcon_core.package_identification:_identify(.) by extension 'ignore_ament_install'
[0.201s] Level 1:colcon.colcon_core.package_identification:_identify(.) by extensions ['colcon_pkg']
[0.201s] Level 1:colcon.colcon_core.package_identification:_identify(.) by extension 'colcon_pkg'
[0.201s] Level 1:colcon.colcon_core.package_identification:_identify(.) by extensions ['colcon_meta']
[0.201s] Level 1:colcon.colcon_core.package_identification:_identify(.) by extension 'colcon_meta'
[0.201s] Level 1:colcon.colcon_core.package_identification:_identify(.) by extensions ['ros']
[0.201s] Level 1:colcon.colcon_core.package_identification:_identify(.) by extension 'ros'
[0.208s] Level 1:colcon.colcon_core.package_identification:_identify(.) by extensions ['cmake', 'python']
[0.208s] Level 1:colcon.colcon_core.package_identification:_identify(.) by extension 'cmake'
[0.208s] Level 1:colcon.colcon_core.package_identification:_identify(.) by extension 'python'
[0.208s] Level 1:colcon.colcon_core.package_identification:_identify(.) by extensions ['python_setup_py']
[0.208s] Level 1:colcon.colcon_core.package_identification:_identify(.) by extension 'python_setup_py'
[0.209s] Level 1:colcon.colcon_core.package_identification:_identify(build) by extensions ['ignore', 'ignore_ament_install']
[0.209s] Level 1:colcon.colcon_core.package_identification:_identify(build) by extension 'ignore'
[0.209s] Level 1:colcon.colcon_core.package_identification:_identify(build) ignored
[0.209s] Level 1:colcon.colcon_core.package_identification:_identify(install) by extensions ['ignore', 'ignore_ament_install']
[0.209s] Level 1:colcon.colcon_core.package_identification:_identify(install) by extension 'ignore'
[0.209s] Level 1:colcon.colcon_core.package_identification:_identify(install) ignored
[0.209s] Level 1:colcon.colcon_core.package_identification:_identify(log) by extensions ['ignore', 'ignore_ament_install']
[0.209s] Level 1:colcon.colcon_core.package_identification:_identify(log) by extension 'ignore'
[0.209s] Level 1:colcon.colcon_core.package_identification:_identify(log) ignored
[0.209s] Level 1:colcon.colcon_core.package_identification:_identify(src) by extensions ['ignore', 'ignore_ament_install']
[0.209s] Level 1:colcon.colcon_core.package_identification:_identify(src) by extension 'ignore'
[0.209s] Level 1:colcon.colcon_core.package_identification:_identify(src) by extension 'ignore_ament_install'
[0.209s] Level 1:colcon.colcon_core.package_identification:_identify(src) by extensions ['colcon_pkg']
[0.209s] Level 1:colcon.colcon_core.package_identification:_identify(src) by extension 'colcon_pkg'
[0.209s] Level 1:colcon.colcon_core.package_identification:_identify(src) by extensions ['colcon_meta']
[0.209s] Level 1:colcon.colcon_core.package_identification:_identify(src) by extension 'colcon_meta'
[0.209s] Level 1:colcon.colcon_core.package_identification:_identify(src) by extensions ['ros']
[0.209s] Level 1:colcon.colcon_core.package_identification:_identify(src) by extension 'ros'
[0.209s] Level 1:colcon.colcon_core.package_identification:_identify(src) by extensions ['cmake', 'python']
[0.209s] Level 1:colcon.colcon_core.package_identification:_identify(src) by extension 'cmake'
[0.209s] Level 1:colcon.colcon_core.package_identification:_identify(src) by extension 'python'
[0.209s] Level 1:colcon.colcon_core.package_identification:_identify(src) by extensions ['python_setup_py']
[0.209s] Level 1:colcon.colcon_core.package_identification:_identify(src) by extension 'python_setup_py'
[0.209s] Level 1:colcon.colcon_core.package_identification:_identify(src/cpp_node) by extensions ['ignore', 'ignore_ament_install']
[0.210s] Level 1:colcon.colcon_core.package_identification:_identify(src/cpp_node) by extension 'ignore'
[0.210s] Level 1:colcon.colcon_core.package_identification:_identify(src/cpp_node) by extension 'ignore_ament_install'
[0.210s] Level 1:colcon.colcon_core.package_identification:_identify(src/cpp_node) by extensions ['colcon_pkg']
[0.210s] Level 1:colcon.colcon_core.package_identification:_identify(src/cpp_node) by extension 'colcon_pkg'
[0.210s] Level 1:colcon.colcon_core.package_identification:_identify(src/cpp_node) by extensions ['colcon_meta']
[0.210s] Level 1:colcon.colcon_core.package_identification:_identify(src/cpp_node) by extension 'colcon_meta'
[0.210s] Level 1:colcon.colcon_core.package_identification:_identify(src/cpp_node) by extensions ['ros']
[0.210s] Level 1:colcon.colcon_core.package_identification:_identify(src/cpp_node) by extension 'ros'
[0.212s] DEBUG:colcon.colcon_core.package_identification:Package 'src/cpp_node' with type 'ros.ament_cmake' and name 'cpp_node'
[0.212s] Level 1:colcon.colcon_core.package_identification:_identify(src/turtle_demo_controller) by extensions ['ignore', 'ignore_ament_install']
[0.212s] Level 1:colcon.colcon_core.package_identification:_identify(src/turtle_demo_controller) by extension 'ignore'
[0.212s] Level 1:colcon.colcon_core.package_identification:_identify(src/turtle_demo_controller) by extension 'ignore_ament_install'
[0.212s] Level 1:colcon.colcon_core.package_identification:_identify(src/turtle_demo_controller) by extensions ['colcon_pkg']
[0.212s] Level 1:colcon.colcon_core.package_identification:_identify(src/turtle_demo_controller) by extension 'colcon_pkg'
[0.212s] Level 1:colcon.colcon_core.package_identification:_identify(src/turtle_demo_controller) by extensions ['colcon_meta']
[0.212s] Level 1:colcon.colcon_core.package_identification:_identify(src/turtle_demo_controller) by extension 'colcon_meta'
[0.212s] Level 1:colcon.colcon_core.package_identification:_identify(src/turtle_demo_controller) by extensions ['ros']
[0.212s] Level 1:colcon.colcon_core.package_identification:_identify(src/turtle_demo_controller) by extension 'ros'
[0.213s] DEBUG:colcon.colcon_core.package_identification:Package 'src/turtle_demo_controller' with type 'ros.ament_python' and name 'turtle_demo_controller'
[0.213s] Level 1:colcon.colcon_core.package_discovery:discover_packages(recursive) using defaults
[0.214s] Level 1:colcon.colcon_core.package_discovery:discover_packages(ignore) discover
[0.214s] Level 1:colcon.colcon_core.package_discovery:discover_packages(ignore) using defaults
[0.214s] Level 1:colcon.colcon_core.package_discovery:discover_packages(path) discover
[0.214s] Level 1:colcon.colcon_core.package_discovery:discover_packages(path) using defaults
[0.238s] Level 1:colcon.colcon_core.package_discovery:discover_packages(prefix_path) check parameters
[0.238s] Level 1:colcon.colcon_core.package_discovery:discover_packages(prefix_path) discover
[0.239s] DEBUG:colcon.colcon_installed_package_information.package_discovery:Found 2 installed packages in /home/thedush/ROS2_turtlesim_PID_demo/install
[0.240s] DEBUG:colcon.colcon_installed_package_information.package_discovery:Found 380 installed packages in /opt/ros/humble
[0.242s] Level 1:colcon.colcon_core.package_discovery:discover_packages(prefix_path) using defaults
[0.273s] Level 5:colcon.colcon_core.verb:set package 'cpp_node' build argument 'cmake_args' from command line to 'None'
[0.273s] Level 5:colcon.colcon_core.verb:set package 'cpp_node' build argument 'cmake_target' from command line to 'None'
[0.273s] Level 5:colcon.colcon_core.verb:set package 'cpp_node' build argument 'cmake_target_skip_unavailable' from command line to 'False'
[0.273s] Level 5:colcon.colcon_core.verb:set package 'cpp_node' build argument 'cmake_clean_cache' from command line to 'False'
[0.273s] Level 5:colcon.colcon_core.verb:set package 'cpp_node' build argument 'cmake_clean_first' from command line to 'False'
[0.273s] Level 5:colcon.colcon_core.verb:set package 'cpp_node' build argument 'cmake_force_configure' from command line to 'False'
[0.273s] Level 5:colcon.colcon_core.verb:set package 'cpp_node' build argument 'ament_cmake_args' from command line to 'None'
[0.273s] Level 5:colcon.colcon_core.verb:set package 'cpp_node' build argument 'catkin_cmake_args' from command line to 'None'
[0.273s] Level 5:colcon.colcon_core.verb:set package 'cpp_node' build argument 'catkin_skip_building_tests' from command line to 'False'
[0.273s] DEBUG:colcon.colcon_core.verb:Building package 'cpp_node' with the following arguments: {'ament_cmake_args': None, 'build_base': '/home/thedush/ROS2_turtlesim_PID_demo/build/cpp_node', 'catkin_cmake_args': None, 'catkin_skip_building_tests': False, 'cmake_args': None, 'cmake_clean_cache': False, 'cmake_clean_first': False, 'cmake_force_configure': False, 'cmake_target': None, 'cmake_target_skip_unavailable': False, 'install_base': '/home/thedush/ROS2_turtlesim_PID_demo/install/cpp_node', 'merge_install': False, 'path': '/home/thedush/ROS2_turtlesim_PID_demo/src/cpp_node', 'symlink_install': False, 'test_result_base': None}
[0.274s] Level 5:colcon.colcon_core.verb:set package 'turtle_demo_controller' build argument 'cmake_args' from command line to 'None'
[0.274s] Level 5:colcon.colcon_core.verb:set package 'turtle_demo_controller' build argument 'cmake_target' from command line to 'None'
[0.274s] Level 5:colcon.colcon_core.verb:set package 'turtle_demo_controller' build argument 'cmake_target_skip_unavailable' from command line to 'False'
[0.274s] Level 5:colcon.colcon_core.verb:set package 'turtle_demo_controller' build argument 'cmake_clean_cache' from command line to 'False'
[0.274s] Level 5:colcon.colcon_core.verb:set package 'turtle_demo_controller' build argument 'cmake_clean_first' from command line to 'False'
[0.274s] Level 5:colcon.colcon_core.verb:set package 'turtle_demo_controller' build argument 'cmake_force_configure' from command line to 'False'
[0.274s] Level 5:colcon.colcon_core.verb:set package 'turtle_demo_controller' build argument 'ament_cmake_args' from command line to 'None'
[0.274s] Level 5:colcon.colcon_core.verb:set package 'turtle_demo_controller' build argument 'catkin_cmake_args' from command line to 'None'
[0.274s] Level 5:colcon.colcon_core.verb:set package 'turtle_demo_controller' build argument 'catkin_skip_building_tests' from command line to 'False'
[0.274s] DEBUG:colcon.colcon_core.verb:Building package 'turtle_demo_controller' with the following arguments: {'ament_cmake_args': None, 'build_base': '/home/thedush/ROS2_turtlesim_PID_demo/build/turtle_demo_controller', 'catkin_cmake_args': None, 'catkin_skip_building_tests': False, 'cmake_args': None, 'cmake_clean_cache': False, 'cmake_clean_first': False, 'cmake_force_configure': False, 'cmake_target': None, 'cmake_target_skip_unavailable': False, 'install_base': '/home/thedush/ROS2_turtlesim_PID_demo/install/turtle_demo_controller', 'merge_install': False, 'path': '/home/thedush/ROS2_turtlesim_PID_demo/src/turtle_demo_controller', 'symlink_install': False, 'test_result_base': None}
[0.274s] INFO:colcon.colcon_core.executor:Executing jobs using 'parallel' executor
[0.275s] DEBUG:colcon.colcon_parallel_executor.executor.parallel:run_until_complete
[0.275s] INFO:colcon.colcon_ros.task.ament_cmake.build:Building ROS package in '/home/thedush/ROS2_turtlesim_PID_demo/src/cpp_node' with build type 'ament_cmake'
[0.275s] INFO:colcon.colcon_cmake.task.cmake.build:Building CMake package in '/home/thedush/ROS2_turtlesim_PID_demo/src/cpp_node'
[0.276s] INFO:colcon.colcon_core.plugin_system:Skipping extension 'colcon_core.shell.bat': Not used on non-Windows systems
[0.277s] INFO:colcon.colcon_core.shell:Skip shell extension 'powershell' for command environment: Not usable outside of PowerShell
[0.277s] DEBUG:colcon.colcon_core.shell:Skip shell extension 'dsv' for command environment
[0.284s] DEBUG:colcon.colcon_core.event_handler.log_command:Invoking command in '/home/thedush/ROS2_turtlesim_PID_demo/build/cpp_node': CMAKE_PREFIX_PATH=/home/thedush/ROS2_turtlesim_PID_demo/install/turtle_demo_controller:/opt/ros/humble /usr/bin/cmake /home/thedush/ROS2_turtlesim_PID_demo/src/cpp_node -DCMAKE_INSTALL_PREFIX=/home/thedush/ROS2_turtlesim_PID_demo/install/cpp_node
[2.196s] DEBUG:colcon.colcon_core.event_handler.log_command:Invoked command in '/home/thedush/ROS2_turtlesim_PID_demo/build/cpp_node' returned '0': CMAKE_PREFIX_PATH=/home/thedush/ROS2_turtlesim_PID_demo/install/turtle_demo_controller:/opt/ros/humble /usr/bin/cmake /home/thedush/ROS2_turtlesim_PID_demo/src/cpp_node -DCMAKE_INSTALL_PREFIX=/home/thedush/ROS2_turtlesim_PID_demo/install/cpp_node
[2.198s] DEBUG:colcon.colcon_core.event_handler.log_command:Invoking command in '/home/thedush/ROS2_turtlesim_PID_demo/build/cpp_node': CMAKE_PREFIX_PATH=/home/thedush/ROS2_turtlesim_PID_demo/install/turtle_demo_controller:/opt/ros/humble /usr/bin/cmake --build /home/thedush/ROS2_turtlesim_PID_demo/build/cpp_node -- -j8 -l8
[6.433s] DEBUG:colcon.colcon_core.event_handler.log_command:Invoked command in '/home/thedush/ROS2_turtlesim_PID_demo/build/cpp_node' returned '0': CMAKE_PREFIX_PATH=/home/thedush/ROS2_turtlesim_PID_demo/install/turtle_demo_controller:/opt/ros/humble /usr/bin/cmake --build /home/thedush/ROS2_turtlesim_PID_demo/build/cpp_node -- -j8 -l8
[6.479s] DEBUG:colcon.colcon_core.event_handler.log_command:Invoking command in '/home/thedush/ROS2_turtlesim_PID_demo/build/cpp_node': CMAKE_PREFIX_PATH=/home/thedush/ROS2_turtlesim_PID_demo/install/turtle_demo_controller:/opt/ros/humble /usr/bin/cmake --install /home/thedush/ROS2_turtlesim_PID_demo/build/cpp_node
[6.609s] Level 1:colcon.colcon_core.environment:create_environment_scripts_only(cpp_node)
[6.610s] DEBUG:colcon.colcon_core.event_handler.log_command:Invoked command in '/home/thedush/ROS2_turtlesim_PID_demo/build/cpp_node' returned '0': CMAKE_PREFIX_PATH=/home/thedush/ROS2_turtlesim_PID_demo/install/turtle_demo_controller:/opt/ros/humble /usr/bin/cmake --install /home/thedush/ROS2_turtlesim_PID_demo/build/cpp_node
[6.611s] Level 1:colcon.colcon_core.environment:checking '/home/thedush/ROS2_turtlesim_PID_demo/install/cpp_node' for CMake module files
[6.612s] Level 1:colcon.colcon_core.environment:checking '/home/thedush/ROS2_turtlesim_PID_demo/install/cpp_node' for CMake config files
[6.612s] Level 1:colcon.colcon_core.shell:create_environment_hook('cpp_node', 'cmake_prefix_path')
[6.612s] INFO:colcon.colcon_core.shell:Creating environment hook '/home/thedush/ROS2_turtlesim_PID_demo/install/cpp_node/share/cpp_node/hook/cmake_prefix_path.ps1'
[6.613s] INFO:colcon.colcon_core.shell:Creating environment descriptor '/home/thedush/ROS2_turtlesim_PID_demo/install/cpp_node/share/cpp_node/hook/cmake_prefix_path.dsv'
[6.613s] INFO:colcon.colcon_core.shell:Creating environment hook '/home/thedush/ROS2_turtlesim_PID_demo/install/cpp_node/share/cpp_node/hook/cmake_prefix_path.sh'
[6.614s] Level 1:colcon.colcon_core.environment:checking '/home/thedush/ROS2_turtlesim_PID_demo/install/cpp_node/lib'
[6.614s] Level 1:colcon.colcon_core.shell:create_environment_hook('cpp_node', 'ld_library_path_lib')
[6.614s] INFO:colcon.colcon_core.shell:Creating environment hook '/home/thedush/ROS2_turtlesim_PID_demo/install/cpp_node/share/cpp_node/hook/ld_library_path_lib.ps1'
[6.614s] INFO:colcon.colcon_core.shell:Creating environment descriptor '/home/thedush/ROS2_turtlesim_PID_demo/install/cpp_node/share/cpp_node/hook/ld_library_path_lib.dsv'
[6.614s] INFO:colcon.colcon_core.shell:Creating environment hook '/home/thedush/ROS2_turtlesim_PID_demo/install/cpp_node/share/cpp_node/hook/ld_library_path_lib.sh'
[6.615s] Level 1:colcon.colcon_core.environment:checking '/home/thedush/ROS2_turtlesim_PID_demo/install/cpp_node/bin'
[6.615s] Level 1:colcon.colcon_core.environment:checking '/home/thedush/ROS2_turtlesim_PID_demo/install/cpp_node/lib/pkgconfig/cpp_node.pc'
[6.615s] Level 1:colcon.colcon_core.environment:checking '/home/thedush/ROS2_turtlesim_PID_demo/install/cpp_node/lib/python3.10/site-packages'
[6.615s] Level 1:colcon.colcon_core.environment:checking '/home/thedush/ROS2_turtlesim_PID_demo/install/cpp_node/bin'
[6.615s] INFO:colcon.colcon_core.shell:Creating package script '/home/thedush/ROS2_turtlesim_PID_demo/install/cpp_node/share/cpp_node/package.ps1'
[6.616s] INFO:colcon.colcon_core.shell:Creating package descriptor '/home/thedush/ROS2_turtlesim_PID_demo/install/cpp_node/share/cpp_node/package.dsv'
[6.616s] INFO:colcon.colcon_core.shell:Creating package script '/home/thedush/ROS2_turtlesim_PID_demo/install/cpp_node/share/cpp_node/package.sh'
[6.617s] INFO:colcon.colcon_core.shell:Creating package script '/home/thedush/ROS2_turtlesim_PID_demo/install/cpp_node/share/cpp_node/package.bash'
[6.617s] INFO:colcon.colcon_core.shell:Creating package script '/home/thedush/ROS2_turtlesim_PID_demo/install/cpp_node/share/cpp_node/package.zsh'
[6.618s] Level 1:colcon.colcon_core.environment:create_file_with_runtime_dependencies(/home/thedush/ROS2_turtlesim_PID_demo/install/cpp_node/share/colcon-core/packages/cpp_node)
[6.657s] Level 1:colcon.colcon_core.environment:create_environment_scripts_only(cpp_node)
[6.658s] Level 1:colcon.colcon_core.environment:checking '/home/thedush/ROS2_turtlesim_PID_demo/install/cpp_node' for CMake module files
[6.658s] Level 1:colcon.colcon_core.environment:checking '/home/thedush/ROS2_turtlesim_PID_demo/install/cpp_node' for CMake config files
[6.658s] Level 1:colcon.colcon_core.shell:create_environment_hook('cpp_node', 'cmake_prefix_path')
[6.658s] INFO:colcon.colcon_core.shell:Creating environment hook '/home/thedush/ROS2_turtlesim_PID_demo/install/cpp_node/share/cpp_node/hook/cmake_prefix_path.ps1'
[6.659s] INFO:colcon.colcon_core.shell:Creating environment descriptor '/home/thedush/ROS2_turtlesim_PID_demo/install/cpp_node/share/cpp_node/hook/cmake_prefix_path.dsv'
[6.659s] INFO:colcon.colcon_core.shell:Creating environment hook '/home/thedush/ROS2_turtlesim_PID_demo/install/cpp_node/share/cpp_node/hook/cmake_prefix_path.sh'
[6.660s] Level 1:colcon.colcon_core.environment:checking '/home/thedush/ROS2_turtlesim_PID_demo/install/cpp_node/lib'
[6.660s] Level 1:colcon.colcon_core.shell:create_environment_hook('cpp_node', 'ld_library_path_lib')
[6.660s] INFO:colcon.colcon_core.shell:Creating environment hook '/home/thedush/ROS2_turtlesim_PID_demo/install/cpp_node/share/cpp_node/hook/ld_library_path_lib.ps1'
[6.660s] INFO:colcon.colcon_core.shell:Creating environment descriptor '/home/thedush/ROS2_turtlesim_PID_demo/install/cpp_node/share/cpp_node/hook/ld_library_path_lib.dsv'
[6.660s] INFO:colcon.colcon_core.shell:Creating environment hook '/home/thedush/ROS2_turtlesim_PID_demo/install/cpp_node/share/cpp_node/hook/ld_library_path_lib.sh'
[6.661s] Level 1:colcon.colcon_core.environment:checking '/home/thedush/ROS2_turtlesim_PID_demo/install/cpp_node/bin'
[6.661s] Level 1:colcon.colcon_core.environment:checking '/home/thedush/ROS2_turtlesim_PID_demo/install/cpp_node/lib/pkgconfig/cpp_node.pc'
[6.661s] Level 1:colcon.colcon_core.environment:checking '/home/thedush/ROS2_turtlesim_PID_demo/install/cpp_node/lib/python3.10/site-packages'
[6.661s] Level 1:colcon.colcon_core.environment:checking '/home/thedush/ROS2_turtlesim_PID_demo/install/cpp_node/bin'
[6.661s] INFO:colcon.colcon_core.shell:Creating package script '/home/thedush/ROS2_turtlesim_PID_demo/install/cpp_node/share/cpp_node/package.ps1'
[6.662s] INFO:colcon.colcon_core.shell:Creating package descriptor '/home/thedush/ROS2_turtlesim_PID_demo/install/cpp_node/share/cpp_node/package.dsv'
[6.662s] INFO:colcon.colcon_core.shell:Creating package script '/home/thedush/ROS2_turtlesim_PID_demo/install/cpp_node/share/cpp_node/package.sh'
[6.663s] INFO:colcon.colcon_core.shell:Creating package script '/home/thedush/ROS2_turtlesim_PID_demo/install/cpp_node/share/cpp_node/package.bash'
[6.663s] INFO:colcon.colcon_core.shell:Creating package script '/home/thedush/ROS2_turtlesim_PID_demo/install/cpp_node/share/cpp_node/package.zsh'
[6.663s] Level 1:colcon.colcon_core.environment:create_file_with_runtime_dependencies(/home/thedush/ROS2_turtlesim_PID_demo/install/cpp_node/share/colcon-core/packages/cpp_node)
[6.663s] INFO:colcon.colcon_ros.task.ament_python.build:Building ROS package in '/home/thedush/ROS2_turtlesim_PID_demo/src/turtle_demo_controller' with build type 'ament_python'
[6.663s] Level 1:colcon.colcon_core.shell:create_environment_hook('turtle_demo_controller', 'ament_prefix_path')
[6.664s] INFO:colcon.colcon_core.shell:Creating environment hook '/home/thedush/ROS2_turtlesim_PID_demo/install/turtle_demo_controller/share/turtle_demo_controller/hook/ament_prefix_path.ps1'
[6.664s] INFO:colcon.colcon_core.shell:Creating environment descriptor '/home/thedush/ROS2_turtlesim_PID_demo/install/turtle_demo_controller/share/turtle_demo_controller/hook/ament_prefix_path.dsv'
[6.664s] INFO:colcon.colcon_core.shell:Creating environment hook '/home/thedush/ROS2_turtlesim_PID_demo/install/turtle_demo_controller/share/turtle_demo_controller/hook/ament_prefix_path.sh'
[6.665s] INFO:colcon.colcon_core.shell:Skip shell extension 'powershell' for command environment: Not usable outside of PowerShell
[6.665s] DEBUG:colcon.colcon_core.shell:Skip shell extension 'dsv' for command environment
[6.863s] INFO:colcon.colcon_core.task.python.build:Building Python package in '/home/thedush/ROS2_turtlesim_PID_demo/src/turtle_demo_controller'
[6.864s] INFO:colcon.colcon_core.shell:Skip shell extension 'powershell' for command environment: Not usable outside of PowerShell
[6.864s] DEBUG:colcon.colcon_core.shell:Skip shell extension 'dsv' for command environment
[7.136s] DEBUG:colcon.colcon_core.event_handler.log_command:Invoking command in '/home/thedush/ROS2_turtlesim_PID_demo/src/turtle_demo_controller': AMENT_PREFIX_PATH=/home/thedush/ROS2_turtlesim_PID_demo/install/cpp_node:${AMENT_PREFIX_PATH} CMAKE_PREFIX_PATH=/home/thedush/ROS2_turtlesim_PID_demo/install/cpp_node LD_LIBRARY_PATH=/home/thedush/ROS2_turtlesim_PID_demo/install/cpp_node/lib:${LD_LIBRARY_PATH} PYTHONPATH=/home/thedush/ROS2_turtlesim_PID_demo/build/turtle_demo_controller/prefix_override:/home/thedush/ROS2_turtlesim_PID_demo/install/turtle_demo_controller/lib/python3.10/site-packages:/home/thedush/ROS2_turtlesim_PID_demo/install/cpp_node/local/lib/python3.10/dist-packages:${PYTHONPATH} /usr/bin/python3 -W ignore:setup.py install is deprecated setup.py egg_info --egg-base ../../build/turtle_demo_controller build --build-base /home/thedush/ROS2_turtlesim_PID_demo/build/turtle_demo_controller/build install --record /home/thedush/ROS2_turtlesim_PID_demo/build/turtle_demo_controller/install.log --single-version-externally-managed install_data
[7.357s] Level 1:colcon.colcon_core.environment:checking '/home/thedush/ROS2_turtlesim_PID_demo/install/turtle_demo_controller' for CMake module files
[7.357s] DEBUG:colcon.colcon_core.event_handler.log_command:Invoked command in '/home/thedush/ROS2_turtlesim_PID_demo/src/turtle_demo_controller' returned '0': AMENT_PREFIX_PATH=/home/thedush/ROS2_turtlesim_PID_demo/install/cpp_node:${AMENT_PREFIX_PATH} CMAKE_PREFIX_PATH=/home/thedush/ROS2_turtlesim_PID_demo/install/cpp_node LD_LIBRARY_PATH=/home/thedush/ROS2_turtlesim_PID_demo/install/cpp_node/lib:${LD_LIBRARY_PATH} PYTHONPATH=/home/thedush/ROS2_turtlesim_PID_demo/build/turtle_demo_controller/prefix_override:/home/thedush/ROS2_turtlesim_PID_demo/install/turtle_demo_controller/lib/python3.10/site-packages:/home/thedush/ROS2_turtlesim_PID_demo/install/cpp_node/local/lib/python3.10/dist-packages:${PYTHONPATH} /usr/bin/python3 -W ignore:setup.py install is deprecated setup.py egg_info --egg-base ../../build/turtle_demo_controller build --build-base /home/thedush/ROS2_turtlesim_PID_demo/build/turtle_demo_controller/build install --record /home/thedush/ROS2_turtlesim_PID_demo/build/turtle_demo_controller/install.log --single-version-externally-managed install_data
[7.357s] Level 1:colcon.colcon_core.environment:checking '/home/thedush/ROS2_turtlesim_PID_demo/install/turtle_demo_controller' for CMake config files
[7.358s] Level 1:colcon.colcon_core.environment:checking '/home/thedush/ROS2_turtlesim_PID_demo/install/turtle_demo_controller/lib'
[7.358s] Level 1:colcon.colcon_core.environment:checking '/home/thedush/ROS2_turtlesim_PID_demo/install/turtle_demo_controller/bin'
[7.358s] Level 1:colcon.colcon_core.environment:checking '/home/thedush/ROS2_turtlesim_PID_demo/install/turtle_demo_controller/lib/pkgconfig/turtle_demo_controller.pc'
[7.358s] Level 1:colcon.colcon_core.environment:checking '/home/thedush/ROS2_turtlesim_PID_demo/install/turtle_demo_controller/lib/python3.10/site-packages'
[7.358s] Level 1:colcon.colcon_core.shell:create_environment_hook('turtle_demo_controller', 'pythonpath')
[7.358s] INFO:colcon.colcon_core.shell:Creating environment hook '/home/thedush/ROS2_turtlesim_PID_demo/install/turtle_demo_controller/share/turtle_demo_controller/hook/pythonpath.ps1'
[7.359s] INFO:colcon.colcon_core.shell:Creating environment descriptor '/home/thedush/ROS2_turtlesim_PID_demo/install/turtle_demo_controller/share/turtle_demo_controller/hook/pythonpath.dsv'
[7.359s] INFO:colcon.colcon_core.shell:Creating environment hook '/home/thedush/ROS2_turtlesim_PID_demo/install/turtle_demo_controller/share/turtle_demo_controller/hook/pythonpath.sh'
[7.359s] Level 1:colcon.colcon_core.environment:checking '/home/thedush/ROS2_turtlesim_PID_demo/install/turtle_demo_controller/bin'
[7.359s] Level 1:colcon.colcon_core.environment:create_environment_scripts_only(turtle_demo_controller)
[7.360s] INFO:colcon.colcon_core.shell:Creating package script '/home/thedush/ROS2_turtlesim_PID_demo/install/turtle_demo_controller/share/turtle_demo_controller/package.ps1'
[7.360s] INFO:colcon.colcon_core.shell:Creating package descriptor '/home/thedush/ROS2_turtlesim_PID_demo/install/turtle_demo_controller/share/turtle_demo_controller/package.dsv'
[7.360s] INFO:colcon.colcon_core.shell:Creating package script '/home/thedush/ROS2_turtlesim_PID_demo/install/turtle_demo_controller/share/turtle_demo_controller/package.sh'
[7.361s] INFO:colcon.colcon_core.shell:Creating package script '/home/thedush/ROS2_turtlesim_PID_demo/install/turtle_demo_controller/share/turtle_demo_controller/package.bash'
[7.361s] INFO:colcon.colcon_core.shell:Creating package script '/home/thedush/ROS2_turtlesim_PID_demo/install/turtle_demo_controller/share/turtle_demo_controller/package.zsh'
[7.361s] Level 1:colcon.colcon_core.environment:create_file_with_runtime_dependencies(/home/thedush/ROS2_turtlesim_PID_demo/install/turtle_demo_controller/share/colcon-core/packages/turtle_demo_controller)
[7.362s] DEBUG:colcon.colcon_parallel_executor.executor.parallel:closing loop
[7.362s] DEBUG:colcon.colcon_parallel_executor.executor.parallel:loop closed
[7.362s] DEBUG:colcon.colcon_parallel_executor.executor.parallel:run_until_complete finished with '0'
[7.362s] DEBUG:colcon.colcon_core.event_reactor:joining thread
[7.365s] INFO:colcon.colcon_core.plugin_system:Skipping extension 'colcon_notification.desktop_notification.terminal_notifier': Not used on non-Darwin systems
[7.365s] INFO:colcon.colcon_core.plugin_system:Skipping extension 'colcon_notification.desktop_notification.win32': Not used on non-Windows systems
[7.366s] INFO:colcon.colcon_notification.desktop_notification:Sending desktop notification using 'notify2'
[7.375s] DEBUG:colcon.colcon_core.event_reactor:joined thread
[7.375s] INFO:colcon.colcon_core.shell:Creating prefix script '/home/thedush/ROS2_turtlesim_PID_demo/install/local_setup.ps1'
[7.376s] INFO:colcon.colcon_core.shell:Creating prefix util module '/home/thedush/ROS2_turtlesim_PID_demo/install/_local_setup_util_ps1.py'
[7.377s] INFO:colcon.colcon_core.shell:Creating prefix chain script '/home/thedush/ROS2_turtlesim_PID_demo/install/setup.ps1'
[7.378s] INFO:colcon.colcon_core.shell:Creating prefix script '/home/thedush/ROS2_turtlesim_PID_demo/install/local_setup.sh'
[7.379s] INFO:colcon.colcon_core.shell:Creating prefix util module '/home/thedush/ROS2_turtlesim_PID_demo/install/_local_setup_util_sh.py'
[7.379s] INFO:colcon.colcon_core.shell:Creating prefix chain script '/home/thedush/ROS2_turtlesim_PID_demo/install/setup.sh'
[7.380s] INFO:colcon.colcon_core.shell:Creating prefix script '/home/thedush/ROS2_turtlesim_PID_demo/install/local_setup.bash'
[7.380s] INFO:colcon.colcon_core.shell:Creating prefix chain script '/home/thedush/ROS2_turtlesim_PID_demo/install/setup.bash'
[7.380s] INFO:colcon.colcon_core.shell:Creating prefix script '/home/thedush/ROS2_turtlesim_PID_demo/install/local_setup.zsh'
[7.381s] INFO:colcon.colcon_core.shell:Creating prefix chain script '/home/thedush/ROS2_turtlesim_PID_demo/install/setup.zsh'
