-- Found ament_cmake: 1.3.9 (/opt/ros/humble/share/ament_cmake/cmake)
-- Found rclcpp: 16.0.9 (/opt/ros/humble/share/rclcpp/cmake)
-- Found rosidl_generator_c: 3.1.5 (/opt/ros/humble/share/rosidl_generator_c/cmake)
-- Found rosidl_adapter: 3.1.5 (/opt/ros/humble/share/rosidl_adapter/cmake)
-- Found rosidl_generator_cpp: 3.1.5 (/opt/ros/humble/share/rosidl_generator_cpp/cmake)
-- Using all available rosidl_typesupport_c: rosidl_typesupport_fastrtps_c;rosidl_typesupport_introspection_c
-- Using all available rosidl_typesupport_cpp: rosidl_typesupport_fastrtps_cpp;rosidl_typesupport_introspection_cpp
-- Found rmw_implementation_cmake: 6.1.2 (/opt/ros/humble/share/rmw_implementation_cmake/cmake)
-- Found rmw_fastrtps_cpp: 6.2.6 (/opt/ros/humble/share/rmw_fastrtps_cpp/cmake)
-- Using RMW implementation 'rmw_fastrtps_cpp' as default
-- Found geometry_msgs: 4.2.3 (/opt/ros/humble/share/geometry_msgs/cmake)
-- Found sensor_msgs: 4.2.4 (/opt/ros/humble/share/sensor_msgs/cmake)
-- Found rosidl_default_generators: 1.2.0 (/opt/ros/humble/share/rosidl_default_generators/cmake)
-- Found ament_cmake_ros: 0.10.0 (/opt/ros/humble/share/ament_cmake_ros/cmake)
-- Using all available rosidl_typesupport_c: rosidl_typesupport_fastrtps_c;rosidl_typesupport_introspection_c
-- Using all available rosidl_typesupport_cpp: rosidl_typesupport_fastrtps_cpp;rosidl_typesupport_introspection_cpp
-- Found python_cmake_module: 0.10.0 (/opt/ros/humble/share/python_cmake_module/cmake)
-- Using PYTHON_EXECUTABLE: /usr/bin/python3
-- Using PYTHON_INCLUDE_DIRS: /usr/include/python3.10
-- Using PYTHON_LIBRARIES: /usr/lib/x86_64-linux-gnu/libpython3.10.so
-- Found ament_lint_auto: 0.12.11 (/opt/ros/humble/share/ament_lint_auto/cmake)
-- Configuring done
-- Generating done
-- Build files have been written to: /home/thedush/ROS2_turtlesim_PID_demo/build/cpp_node
[  3%] [34m[1mGenerating C++ code for ROS interfaces[0m
[  3%] Built target cpp_node__cpp
[  3%] Built target ament_cmake_python_copy_cpp_node
[  6%] [34m[1mGenerating C++ introspection for ROS interfaces[0m
[35m[1mConsolidate compiler generated dependencies of target cpp_node__rosidl_typesupport_introspection_cpp[0m
[  9%] [32mBuilding CXX object CMakeFiles/cpp_node__rosidl_typesupport_introspection_cpp.dir/rosidl_typesupport_introspection_cpp/cpp_node/action/detail/go_to_pose__type_support.cpp.o[0m
[ 12%] [32m[1mLinking CXX shared library libcpp_node__rosidl_typesupport_introspection_cpp.so[0m
[ 12%] Built target cpp_node__rosidl_typesupport_introspection_cpp
running egg_info
writing cpp_node.egg-info/PKG-INFO
writing dependency_links to cpp_node.egg-info/dependency_links.txt
writing top-level names to cpp_node.egg-info/top_level.txt
reading manifest file 'cpp_node.egg-info/SOURCES.txt'
writing manifest file 'cpp_node.egg-info/SOURCES.txt'
[ 12%] Built target ament_cmake_python_build_cpp_node_egg
[ 16%] [34m[1mGenerating C++ type support for eProsima Fast-RTPS[0m
[35m[1mConsolidate compiler generated dependencies of target cpp_node__rosidl_typesupport_fastrtps_cpp[0m
[ 19%] [32mBuilding CXX object CMakeFiles/cpp_node__rosidl_typesupport_fastrtps_cpp.dir/rosidl_typesupport_fastrtps_cpp/cpp_node/action/detail/dds_fastrtps/go_to_pose__type_support.cpp.o[0m
[ 22%] [32m[1mLinking CXX shared library libcpp_node__rosidl_typesupport_fastrtps_cpp.so[0m
[ 22%] Built target cpp_node__rosidl_typesupport_fastrtps_cpp
[ 25%] [34m[1mGenerating C++ type support dispatch for ROS interfaces[0m
[35m[1mConsolidate compiler generated dependencies of target cpp_node__rosidl_typesupport_cpp[0m
[ 29%] [32mBuilding CXX object CMakeFiles/cpp_node__rosidl_typesupport_cpp.dir/rosidl_typesupport_cpp/cpp_node/action/go_to_pose__type_support.cpp.o[0m
[ 32%] [32m[1mLinking CXX shared library libcpp_node__rosidl_typesupport_cpp.so[0m
[ 32%] Built target cpp_node__rosidl_typesupport_cpp
[ 35%] [34m[1mGenerating C code for ROS interfaces[0m
[35m[1mConsolidate compiler generated dependencies of target cpp_node__rosidl_generator_c[0m
[ 38%] [32mBuilding C object CMakeFiles/cpp_node__rosidl_generator_c.dir/rosidl_generator_c/cpp_node/action/detail/go_to_pose__functions.c.o[0m
[ 41%] [32m[1mLinking C shared library libcpp_node__rosidl_generator_c.so[0m
[ 41%] Built target cpp_node__rosidl_generator_c
[ 45%] [34m[1mGenerating C type support for eProsima Fast-RTPS[0m
[35m[1mConsolidate compiler generated dependencies of target cpp_node__rosidl_typesupport_fastrtps_c[0m
[ 48%] [32mBuilding CXX object CMakeFiles/cpp_node__rosidl_typesupport_fastrtps_c.dir/rosidl_typesupport_fastrtps_c/cpp_node/action/detail/go_to_pose__type_support_c.cpp.o[0m
[ 51%] [32m[1mLinking CXX shared library libcpp_node__rosidl_typesupport_fastrtps_c.so[0m
[ 51%] Built target cpp_node__rosidl_typesupport_fastrtps_c
[ 54%] [34m[1mGenerating C type support dispatch for ROS interfaces[0m
[35m[1mConsolidate compiler generated dependencies of target cpp_node__rosidl_typesupport_c[0m
[ 58%] [32mBuilding CXX object CMakeFiles/cpp_node__rosidl_typesupport_c.dir/rosidl_typesupport_c/cpp_node/action/go_to_pose__type_support.cpp.o[0m
[ 61%] [32m[1mLinking CXX shared library libcpp_node__rosidl_typesupport_c.so[0m
[ 61%] Built target cpp_node__rosidl_typesupport_c
[ 64%] [34m[1mGenerating C introspection for ROS interfaces[0m
[35m[1mConsolidate compiler generated dependencies of target cpp_node__rosidl_typesupport_introspection_c[0m
[ 67%] [32mBuilding C object CMakeFiles/cpp_node__rosidl_typesupport_introspection_c.dir/rosidl_typesupport_introspection_c/cpp_node/action/detail/go_to_pose__type_support.c.o[0m
[ 70%] [32m[1mLinking C shared library libcpp_node__rosidl_typesupport_introspection_c.so[0m
[ 70%] Built target cpp_node__rosidl_typesupport_introspection_c
[ 70%] Built target cpp_node
[ 74%] [34m[1mGenerating Python code for ROS interfaces[0m
[ 74%] Built target cpp_node__py
[35m[1mConsolidate compiler generated dependencies of target cpp_node__rosidl_generator_py[0m
[ 77%] [32mBuilding C object CMakeFiles/cpp_node__rosidl_generator_py.dir/rosidl_generator_py/cpp_node/action/_go_to_pose_s.c.o[0m
[ 80%] [32m[1mLinking C shared library rosidl_generator_py/cpp_node/libcpp_node__rosidl_generator_py.so[0m
[ 80%] Built target cpp_node__rosidl_generator_py
[35m[1mConsolidate compiler generated dependencies of target cpp_node__rosidl_typesupport_fastrtps_c__pyext[0m
[ 83%] [32mBuilding C object CMakeFiles/cpp_node__rosidl_typesupport_fastrtps_c__pyext.dir/rosidl_generator_py/cpp_node/_cpp_node_s.ep.rosidl_typesupport_fastrtps_c.c.o[0m
[ 87%] [32m[1mLinking C shared library rosidl_generator_py/cpp_node/cpp_node_s__rosidl_typesupport_fastrtps_c.cpython-310-x86_64-linux-gnu.so[0m
[ 87%] Built target cpp_node__rosidl_typesupport_fastrtps_c__pyext
[35m[1mConsolidate compiler generated dependencies of target cpp_node__rosidl_typesupport_c__pyext[0m
[ 90%] [32mBuilding C object CMakeFiles/cpp_node__rosidl_typesupport_c__pyext.dir/rosidl_generator_py/cpp_node/_cpp_node_s.ep.rosidl_typesupport_c.c.o[0m
[ 93%] [32m[1mLinking C shared library rosidl_generator_py/cpp_node/cpp_node_s__rosidl_typesupport_c.cpython-310-x86_64-linux-gnu.so[0m
[ 93%] Built target cpp_node__rosidl_typesupport_c__pyext
[35m[1mConsolidate compiler generated dependencies of target cpp_node__rosidl_typesupport_introspection_c__pyext[0m
[ 96%] [32mBuilding C object CMakeFiles/cpp_node__rosidl_typesupport_introspection_c__pyext.dir/rosidl_generator_py/cpp_node/_cpp_node_s.ep.rosidl_typesupport_introspection_c.c.o[0m
[100%] [32m[1mLinking C shared library rosidl_generator_py/cpp_node/cpp_node_s__rosidl_typesupport_introspection_c.cpython-310-x86_64-linux-gnu.so[0m
[100%] Built target cpp_node__rosidl_typesupport_introspection_c__pyext
-- Install configuration: ""
-- Installing: /home/thedush/ROS2_turtlesim_PID_demo/install/cpp_node/share/ament_index/resource_index/rosidl_interfaces/cpp_node
-- Up-to-date: /home/thedush/ROS2_turtlesim_PID_demo/install/cpp_node/include/cpp_node/cpp_node
-- Installing: /home/thedush/ROS2_turtlesim_PID_demo/install/cpp_node/include/cpp_node/cpp_node/msg
-- Installing: /home/thedush/ROS2_turtlesim_PID_demo/install/cpp_node/include/cpp_node/cpp_node/msg/rosidl_generator_c__visibility_control.h
-- Up-to-date: /home/thedush/ROS2_turtlesim_PID_demo/install/cpp_node/include/cpp_node/cpp_node/action
-- Up-to-date: /home/thedush/ROS2_turtlesim_PID_demo/install/cpp_node/include/cpp_node/cpp_node/action/detail
-- Installing: /home/thedush/ROS2_turtlesim_PID_demo/install/cpp_node/include/cpp_node/cpp_node/action/detail/go_to_pose__struct.h
-- Installing: /home/thedush/ROS2_turtlesim_PID_demo/install/cpp_node/include/cpp_node/cpp_node/action/detail/go_to_pose__functions.c
-- Installing: /home/thedush/ROS2_turtlesim_PID_demo/install/cpp_node/include/cpp_node/cpp_node/action/detail/go_to_pose__type_support.h
-- Installing: /home/thedush/ROS2_turtlesim_PID_demo/install/cpp_node/include/cpp_node/cpp_node/action/detail/go_to_pose__functions.h
-- Installing: /home/thedush/ROS2_turtlesim_PID_demo/install/cpp_node/include/cpp_node/cpp_node/action/go_to_pose.h
-- Installing: /home/thedush/ROS2_turtlesim_PID_demo/install/cpp_node/share/cpp_node/environment/library_path.sh
-- Installing: /home/thedush/ROS2_turtlesim_PID_demo/install/cpp_node/share/cpp_node/environment/library_path.dsv
-- Installing: /home/thedush/ROS2_turtlesim_PID_demo/install/cpp_node/lib/libcpp_node__rosidl_generator_c.so
-- Set runtime path of "/home/thedush/ROS2_turtlesim_PID_demo/install/cpp_node/lib/libcpp_node__rosidl_generator_c.so" to ""
-- Up-to-date: /home/thedush/ROS2_turtlesim_PID_demo/install/cpp_node/include/cpp_node/cpp_node
-- Up-to-date: /home/thedush/ROS2_turtlesim_PID_demo/install/cpp_node/include/cpp_node/cpp_node/msg
-- Installing: /home/thedush/ROS2_turtlesim_PID_demo/install/cpp_node/include/cpp_node/cpp_node/msg/rosidl_typesupport_fastrtps_c__visibility_control.h
-- Up-to-date: /home/thedush/ROS2_turtlesim_PID_demo/install/cpp_node/include/cpp_node/cpp_node/action
-- Up-to-date: /home/thedush/ROS2_turtlesim_PID_demo/install/cpp_node/include/cpp_node/cpp_node/action/detail
-- Installing: /home/thedush/ROS2_turtlesim_PID_demo/install/cpp_node/include/cpp_node/cpp_node/action/detail/go_to_pose__rosidl_typesupport_fastrtps_c.h
-- Installing: /home/thedush/ROS2_turtlesim_PID_demo/install/cpp_node/lib/libcpp_node__rosidl_typesupport_fastrtps_c.so
-- Set runtime path of "/home/thedush/ROS2_turtlesim_PID_demo/install/cpp_node/lib/libcpp_node__rosidl_typesupport_fastrtps_c.so" to ""
-- Up-to-date: /home/thedush/ROS2_turtlesim_PID_demo/install/cpp_node/include/cpp_node/cpp_node
-- Up-to-date: /home/thedush/ROS2_turtlesim_PID_demo/install/cpp_node/include/cpp_node/cpp_node/action
-- Up-to-date: /home/thedush/ROS2_turtlesim_PID_demo/install/cpp_node/include/cpp_node/cpp_node/action/detail
-- Installing: /home/thedush/ROS2_turtlesim_PID_demo/install/cpp_node/include/cpp_node/cpp_node/action/detail/go_to_pose__struct.hpp
-- Installing: /home/thedush/ROS2_turtlesim_PID_demo/install/cpp_node/include/cpp_node/cpp_node/action/detail/go_to_pose__traits.hpp
-- Installing: /home/thedush/ROS2_turtlesim_PID_demo/install/cpp_node/include/cpp_node/cpp_node/action/detail/go_to_pose__builder.hpp
-- Installing: /home/thedush/ROS2_turtlesim_PID_demo/install/cpp_node/include/cpp_node/cpp_node/action/go_to_pose.hpp
-- Up-to-date: /home/thedush/ROS2_turtlesim_PID_demo/install/cpp_node/include/cpp_node/cpp_node
-- Up-to-date: /home/thedush/ROS2_turtlesim_PID_demo/install/cpp_node/include/cpp_node/cpp_node/msg
-- Installing: /home/thedush/ROS2_turtlesim_PID_demo/install/cpp_node/include/cpp_node/cpp_node/msg/rosidl_typesupport_fastrtps_cpp__visibility_control.h
-- Up-to-date: /home/thedush/ROS2_turtlesim_PID_demo/install/cpp_node/include/cpp_node/cpp_node/action
-- Up-to-date: /home/thedush/ROS2_turtlesim_PID_demo/install/cpp_node/include/cpp_node/cpp_node/action/detail
-- Up-to-date: /home/thedush/ROS2_turtlesim_PID_demo/install/cpp_node/include/cpp_node/cpp_node/action/detail/dds_fastrtps
-- Installing: /home/thedush/ROS2_turtlesim_PID_demo/install/cpp_node/include/cpp_node/cpp_node/action/detail/go_to_pose__rosidl_typesupport_fastrtps_cpp.hpp
-- Installing: /home/thedush/ROS2_turtlesim_PID_demo/install/cpp_node/lib/libcpp_node__rosidl_typesupport_fastrtps_cpp.so
-- Set runtime path of "/home/thedush/ROS2_turtlesim_PID_demo/install/cpp_node/lib/libcpp_node__rosidl_typesupport_fastrtps_cpp.so" to ""
-- Up-to-date: /home/thedush/ROS2_turtlesim_PID_demo/install/cpp_node/include/cpp_node/cpp_node
-- Up-to-date: /home/thedush/ROS2_turtlesim_PID_demo/install/cpp_node/include/cpp_node/cpp_node/msg
-- Installing: /home/thedush/ROS2_turtlesim_PID_demo/install/cpp_node/include/cpp_node/cpp_node/msg/rosidl_typesupport_introspection_c__visibility_control.h
-- Up-to-date: /home/thedush/ROS2_turtlesim_PID_demo/install/cpp_node/include/cpp_node/cpp_node/action
-- Up-to-date: /home/thedush/ROS2_turtlesim_PID_demo/install/cpp_node/include/cpp_node/cpp_node/action/detail
-- Installing: /home/thedush/ROS2_turtlesim_PID_demo/install/cpp_node/include/cpp_node/cpp_node/action/detail/go_to_pose__type_support.c
-- Installing: /home/thedush/ROS2_turtlesim_PID_demo/install/cpp_node/include/cpp_node/cpp_node/action/detail/go_to_pose__rosidl_typesupport_introspection_c.h
-- Installing: /home/thedush/ROS2_turtlesim_PID_demo/install/cpp_node/lib/libcpp_node__rosidl_typesupport_introspection_c.so
-- Set runtime path of "/home/thedush/ROS2_turtlesim_PID_demo/install/cpp_node/lib/libcpp_node__rosidl_typesupport_introspection_c.so" to ""
-- Installing: /home/thedush/ROS2_turtlesim_PID_demo/install/cpp_node/lib/libcpp_node__rosidl_typesupport_c.so
-- Set runtime path of "/home/thedush/ROS2_turtlesim_PID_demo/install/cpp_node/lib/libcpp_node__rosidl_typesupport_c.so" to ""
-- Up-to-date: /home/thedush/ROS2_turtlesim_PID_demo/install/cpp_node/include/cpp_node/cpp_node
-- Up-to-date: /home/thedush/ROS2_turtlesim_PID_demo/install/cpp_node/include/cpp_node/cpp_node/action
-- Up-to-date: /home/thedush/ROS2_turtlesim_PID_demo/install/cpp_node/include/cpp_node/cpp_node/action/detail
-- Installing: /home/thedush/ROS2_turtlesim_PID_demo/install/cpp_node/include/cpp_node/cpp_node/action/detail/go_to_pose__rosidl_typesupport_introspection_cpp.hpp
-- Installing: /home/thedush/ROS2_turtlesim_PID_demo/install/cpp_node/include/cpp_node/cpp_node/action/detail/go_to_pose__type_support.cpp
-- Installing: /home/thedush/ROS2_turtlesim_PID_demo/install/cpp_node/lib/libcpp_node__rosidl_typesupport_introspection_cpp.so
-- Set runtime path of "/home/thedush/ROS2_turtlesim_PID_demo/install/cpp_node/lib/libcpp_node__rosidl_typesupport_introspection_cpp.so" to ""
-- Installing: /home/thedush/ROS2_turtlesim_PID_demo/install/cpp_node/lib/libcpp_node__rosidl_typesupport_cpp.so
-- Set runtime path of "/home/thedush/ROS2_turtlesim_PID_demo/install/cpp_node/lib/libcpp_node__rosidl_typesupport_cpp.so" to ""
-- Installing: /home/thedush/ROS2_turtlesim_PID_demo/install/cpp_node/share/cpp_node/environment/pythonpath.sh
-- Installing: /home/thedush/ROS2_turtlesim_PID_demo/install/cpp_node/share/cpp_node/environment/pythonpath.dsv
-- Up-to-date: /home/thedush/ROS2_turtlesim_PID_demo/install/cpp_node/local/lib/python3.10/dist-packages/cpp_node-0.0.0-py3.10.egg-info
-- Installing: /home/thedush/ROS2_turtlesim_PID_demo/install/cpp_node/local/lib/python3.10/dist-packages/cpp_node-0.0.0-py3.10.egg-info/top_level.txt
-- Installing: /home/thedush/ROS2_turtlesim_PID_demo/install/cpp_node/local/lib/python3.10/dist-packages/cpp_node-0.0.0-py3.10.egg-info/PKG-INFO
-- Installing: /home/thedush/ROS2_turtlesim_PID_demo/install/cpp_node/local/lib/python3.10/dist-packages/cpp_node-0.0.0-py3.10.egg-info/dependency_links.txt
-- Installing: /home/thedush/ROS2_turtlesim_PID_demo/install/cpp_node/local/lib/python3.10/dist-packages/cpp_node-0.0.0-py3.10.egg-info/SOURCES.txt
-- Up-to-date: /home/thedush/ROS2_turtlesim_PID_demo/install/cpp_node/local/lib/python3.10/dist-packages/cpp_node
-- Installing: /home/thedush/ROS2_turtlesim_PID_demo/install/cpp_node/local/lib/python3.10/dist-packages/cpp_node/_cpp_node_s.ep.rosidl_typesupport_fastrtps_c.c
-- Installing: /home/thedush/ROS2_turtlesim_PID_demo/install/cpp_node/local/lib/python3.10/dist-packages/cpp_node/__init__.py
-- Installing: /home/thedush/ROS2_turtlesim_PID_demo/install/cpp_node/local/lib/python3.10/dist-packages/cpp_node/cpp_node_s__rosidl_typesupport_fastrtps_c.cpython-310-x86_64-linux-gnu.so
-- Installing: /home/thedush/ROS2_turtlesim_PID_demo/install/cpp_node/local/lib/python3.10/dist-packages/cpp_node/cpp_node_s__rosidl_typesupport_c.cpython-310-x86_64-linux-gnu.so
-- Installing: /home/thedush/ROS2_turtlesim_PID_demo/install/cpp_node/local/lib/python3.10/dist-packages/cpp_node/cpp_node_s__rosidl_typesupport_introspection_c.cpython-310-x86_64-linux-gnu.so
-- Installing: /home/thedush/ROS2_turtlesim_PID_demo/install/cpp_node/local/lib/python3.10/dist-packages/cpp_node/libcpp_node__rosidl_generator_py.so
-- Installing: /home/thedush/ROS2_turtlesim_PID_demo/install/cpp_node/local/lib/python3.10/dist-packages/cpp_node/_cpp_node_s.ep.rosidl_typesupport_introspection_c.c
-- Up-to-date: /home/thedush/ROS2_turtlesim_PID_demo/install/cpp_node/local/lib/python3.10/dist-packages/cpp_node/action
-- Installing: /home/thedush/ROS2_turtlesim_PID_demo/install/cpp_node/local/lib/python3.10/dist-packages/cpp_node/action/__init__.py
-- Installing: /home/thedush/ROS2_turtlesim_PID_demo/install/cpp_node/local/lib/python3.10/dist-packages/cpp_node/action/_go_to_pose.py
-- Installing: /home/thedush/ROS2_turtlesim_PID_demo/install/cpp_node/local/lib/python3.10/dist-packages/cpp_node/action/_go_to_pose_s.c
-- Installing: /home/thedush/ROS2_turtlesim_PID_demo/install/cpp_node/local/lib/python3.10/dist-packages/cpp_node/_cpp_node_s.ep.rosidl_typesupport_c.c
Listing '/home/thedush/ROS2_turtlesim_PID_demo/install/cpp_node/local/lib/python3.10/dist-packages/cpp_node'...
Compiling '/home/thedush/ROS2_turtlesim_PID_demo/install/cpp_node/local/lib/python3.10/dist-packages/cpp_node/__init__.py'...
Listing '/home/thedush/ROS2_turtlesim_PID_demo/install/cpp_node/local/lib/python3.10/dist-packages/cpp_node/action'...
Compiling '/home/thedush/ROS2_turtlesim_PID_demo/install/cpp_node/local/lib/python3.10/dist-packages/cpp_node/action/__init__.py'...
Compiling '/home/thedush/ROS2_turtlesim_PID_demo/install/cpp_node/local/lib/python3.10/dist-packages/cpp_node/action/_go_to_pose.py'...
-- Installing: /home/thedush/ROS2_turtlesim_PID_demo/install/cpp_node/local/lib/python3.10/dist-packages/cpp_node/cpp_node_s__rosidl_typesupport_fastrtps_c.cpython-310-x86_64-linux-gnu.so
-- Set runtime path of "/home/thedush/ROS2_turtlesim_PID_demo/install/cpp_node/local/lib/python3.10/dist-packages/cpp_node/cpp_node_s__rosidl_typesupport_fastrtps_c.cpython-310-x86_64-linux-gnu.so" to ""
-- Installing: /home/thedush/ROS2_turtlesim_PID_demo/install/cpp_node/local/lib/python3.10/dist-packages/cpp_node/cpp_node_s__rosidl_typesupport_introspection_c.cpython-310-x86_64-linux-gnu.so
-- Set runtime path of "/home/thedush/ROS2_turtlesim_PID_demo/install/cpp_node/local/lib/python3.10/dist-packages/cpp_node/cpp_node_s__rosidl_typesupport_introspection_c.cpython-310-x86_64-linux-gnu.so" to ""
-- Installing: /home/thedush/ROS2_turtlesim_PID_demo/install/cpp_node/local/lib/python3.10/dist-packages/cpp_node/cpp_node_s__rosidl_typesupport_c.cpython-310-x86_64-linux-gnu.so
-- Set runtime path of "/home/thedush/ROS2_turtlesim_PID_demo/install/cpp_node/local/lib/python3.10/dist-packages/cpp_node/cpp_node_s__rosidl_typesupport_c.cpython-310-x86_64-linux-gnu.so" to ""
-- Installing: /home/thedush/ROS2_turtlesim_PID_demo/install/cpp_node/lib/libcpp_node__rosidl_generator_py.so
-- Set runtime path of "/home/thedush/ROS2_turtlesim_PID_demo/install/cpp_node/lib/libcpp_node__rosidl_generator_py.so" to ""
-- Installing: /home/thedush/ROS2_turtlesim_PID_demo/install/cpp_node/share/cpp_node/action/GoToPose.idl
-- Installing: /home/thedush/ROS2_turtlesim_PID_demo/install/cpp_node/share/cpp_node/action/GoToPose.action
-- Installing: /home/thedush/ROS2_turtlesim_PID_demo/install/cpp_node/share/ament_index/resource_index/package_run_dependencies/cpp_node
-- Installing: /home/thedush/ROS2_turtlesim_PID_demo/install/cpp_node/share/ament_index/resource_index/parent_prefix_path/cpp_node
-- Installing: /home/thedush/ROS2_turtlesim_PID_demo/install/cpp_node/share/cpp_node/environment/ament_prefix_path.sh
-- Installing: /home/thedush/ROS2_turtlesim_PID_demo/install/cpp_node/share/cpp_node/environment/ament_prefix_path.dsv
-- Installing: /home/thedush/ROS2_turtlesim_PID_demo/install/cpp_node/share/cpp_node/environment/path.sh
-- Installing: /home/thedush/ROS2_turtlesim_PID_demo/install/cpp_node/share/cpp_node/environment/path.dsv
-- Installing: /home/thedush/ROS2_turtlesim_PID_demo/install/cpp_node/share/cpp_node/local_setup.bash
-- Installing: /home/thedush/ROS2_turtlesim_PID_demo/install/cpp_node/share/cpp_node/local_setup.sh
-- Installing: /home/thedush/ROS2_turtlesim_PID_demo/install/cpp_node/share/cpp_node/local_setup.zsh
-- Installing: /home/thedush/ROS2_turtlesim_PID_demo/install/cpp_node/share/cpp_node/local_setup.dsv
-- Installing: /home/thedush/ROS2_turtlesim_PID_demo/install/cpp_node/share/cpp_node/package.dsv
-- Installing: /home/thedush/ROS2_turtlesim_PID_demo/install/cpp_node/share/ament_index/resource_index/packages/cpp_node
-- Installing: /home/thedush/ROS2_turtlesim_PID_demo/install/cpp_node/share/cpp_node/cmake/export_cpp_node__rosidl_generator_cExport.cmake
-- Installing: /home/thedush/ROS2_turtlesim_PID_demo/install/cpp_node/share/cpp_node/cmake/export_cpp_node__rosidl_generator_cExport-noconfig.cmake
-- Installing: /home/thedush/ROS2_turtlesim_PID_demo/install/cpp_node/share/cpp_node/cmake/export_cpp_node__rosidl_typesupport_fastrtps_cExport.cmake
-- Installing: /home/thedush/ROS2_turtlesim_PID_demo/install/cpp_node/share/cpp_node/cmake/export_cpp_node__rosidl_typesupport_fastrtps_cExport-noconfig.cmake
-- Installing: /home/thedush/ROS2_turtlesim_PID_demo/install/cpp_node/share/cpp_node/cmake/export_cpp_node__rosidl_generator_cppExport.cmake
-- Installing: /home/thedush/ROS2_turtlesim_PID_demo/install/cpp_node/share/cpp_node/cmake/export_cpp_node__rosidl_typesupport_fastrtps_cppExport.cmake
-- Installing: /home/thedush/ROS2_turtlesim_PID_demo/install/cpp_node/share/cpp_node/cmake/export_cpp_node__rosidl_typesupport_fastrtps_cppExport-noconfig.cmake
-- Installing: /home/thedush/ROS2_turtlesim_PID_demo/install/cpp_node/share/cpp_node/cmake/cpp_node__rosidl_typesupport_introspection_cExport.cmake
-- Installing: /home/thedush/ROS2_turtlesim_PID_demo/install/cpp_node/share/cpp_node/cmake/cpp_node__rosidl_typesupport_introspection_cExport-noconfig.cmake
-- Installing: /home/thedush/ROS2_turtlesim_PID_demo/install/cpp_node/share/cpp_node/cmake/cpp_node__rosidl_typesupport_cExport.cmake
-- Installing: /home/thedush/ROS2_turtlesim_PID_demo/install/cpp_node/share/cpp_node/cmake/cpp_node__rosidl_typesupport_cExport-noconfig.cmake
-- Installing: /home/thedush/ROS2_turtlesim_PID_demo/install/cpp_node/share/cpp_node/cmake/cpp_node__rosidl_typesupport_introspection_cppExport.cmake
-- Installing: /home/thedush/ROS2_turtlesim_PID_demo/install/cpp_node/share/cpp_node/cmake/cpp_node__rosidl_typesupport_introspection_cppExport-noconfig.cmake
-- Installing: /home/thedush/ROS2_turtlesim_PID_demo/install/cpp_node/share/cpp_node/cmake/cpp_node__rosidl_typesupport_cppExport.cmake
-- Installing: /home/thedush/ROS2_turtlesim_PID_demo/install/cpp_node/share/cpp_node/cmake/cpp_node__rosidl_typesupport_cppExport-noconfig.cmake
-- Installing: /home/thedush/ROS2_turtlesim_PID_demo/install/cpp_node/share/cpp_node/cmake/export_cpp_node__rosidl_generator_pyExport.cmake
-- Installing: /home/thedush/ROS2_turtlesim_PID_demo/install/cpp_node/share/cpp_node/cmake/export_cpp_node__rosidl_generator_pyExport-noconfig.cmake
-- Installing: /home/thedush/ROS2_turtlesim_PID_demo/install/cpp_node/share/cpp_node/cmake/rosidl_cmake-extras.cmake
-- Installing: /home/thedush/ROS2_turtlesim_PID_demo/install/cpp_node/share/cpp_node/cmake/ament_cmake_export_dependencies-extras.cmake
-- Installing: /home/thedush/ROS2_turtlesim_PID_demo/install/cpp_node/share/cpp_node/cmake/ament_cmake_export_include_directories-extras.cmake
-- Installing: /home/thedush/ROS2_turtlesim_PID_demo/install/cpp_node/share/cpp_node/cmake/ament_cmake_export_libraries-extras.cmake
-- Installing: /home/thedush/ROS2_turtlesim_PID_demo/install/cpp_node/share/cpp_node/cmake/ament_cmake_export_targets-extras.cmake
-- Installing: /home/thedush/ROS2_turtlesim_PID_demo/install/cpp_node/share/cpp_node/cmake/rosidl_cmake_export_typesupport_targets-extras.cmake
-- Installing: /home/thedush/ROS2_turtlesim_PID_demo/install/cpp_node/share/cpp_node/cmake/rosidl_cmake_export_typesupport_libraries-extras.cmake
-- Installing: /home/thedush/ROS2_turtlesim_PID_demo/install/cpp_node/share/cpp_node/cmake/cpp_nodeConfig.cmake
-- Installing: /home/thedush/ROS2_turtlesim_PID_demo/install/cpp_node/share/cpp_node/cmake/cpp_nodeConfig-version.cmake
-- Installing: /home/thedush/ROS2_turtlesim_PID_demo/install/cpp_node/share/cpp_node/package.xml
