[0.121s] Invoking command in '/home/thedush/ROS2_turtlesim_PID_demo/build/cpp_node': CMAKE_PREFIX_PATH=/opt/ros/humble /usr/bin/cmake --build /home/thedush/ROS2_turtlesim_PID_demo/build/cpp_node -- -j8 -l8
[0.239s] -- Found ament_cmake: 1.3.9 (/opt/ros/humble/share/ament_cmake/cmake)
[0.431s] -- Found rclcpp: 16.0.9 (/opt/ros/humble/share/rclcpp/cmake)
[0.480s] -- Found rosidl_generator_c: 3.1.5 (/opt/ros/humble/share/rosidl_generator_c/cmake)
[0.480s] -- Found rosidl_adapter: 3.1.5 (/opt/ros/humble/share/rosidl_adapter/cmake)
[0.487s] -- Found rosidl_generator_cpp: 3.1.5 (/opt/ros/humble/share/rosidl_generator_cpp/cmake)
[0.509s] -- Using all available rosidl_typesupport_c: rosidl_typesupport_fastrtps_c;rosidl_typesupport_introspection_c
[0.538s] -- Using all available rosidl_typesupport_cpp: rosidl_typesupport_fastrtps_cpp;rosidl_typesupport_introspection_cpp
[0.644s] -- Found rmw_implementation_cmake: 6.1.2 (/opt/ros/humble/share/rmw_implementation_cmake/cmake)
[0.646s] -- Found rmw_fastrtps_cpp: 6.2.6 (/opt/ros/humble/share/rmw_fastrtps_cpp/cmake)
[0.853s] -- Using RMW implementation 'rmw_fastrtps_cpp' as default
[1.115s] -- Found geometry_msgs: 4.2.3 (/opt/ros/humble/share/geometry_msgs/cmake)
[1.173s] -- Found sensor_msgs: 4.2.4 (/opt/ros/humble/share/sensor_msgs/cmake)
[1.322s] -- Found rosidl_default_generators: 1.2.0 (/opt/ros/humble/share/rosidl_default_generators/cmake)
[1.855s] -- Found ament_cmake_ros: 0.10.0 (/opt/ros/humble/share/ament_cmake_ros/cmake)
[2.431s] -- Using all available rosidl_typesupport_c: rosidl_typesupport_fastrtps_c;rosidl_typesupport_introspection_c
[2.649s] -- Using all available rosidl_typesupport_cpp: rosidl_typesupport_fastrtps_cpp;rosidl_typesupport_introspection_cpp
[2.676s] -- Found python_cmake_module: 0.10.0 (/opt/ros/humble/share/python_cmake_module/cmake)
[2.715s] -- Using PYTHON_EXECUTABLE: /usr/bin/python3
[2.715s] -- Using PYTHON_INCLUDE_DIRS: /usr/include/python3.10
[2.715s] -- Using PYTHON_LIBRARIES: /usr/lib/x86_64-linux-gnu/libpython3.10.so
[2.769s] -- Found ament_lint_auto: 0.12.11 (/opt/ros/humble/share/ament_lint_auto/cmake)
[2.794s] -- Configuring done
[2.838s] -- Generating done
[2.843s] -- Build files have been written to: /home/thedush/ROS2_turtlesim_PID_demo/build/cpp_node
[2.885s] [  3%] [34m[1mGenerating C++ code for ROS interfaces[0m
[3.609s] [  3%] Built target cpp_node__cpp
[3.656s] [  3%] Built target ament_cmake_python_copy_cpp_node
[3.672s] [  6%] [34m[1mGenerating C++ introspection for ROS interfaces[0m
[4.213s] [35m[1mConsolidate compiler generated dependencies of target cpp_node__rosidl_typesupport_introspection_cpp[0m
[4.227s] [  9%] [32mBuilding CXX object CMakeFiles/cpp_node__rosidl_typesupport_introspection_cpp.dir/rosidl_typesupport_introspection_cpp/cpp_node/action/detail/go_to_pose__type_support.cpp.o[0m
[6.699s] [ 12%] [32m[1mLinking CXX shared library libcpp_node__rosidl_typesupport_introspection_cpp.so[0m
[7.089s] [ 12%] Built target cpp_node__rosidl_typesupport_introspection_cpp
[7.723s] running egg_info
[7.724s] writing cpp_node.egg-info/PKG-INFO
[7.724s] writing dependency_links to cpp_node.egg-info/dependency_links.txt
[7.725s] writing top-level names to cpp_node.egg-info/top_level.txt
[7.730s] reading manifest file 'cpp_node.egg-info/SOURCES.txt'
[7.732s] writing manifest file 'cpp_node.egg-info/SOURCES.txt'
[7.777s] [ 12%] Built target ament_cmake_python_build_cpp_node_egg
[7.796s] [ 16%] [34m[1mGenerating C++ type support for eProsima Fast-RTPS[0m
[8.596s] [35m[1mConsolidate compiler generated dependencies of target cpp_node__rosidl_typesupport_fastrtps_cpp[0m
[8.671s] [ 19%] [32mBuilding CXX object CMakeFiles/cpp_node__rosidl_typesupport_fastrtps_cpp.dir/rosidl_typesupport_fastrtps_cpp/cpp_node/action/detail/dds_fastrtps/go_to_pose__type_support.cpp.o[0m
[9.836s] [ 22%] [32m[1mLinking CXX shared library libcpp_node__rosidl_typesupport_fastrtps_cpp.so[0m
[9.984s] [ 22%] Built target cpp_node__rosidl_typesupport_fastrtps_cpp
[9.996s] [ 25%] [34m[1mGenerating C++ type support dispatch for ROS interfaces[0m
[10.495s] [35m[1mConsolidate compiler generated dependencies of target cpp_node__rosidl_typesupport_cpp[0m
[10.628s] [ 29%] [32mBuilding CXX object CMakeFiles/cpp_node__rosidl_typesupport_cpp.dir/rosidl_typesupport_cpp/cpp_node/action/go_to_pose__type_support.cpp.o[0m
[11.341s] [ 32%] [32m[1mLinking CXX shared library libcpp_node__rosidl_typesupport_cpp.so[0m
[11.481s] [ 32%] Built target cpp_node__rosidl_typesupport_cpp
[11.496s] [ 35%] [34m[1mGenerating C code for ROS interfaces[0m
[12.430s] [35m[1mConsolidate compiler generated dependencies of target cpp_node__rosidl_generator_c[0m
[12.449s] [ 38%] [32mBuilding C object CMakeFiles/cpp_node__rosidl_generator_c.dir/rosidl_generator_c/cpp_node/action/detail/go_to_pose__functions.c.o[0m
[13.330s] [ 41%] [32m[1mLinking C shared library libcpp_node__rosidl_generator_c.so[0m
[13.420s] [ 41%] Built target cpp_node__rosidl_generator_c
[13.436s] [ 45%] [34m[1mGenerating C type support for eProsima Fast-RTPS[0m
[14.105s] [35m[1mConsolidate compiler generated dependencies of target cpp_node__rosidl_typesupport_fastrtps_c[0m
[14.139s] [ 48%] [32mBuilding CXX object CMakeFiles/cpp_node__rosidl_typesupport_fastrtps_c.dir/rosidl_typesupport_fastrtps_c/cpp_node/action/detail/go_to_pose__type_support_c.cpp.o[0m
[14.794s] [ 51%] [32m[1mLinking CXX shared library libcpp_node__rosidl_typesupport_fastrtps_c.so[0m
[14.958s] [ 51%] Built target cpp_node__rosidl_typesupport_fastrtps_c
[14.975s] [ 54%] [34m[1mGenerating C type support dispatch for ROS interfaces[0m
[15.517s] [35m[1mConsolidate compiler generated dependencies of target cpp_node__rosidl_typesupport_c[0m
[15.529s] [ 58%] [32mBuilding CXX object CMakeFiles/cpp_node__rosidl_typesupport_c.dir/rosidl_typesupport_c/cpp_node/action/go_to_pose__type_support.cpp.o[0m
[15.639s] [ 61%] [32m[1mLinking CXX shared library libcpp_node__rosidl_typesupport_c.so[0m
[15.755s] [ 61%] Built target cpp_node__rosidl_typesupport_c
[15.771s] [ 64%] [34m[1mGenerating C introspection for ROS interfaces[0m
[16.485s] [35m[1mConsolidate compiler generated dependencies of target cpp_node__rosidl_typesupport_introspection_c[0m
[16.508s] [ 67%] [32mBuilding C object CMakeFiles/cpp_node__rosidl_typesupport_introspection_c.dir/rosidl_typesupport_introspection_c/cpp_node/action/detail/go_to_pose__type_support.c.o[0m
[16.667s] [ 70%] [32m[1mLinking C shared library libcpp_node__rosidl_typesupport_introspection_c.so[0m
[16.744s] [ 70%] Built target cpp_node__rosidl_typesupport_introspection_c
[16.797s] [ 70%] Built target cpp_node
[16.877s] [ 74%] [34m[1mGenerating Python code for ROS interfaces[0m
[18.163s] [ 74%] Built target cpp_node__py
[18.208s] [35m[1mConsolidate compiler generated dependencies of target cpp_node__rosidl_generator_py[0m
[18.814s] [ 77%] [32mBuilding C object CMakeFiles/cpp_node__rosidl_generator_py.dir/rosidl_generator_py/cpp_node/action/_go_to_pose_s.c.o[0m
[20.269s] [ 80%] [32m[1mLinking C shared library rosidl_generator_py/cpp_node/libcpp_node__rosidl_generator_py.so[0m
[20.437s] [ 80%] Built target cpp_node__rosidl_generator_py
[20.572s] [35m[1mConsolidate compiler generated dependencies of target cpp_node__rosidl_typesupport_fastrtps_c__pyext[0m
[20.586s] [ 83%] [32mBuilding C object CMakeFiles/cpp_node__rosidl_typesupport_fastrtps_c__pyext.dir/rosidl_generator_py/cpp_node/_cpp_node_s.ep.rosidl_typesupport_fastrtps_c.c.o[0m
[20.767s] [ 87%] [32m[1mLinking C shared library rosidl_generator_py/cpp_node/cpp_node_s__rosidl_typesupport_fastrtps_c.cpython-310-x86_64-linux-gnu.so[0m
[20.820s] [ 87%] Built target cpp_node__rosidl_typesupport_fastrtps_c__pyext
[20.885s] [35m[1mConsolidate compiler generated dependencies of target cpp_node__rosidl_typesupport_c__pyext[0m
[20.911s] [ 90%] [32mBuilding C object CMakeFiles/cpp_node__rosidl_typesupport_c__pyext.dir/rosidl_generator_py/cpp_node/_cpp_node_s.ep.rosidl_typesupport_c.c.o[0m
[21.081s] [ 93%] [32m[1mLinking C shared library rosidl_generator_py/cpp_node/cpp_node_s__rosidl_typesupport_c.cpython-310-x86_64-linux-gnu.so[0m
[21.161s] [ 93%] Built target cpp_node__rosidl_typesupport_c__pyext
[21.207s] [35m[1mConsolidate compiler generated dependencies of target cpp_node__rosidl_typesupport_introspection_c__pyext[0m
[21.222s] [ 96%] [32mBuilding C object CMakeFiles/cpp_node__rosidl_typesupport_introspection_c__pyext.dir/rosidl_generator_py/cpp_node/_cpp_node_s.ep.rosidl_typesupport_introspection_c.c.o[0m
[21.427s] [100%] [32m[1mLinking C shared library rosidl_generator_py/cpp_node/cpp_node_s__rosidl_typesupport_introspection_c.cpython-310-x86_64-linux-gnu.so[0m
[21.481s] [100%] Built target cpp_node__rosidl_typesupport_introspection_c__pyext
[21.499s] Invoked command in '/home/thedush/ROS2_turtlesim_PID_demo/build/cpp_node' returned '0': CMAKE_PREFIX_PATH=/opt/ros/humble /usr/bin/cmake --build /home/thedush/ROS2_turtlesim_PID_demo/build/cpp_node -- -j8 -l8
[21.609s] Invoking command in '/home/thedush/ROS2_turtlesim_PID_demo/build/cpp_node': CMAKE_PREFIX_PATH=/opt/ros/humble /usr/bin/cmake --install /home/thedush/ROS2_turtlesim_PID_demo/build/cpp_node
[21.623s] -- Install configuration: ""
[21.624s] -- Installing: /home/thedush/ROS2_turtlesim_PID_demo/install/cpp_node/share/ament_index/resource_index/rosidl_interfaces/cpp_node
[21.624s] -- Up-to-date: /home/thedush/ROS2_turtlesim_PID_demo/install/cpp_node/include/cpp_node/cpp_node
[21.625s] -- Installing: /home/thedush/ROS2_turtlesim_PID_demo/install/cpp_node/include/cpp_node/cpp_node/msg
[21.625s] -- Installing: /home/thedush/ROS2_turtlesim_PID_demo/install/cpp_node/include/cpp_node/cpp_node/msg/rosidl_generator_c__visibility_control.h
[21.625s] -- Up-to-date: /home/thedush/ROS2_turtlesim_PID_demo/install/cpp_node/include/cpp_node/cpp_node/action
[21.625s] -- Up-to-date: /home/thedush/ROS2_turtlesim_PID_demo/install/cpp_node/include/cpp_node/cpp_node/action/detail
[21.625s] -- Installing: /home/thedush/ROS2_turtlesim_PID_demo/install/cpp_node/include/cpp_node/cpp_node/action/detail/go_to_pose__struct.h
[21.625s] -- Installing: /home/thedush/ROS2_turtlesim_PID_demo/install/cpp_node/include/cpp_node/cpp_node/action/detail/go_to_pose__functions.c
[21.625s] -- Installing: /home/thedush/ROS2_turtlesim_PID_demo/install/cpp_node/include/cpp_node/cpp_node/action/detail/go_to_pose__type_support.h
[21.625s] -- Installing: /home/thedush/ROS2_turtlesim_PID_demo/install/cpp_node/include/cpp_node/cpp_node/action/detail/go_to_pose__functions.h
[21.625s] -- Installing: /home/thedush/ROS2_turtlesim_PID_demo/install/cpp_node/include/cpp_node/cpp_node/action/go_to_pose.h
[21.626s] -- Installing: /home/thedush/ROS2_turtlesim_PID_demo/install/cpp_node/share/cpp_node/environment/library_path.sh
[21.626s] -- Installing: /home/thedush/ROS2_turtlesim_PID_demo/install/cpp_node/share/cpp_node/environment/library_path.dsv
[21.642s] -- Installing: /home/thedush/ROS2_turtlesim_PID_demo/install/cpp_node/lib/libcpp_node__rosidl_generator_c.so
[21.643s] -- Set runtime path of "/home/thedush/ROS2_turtlesim_PID_demo/install/cpp_node/lib/libcpp_node__rosidl_generator_c.so" to ""
[21.643s] -- Up-to-date: /home/thedush/ROS2_turtlesim_PID_demo/install/cpp_node/include/cpp_node/cpp_node
[21.643s] -- Up-to-date: /home/thedush/ROS2_turtlesim_PID_demo/install/cpp_node/include/cpp_node/cpp_node/msg
[21.643s] -- Installing: /home/thedush/ROS2_turtlesim_PID_demo/install/cpp_node/include/cpp_node/cpp_node/msg/rosidl_typesupport_fastrtps_c__visibility_control.h
[21.643s] -- Up-to-date: /home/thedush/ROS2_turtlesim_PID_demo/install/cpp_node/include/cpp_node/cpp_node/action
[21.643s] -- Up-to-date: /home/thedush/ROS2_turtlesim_PID_demo/install/cpp_node/include/cpp_node/cpp_node/action/detail
[21.643s] -- Installing: /home/thedush/ROS2_turtlesim_PID_demo/install/cpp_node/include/cpp_node/cpp_node/action/detail/go_to_pose__rosidl_typesupport_fastrtps_c.h
[21.644s] -- Installing: /home/thedush/ROS2_turtlesim_PID_demo/install/cpp_node/lib/libcpp_node__rosidl_typesupport_fastrtps_c.so
[21.644s] -- Set runtime path of "/home/thedush/ROS2_turtlesim_PID_demo/install/cpp_node/lib/libcpp_node__rosidl_typesupport_fastrtps_c.so" to ""
[21.644s] -- Up-to-date: /home/thedush/ROS2_turtlesim_PID_demo/install/cpp_node/include/cpp_node/cpp_node
[21.645s] -- Up-to-date: /home/thedush/ROS2_turtlesim_PID_demo/install/cpp_node/include/cpp_node/cpp_node/action
[21.645s] -- Up-to-date: /home/thedush/ROS2_turtlesim_PID_demo/install/cpp_node/include/cpp_node/cpp_node/action/detail
[21.645s] -- Installing: /home/thedush/ROS2_turtlesim_PID_demo/install/cpp_node/include/cpp_node/cpp_node/action/detail/go_to_pose__struct.hpp
[21.645s] -- Installing: /home/thedush/ROS2_turtlesim_PID_demo/install/cpp_node/include/cpp_node/cpp_node/action/detail/go_to_pose__traits.hpp
[21.645s] -- Installing: /home/thedush/ROS2_turtlesim_PID_demo/install/cpp_node/include/cpp_node/cpp_node/action/detail/go_to_pose__builder.hpp
[21.645s] -- Installing: /home/thedush/ROS2_turtlesim_PID_demo/install/cpp_node/include/cpp_node/cpp_node/action/go_to_pose.hpp
[21.645s] -- Up-to-date: /home/thedush/ROS2_turtlesim_PID_demo/install/cpp_node/include/cpp_node/cpp_node
[21.645s] -- Up-to-date: /home/thedush/ROS2_turtlesim_PID_demo/install/cpp_node/include/cpp_node/cpp_node/msg
[21.645s] -- Installing: /home/thedush/ROS2_turtlesim_PID_demo/install/cpp_node/include/cpp_node/cpp_node/msg/rosidl_typesupport_fastrtps_cpp__visibility_control.h
[21.645s] -- Up-to-date: /home/thedush/ROS2_turtlesim_PID_demo/install/cpp_node/include/cpp_node/cpp_node/action
[21.645s] -- Up-to-date: /home/thedush/ROS2_turtlesim_PID_demo/install/cpp_node/include/cpp_node/cpp_node/action/detail
[21.645s] -- Up-to-date: /home/thedush/ROS2_turtlesim_PID_demo/install/cpp_node/include/cpp_node/cpp_node/action/detail/dds_fastrtps
[21.645s] -- Installing: /home/thedush/ROS2_turtlesim_PID_demo/install/cpp_node/include/cpp_node/cpp_node/action/detail/go_to_pose__rosidl_typesupport_fastrtps_cpp.hpp
[21.646s] -- Installing: /home/thedush/ROS2_turtlesim_PID_demo/install/cpp_node/lib/libcpp_node__rosidl_typesupport_fastrtps_cpp.so
[21.647s] -- Set runtime path of "/home/thedush/ROS2_turtlesim_PID_demo/install/cpp_node/lib/libcpp_node__rosidl_typesupport_fastrtps_cpp.so" to ""
[21.647s] -- Up-to-date: /home/thedush/ROS2_turtlesim_PID_demo/install/cpp_node/include/cpp_node/cpp_node
[21.647s] -- Up-to-date: /home/thedush/ROS2_turtlesim_PID_demo/install/cpp_node/include/cpp_node/cpp_node/msg
[21.647s] -- Installing: /home/thedush/ROS2_turtlesim_PID_demo/install/cpp_node/include/cpp_node/cpp_node/msg/rosidl_typesupport_introspection_c__visibility_control.h
[21.647s] -- Up-to-date: /home/thedush/ROS2_turtlesim_PID_demo/install/cpp_node/include/cpp_node/cpp_node/action
[21.647s] -- Up-to-date: /home/thedush/ROS2_turtlesim_PID_demo/install/cpp_node/include/cpp_node/cpp_node/action/detail
[21.647s] -- Installing: /home/thedush/ROS2_turtlesim_PID_demo/install/cpp_node/include/cpp_node/cpp_node/action/detail/go_to_pose__type_support.c
[21.647s] -- Installing: /home/thedush/ROS2_turtlesim_PID_demo/install/cpp_node/include/cpp_node/cpp_node/action/detail/go_to_pose__rosidl_typesupport_introspection_c.h
[21.661s] -- Installing: /home/thedush/ROS2_turtlesim_PID_demo/install/cpp_node/lib/libcpp_node__rosidl_typesupport_introspection_c.so
[21.661s] -- Set runtime path of "/home/thedush/ROS2_turtlesim_PID_demo/install/cpp_node/lib/libcpp_node__rosidl_typesupport_introspection_c.so" to ""
[21.663s] -- Installing: /home/thedush/ROS2_turtlesim_PID_demo/install/cpp_node/lib/libcpp_node__rosidl_typesupport_c.so
[21.663s] -- Set runtime path of "/home/thedush/ROS2_turtlesim_PID_demo/install/cpp_node/lib/libcpp_node__rosidl_typesupport_c.so" to ""
[21.663s] -- Up-to-date: /home/thedush/ROS2_turtlesim_PID_demo/install/cpp_node/include/cpp_node/cpp_node
[21.663s] -- Up-to-date: /home/thedush/ROS2_turtlesim_PID_demo/install/cpp_node/include/cpp_node/cpp_node/action
[21.663s] -- Up-to-date: /home/thedush/ROS2_turtlesim_PID_demo/install/cpp_node/include/cpp_node/cpp_node/action/detail
[21.663s] -- Installing: /home/thedush/ROS2_turtlesim_PID_demo/install/cpp_node/include/cpp_node/cpp_node/action/detail/go_to_pose__rosidl_typesupport_introspection_cpp.hpp
[21.663s] -- Installing: /home/thedush/ROS2_turtlesim_PID_demo/install/cpp_node/include/cpp_node/cpp_node/action/detail/go_to_pose__type_support.cpp
[21.679s] -- Installing: /home/thedush/ROS2_turtlesim_PID_demo/install/cpp_node/lib/libcpp_node__rosidl_typesupport_introspection_cpp.so
[21.680s] -- Set runtime path of "/home/thedush/ROS2_turtlesim_PID_demo/install/cpp_node/lib/libcpp_node__rosidl_typesupport_introspection_cpp.so" to ""
[21.681s] -- Installing: /home/thedush/ROS2_turtlesim_PID_demo/install/cpp_node/lib/libcpp_node__rosidl_typesupport_cpp.so
[21.681s] -- Set runtime path of "/home/thedush/ROS2_turtlesim_PID_demo/install/cpp_node/lib/libcpp_node__rosidl_typesupport_cpp.so" to ""
[21.682s] -- Installing: /home/thedush/ROS2_turtlesim_PID_demo/install/cpp_node/share/cpp_node/environment/pythonpath.sh
[21.682s] -- Installing: /home/thedush/ROS2_turtlesim_PID_demo/install/cpp_node/share/cpp_node/environment/pythonpath.dsv
[21.682s] -- Up-to-date: /home/thedush/ROS2_turtlesim_PID_demo/install/cpp_node/local/lib/python3.10/dist-packages/cpp_node-0.0.0-py3.10.egg-info
[21.682s] -- Installing: /home/thedush/ROS2_turtlesim_PID_demo/install/cpp_node/local/lib/python3.10/dist-packages/cpp_node-0.0.0-py3.10.egg-info/top_level.txt
[21.682s] -- Installing: /home/thedush/ROS2_turtlesim_PID_demo/install/cpp_node/local/lib/python3.10/dist-packages/cpp_node-0.0.0-py3.10.egg-info/PKG-INFO
[21.682s] -- Installing: /home/thedush/ROS2_turtlesim_PID_demo/install/cpp_node/local/lib/python3.10/dist-packages/cpp_node-0.0.0-py3.10.egg-info/dependency_links.txt
[21.682s] -- Installing: /home/thedush/ROS2_turtlesim_PID_demo/install/cpp_node/local/lib/python3.10/dist-packages/cpp_node-0.0.0-py3.10.egg-info/SOURCES.txt
[21.682s] -- Up-to-date: /home/thedush/ROS2_turtlesim_PID_demo/install/cpp_node/local/lib/python3.10/dist-packages/cpp_node
[21.682s] -- Installing: /home/thedush/ROS2_turtlesim_PID_demo/install/cpp_node/local/lib/python3.10/dist-packages/cpp_node/_cpp_node_s.ep.rosidl_typesupport_fastrtps_c.c
[21.683s] -- Installing: /home/thedush/ROS2_turtlesim_PID_demo/install/cpp_node/local/lib/python3.10/dist-packages/cpp_node/__init__.py
[21.683s] -- Installing: /home/thedush/ROS2_turtlesim_PID_demo/install/cpp_node/local/lib/python3.10/dist-packages/cpp_node/cpp_node_s__rosidl_typesupport_fastrtps_c.cpython-310-x86_64-linux-gnu.so
[21.683s] -- Installing: /home/thedush/ROS2_turtlesim_PID_demo/install/cpp_node/local/lib/python3.10/dist-packages/cpp_node/cpp_node_s__rosidl_typesupport_c.cpython-310-x86_64-linux-gnu.so
[21.683s] -- Installing: /home/thedush/ROS2_turtlesim_PID_demo/install/cpp_node/local/lib/python3.10/dist-packages/cpp_node/cpp_node_s__rosidl_typesupport_introspection_c.cpython-310-x86_64-linux-gnu.so
[21.683s] -- Installing: /home/thedush/ROS2_turtlesim_PID_demo/install/cpp_node/local/lib/python3.10/dist-packages/cpp_node/libcpp_node__rosidl_generator_py.so
[21.683s] -- Installing: /home/thedush/ROS2_turtlesim_PID_demo/install/cpp_node/local/lib/python3.10/dist-packages/cpp_node/_cpp_node_s.ep.rosidl_typesupport_introspection_c.c
[21.684s] -- Up-to-date: /home/thedush/ROS2_turtlesim_PID_demo/install/cpp_node/local/lib/python3.10/dist-packages/cpp_node/action
[21.684s] -- Installing: /home/thedush/ROS2_turtlesim_PID_demo/install/cpp_node/local/lib/python3.10/dist-packages/cpp_node/action/__init__.py
[21.684s] -- Installing: /home/thedush/ROS2_turtlesim_PID_demo/install/cpp_node/local/lib/python3.10/dist-packages/cpp_node/action/_go_to_pose.py
[21.684s] -- Installing: /home/thedush/ROS2_turtlesim_PID_demo/install/cpp_node/local/lib/python3.10/dist-packages/cpp_node/action/_go_to_pose_s.c
[21.684s] -- Installing: /home/thedush/ROS2_turtlesim_PID_demo/install/cpp_node/local/lib/python3.10/dist-packages/cpp_node/_cpp_node_s.ep.rosidl_typesupport_c.c
[21.976s] Listing '/home/thedush/ROS2_turtlesim_PID_demo/install/cpp_node/local/lib/python3.10/dist-packages/cpp_node'...
[21.976s] Compiling '/home/thedush/ROS2_turtlesim_PID_demo/install/cpp_node/local/lib/python3.10/dist-packages/cpp_node/__init__.py'...
[21.976s] Listing '/home/thedush/ROS2_turtlesim_PID_demo/install/cpp_node/local/lib/python3.10/dist-packages/cpp_node/action'...
[21.976s] Compiling '/home/thedush/ROS2_turtlesim_PID_demo/install/cpp_node/local/lib/python3.10/dist-packages/cpp_node/action/__init__.py'...
[21.976s] Compiling '/home/thedush/ROS2_turtlesim_PID_demo/install/cpp_node/local/lib/python3.10/dist-packages/cpp_node/action/_go_to_pose.py'...
[21.988s] -- Installing: /home/thedush/ROS2_turtlesim_PID_demo/install/cpp_node/local/lib/python3.10/dist-packages/cpp_node/cpp_node_s__rosidl_typesupport_fastrtps_c.cpython-310-x86_64-linux-gnu.so
[21.988s] -- Set runtime path of "/home/thedush/ROS2_turtlesim_PID_demo/install/cpp_node/local/lib/python3.10/dist-packages/cpp_node/cpp_node_s__rosidl_typesupport_fastrtps_c.cpython-310-x86_64-linux-gnu.so" to ""
[21.989s] -- Installing: /home/thedush/ROS2_turtlesim_PID_demo/install/cpp_node/local/lib/python3.10/dist-packages/cpp_node/cpp_node_s__rosidl_typesupport_introspection_c.cpython-310-x86_64-linux-gnu.so
[21.989s] -- Set runtime path of "/home/thedush/ROS2_turtlesim_PID_demo/install/cpp_node/local/lib/python3.10/dist-packages/cpp_node/cpp_node_s__rosidl_typesupport_introspection_c.cpython-310-x86_64-linux-gnu.so" to ""
[21.989s] -- Installing: /home/thedush/ROS2_turtlesim_PID_demo/install/cpp_node/local/lib/python3.10/dist-packages/cpp_node/cpp_node_s__rosidl_typesupport_c.cpython-310-x86_64-linux-gnu.so
[21.989s] -- Set runtime path of "/home/thedush/ROS2_turtlesim_PID_demo/install/cpp_node/local/lib/python3.10/dist-packages/cpp_node/cpp_node_s__rosidl_typesupport_c.cpython-310-x86_64-linux-gnu.so" to ""
[21.993s] -- Installing: /home/thedush/ROS2_turtlesim_PID_demo/install/cpp_node/lib/libcpp_node__rosidl_generator_py.so
[21.993s] -- Set runtime path of "/home/thedush/ROS2_turtlesim_PID_demo/install/cpp_node/lib/libcpp_node__rosidl_generator_py.so" to ""
[21.993s] -- Installing: /home/thedush/ROS2_turtlesim_PID_demo/install/cpp_node/share/cpp_node/action/GoToPose.idl
[21.993s] -- Installing: /home/thedush/ROS2_turtlesim_PID_demo/install/cpp_node/share/cpp_node/action/GoToPose.action
[21.993s] -- Installing: /home/thedush/ROS2_turtlesim_PID_demo/install/cpp_node/share/ament_index/resource_index/package_run_dependencies/cpp_node
[21.993s] -- Installing: /home/thedush/ROS2_turtlesim_PID_demo/install/cpp_node/share/ament_index/resource_index/parent_prefix_path/cpp_node
[21.994s] -- Installing: /home/thedush/ROS2_turtlesim_PID_demo/install/cpp_node/share/cpp_node/environment/ament_prefix_path.sh
[21.994s] -- Installing: /home/thedush/ROS2_turtlesim_PID_demo/install/cpp_node/share/cpp_node/environment/ament_prefix_path.dsv
[21.994s] -- Installing: /home/thedush/ROS2_turtlesim_PID_demo/install/cpp_node/share/cpp_node/environment/path.sh
[21.994s] -- Installing: /home/thedush/ROS2_turtlesim_PID_demo/install/cpp_node/share/cpp_node/environment/path.dsv
[21.994s] -- Installing: /home/thedush/ROS2_turtlesim_PID_demo/install/cpp_node/share/cpp_node/local_setup.bash
[21.994s] -- Installing: /home/thedush/ROS2_turtlesim_PID_demo/install/cpp_node/share/cpp_node/local_setup.sh
[21.994s] -- Installing: /home/thedush/ROS2_turtlesim_PID_demo/install/cpp_node/share/cpp_node/local_setup.zsh
[21.994s] -- Installing: /home/thedush/ROS2_turtlesim_PID_demo/install/cpp_node/share/cpp_node/local_setup.dsv
[21.994s] -- Installing: /home/thedush/ROS2_turtlesim_PID_demo/install/cpp_node/share/cpp_node/package.dsv
[21.995s] -- Installing: /home/thedush/ROS2_turtlesim_PID_demo/install/cpp_node/share/ament_index/resource_index/packages/cpp_node
[21.995s] -- Installing: /home/thedush/ROS2_turtlesim_PID_demo/install/cpp_node/share/cpp_node/cmake/export_cpp_node__rosidl_generator_cExport.cmake
[21.995s] -- Installing: /home/thedush/ROS2_turtlesim_PID_demo/install/cpp_node/share/cpp_node/cmake/export_cpp_node__rosidl_generator_cExport-noconfig.cmake
[21.995s] -- Installing: /home/thedush/ROS2_turtlesim_PID_demo/install/cpp_node/share/cpp_node/cmake/export_cpp_node__rosidl_typesupport_fastrtps_cExport.cmake
[21.995s] -- Installing: /home/thedush/ROS2_turtlesim_PID_demo/install/cpp_node/share/cpp_node/cmake/export_cpp_node__rosidl_typesupport_fastrtps_cExport-noconfig.cmake
[21.995s] -- Installing: /home/thedush/ROS2_turtlesim_PID_demo/install/cpp_node/share/cpp_node/cmake/export_cpp_node__rosidl_generator_cppExport.cmake
[21.995s] -- Installing: /home/thedush/ROS2_turtlesim_PID_demo/install/cpp_node/share/cpp_node/cmake/export_cpp_node__rosidl_typesupport_fastrtps_cppExport.cmake
[21.995s] -- Installing: /home/thedush/ROS2_turtlesim_PID_demo/install/cpp_node/share/cpp_node/cmake/export_cpp_node__rosidl_typesupport_fastrtps_cppExport-noconfig.cmake
[21.995s] -- Installing: /home/thedush/ROS2_turtlesim_PID_demo/install/cpp_node/share/cpp_node/cmake/cpp_node__rosidl_typesupport_introspection_cExport.cmake
[21.996s] -- Installing: /home/thedush/ROS2_turtlesim_PID_demo/install/cpp_node/share/cpp_node/cmake/cpp_node__rosidl_typesupport_introspection_cExport-noconfig.cmake
[21.996s] -- Installing: /home/thedush/ROS2_turtlesim_PID_demo/install/cpp_node/share/cpp_node/cmake/cpp_node__rosidl_typesupport_cExport.cmake
[21.996s] -- Installing: /home/thedush/ROS2_turtlesim_PID_demo/install/cpp_node/share/cpp_node/cmake/cpp_node__rosidl_typesupport_cExport-noconfig.cmake
[21.996s] -- Installing: /home/thedush/ROS2_turtlesim_PID_demo/install/cpp_node/share/cpp_node/cmake/cpp_node__rosidl_typesupport_introspection_cppExport.cmake
[21.996s] -- Installing: /home/thedush/ROS2_turtlesim_PID_demo/install/cpp_node/share/cpp_node/cmake/cpp_node__rosidl_typesupport_introspection_cppExport-noconfig.cmake
[21.996s] -- Installing: /home/thedush/ROS2_turtlesim_PID_demo/install/cpp_node/share/cpp_node/cmake/cpp_node__rosidl_typesupport_cppExport.cmake
[21.996s] -- Installing: /home/thedush/ROS2_turtlesim_PID_demo/install/cpp_node/share/cpp_node/cmake/cpp_node__rosidl_typesupport_cppExport-noconfig.cmake
[21.996s] -- Installing: /home/thedush/ROS2_turtlesim_PID_demo/install/cpp_node/share/cpp_node/cmake/export_cpp_node__rosidl_generator_pyExport.cmake
[21.996s] -- Installing: /home/thedush/ROS2_turtlesim_PID_demo/install/cpp_node/share/cpp_node/cmake/export_cpp_node__rosidl_generator_pyExport-noconfig.cmake
[21.997s] -- Installing: /home/thedush/ROS2_turtlesim_PID_demo/install/cpp_node/share/cpp_node/cmake/rosidl_cmake-extras.cmake
[21.997s] -- Installing: /home/thedush/ROS2_turtlesim_PID_demo/install/cpp_node/share/cpp_node/cmake/ament_cmake_export_dependencies-extras.cmake
[21.997s] -- Installing: /home/thedush/ROS2_turtlesim_PID_demo/install/cpp_node/share/cpp_node/cmake/ament_cmake_export_include_directories-extras.cmake
[21.997s] -- Installing: /home/thedush/ROS2_turtlesim_PID_demo/install/cpp_node/share/cpp_node/cmake/ament_cmake_export_libraries-extras.cmake
[21.997s] -- Installing: /home/thedush/ROS2_turtlesim_PID_demo/install/cpp_node/share/cpp_node/cmake/ament_cmake_export_targets-extras.cmake
[21.997s] -- Installing: /home/thedush/ROS2_turtlesim_PID_demo/install/cpp_node/share/cpp_node/cmake/rosidl_cmake_export_typesupport_targets-extras.cmake
[21.997s] -- Installing: /home/thedush/ROS2_turtlesim_PID_demo/install/cpp_node/share/cpp_node/cmake/rosidl_cmake_export_typesupport_libraries-extras.cmake
[21.997s] -- Installing: /home/thedush/ROS2_turtlesim_PID_demo/install/cpp_node/share/cpp_node/cmake/cpp_nodeConfig.cmake
[21.997s] -- Installing: /home/thedush/ROS2_turtlesim_PID_demo/install/cpp_node/share/cpp_node/cmake/cpp_nodeConfig-version.cmake
[21.998s] -- Installing: /home/thedush/ROS2_turtlesim_PID_demo/install/cpp_node/share/cpp_node/package.xml
[22.000s] Invoked command in '/home/thedush/ROS2_turtlesim_PID_demo/build/cpp_node' returned '0': CMAKE_PREFIX_PATH=/opt/ros/humble /usr/bin/cmake --install /home/thedush/ROS2_turtlesim_PID_demo/build/cpp_node
