[0.315s] DEBUG:colcon:Command line arguments: ['/usr/bin/colcon', 'build']
[0.315s] DEBUG:colcon:Parsed command line arguments: Namespace(log_base=None, log_level=None, verb_name='build', build_base='build', install_base='install', merge_install=False, symlink_install=False, test_result_base=None, continue_on_error=False, executor='parallel', parallel_workers=8, event_handlers=None, ignore_user_meta=False, metas=['./colcon.meta'], base_paths=['.'], packages_ignore=None, packages_ignore_regex=None, paths=None, packages_up_to=None, packages_up_to_regex=None, packages_above=None, packages_above_and_dependencies=None, packages_above_depth=None, packages_select_by_dep=None, packages_skip_by_dep=None, packages_skip_up_to=None, packages_select_build_failed=False, packages_skip_build_finished=False, packages_select_test_failures=False, packages_skip_test_passed=False, packages_select=None, packages_skip=None, packages_select_regex=None, packages_skip_regex=None, packages_start=None, packages_end=None, allow_overriding=[], cmake_args=None, cmake_target=None, cmake_target_skip_unavailable=False, cmake_clean_cache=False, cmake_clean_first=False, cmake_force_configure=False, ament_cmake_args=None, catkin_cmake_args=None, catkin_skip_building_tests=False, mixin_files=None, mixin=None, verb_parser=<colcon_mixin.mixin.mixin_argument.MixinArgumentDecorator object at 0x7600f3f0b0d0>, verb_extension=<colcon_core.verb.build.BuildVerb object at 0x7600f3f0ac20>, main=<bound method BuildVerb.main of <colcon_core.verb.build.BuildVerb object at 0x7600f3f0ac20>>, mixin_verb=('build',))
[0.603s] Level 1:colcon.colcon_core.package_discovery:discover_packages(colcon_meta) check parameters
[0.603s] Level 1:colcon.colcon_core.package_discovery:discover_packages(recursive) check parameters
[0.603s] Level 1:colcon.colcon_core.package_discovery:discover_packages(ignore) check parameters
[0.603s] Level 1:colcon.colcon_core.package_discovery:discover_packages(path) check parameters
[0.603s] Level 1:colcon.colcon_core.package_discovery:discover_packages(colcon_meta) discover
[0.603s] Level 1:colcon.colcon_core.package_discovery:discover_packages(recursive) discover
[0.603s] INFO:colcon.colcon_core.package_discovery:Crawling recursively for packages in '/home/thedush/ROS2_turtlesim_PID_demo'
[0.603s] Level 1:colcon.colcon_core.package_identification:_identify(.) by extensions ['ignore', 'ignore_ament_install']
[0.603s] Level 1:colcon.colcon_core.package_identification:_identify(.) by extension 'ignore'
[0.603s] Level 1:colcon.colcon_core.package_identification:_identify(.) by extension 'ignore_ament_install'
[0.603s] Level 1:colcon.colcon_core.package_identification:_identify(.) by extensions ['colcon_pkg']
[0.603s] Level 1:colcon.colcon_core.package_identification:_identify(.) by extension 'colcon_pkg'
[0.603s] Level 1:colcon.colcon_core.package_identification:_identify(.) by extensions ['colcon_meta']
[0.604s] Level 1:colcon.colcon_core.package_identification:_identify(.) by extension 'colcon_meta'
[0.604s] Level 1:colcon.colcon_core.package_identification:_identify(.) by extensions ['ros']
[0.604s] Level 1:colcon.colcon_core.package_identification:_identify(.) by extension 'ros'
[0.626s] Level 1:colcon.colcon_core.package_identification:_identify(.) by extensions ['cmake', 'python']
[0.626s] Level 1:colcon.colcon_core.package_identification:_identify(.) by extension 'cmake'
[0.626s] Level 1:colcon.colcon_core.package_identification:_identify(.) by extension 'python'
[0.626s] Level 1:colcon.colcon_core.package_identification:_identify(.) by extensions ['python_setup_py']
[0.626s] Level 1:colcon.colcon_core.package_identification:_identify(.) by extension 'python_setup_py'
[0.626s] Level 1:colcon.colcon_core.package_identification:_identify(build) by extensions ['ignore', 'ignore_ament_install']
[0.627s] Level 1:colcon.colcon_core.package_identification:_identify(build) by extension 'ignore'
[0.627s] Level 1:colcon.colcon_core.package_identification:_identify(build) ignored
[0.627s] Level 1:colcon.colcon_core.package_identification:_identify(install) by extensions ['ignore', 'ignore_ament_install']
[0.627s] Level 1:colcon.colcon_core.package_identification:_identify(install) by extension 'ignore'
[0.627s] Level 1:colcon.colcon_core.package_identification:_identify(install) ignored
[0.627s] Level 1:colcon.colcon_core.package_identification:_identify(log) by extensions ['ignore', 'ignore_ament_install']
[0.628s] Level 1:colcon.colcon_core.package_identification:_identify(log) by extension 'ignore'
[0.628s] Level 1:colcon.colcon_core.package_identification:_identify(log) ignored
[0.628s] Level 1:colcon.colcon_core.package_identification:_identify(src) by extensions ['ignore', 'ignore_ament_install']
[0.628s] Level 1:colcon.colcon_core.package_identification:_identify(src) by extension 'ignore'
[0.628s] Level 1:colcon.colcon_core.package_identification:_identify(src) by extension 'ignore_ament_install'
[0.628s] Level 1:colcon.colcon_core.package_identification:_identify(src) by extensions ['colcon_pkg']
[0.628s] Level 1:colcon.colcon_core.package_identification:_identify(src) by extension 'colcon_pkg'
[0.628s] Level 1:colcon.colcon_core.package_identification:_identify(src) by extensions ['colcon_meta']
[0.628s] Level 1:colcon.colcon_core.package_identification:_identify(src) by extension 'colcon_meta'
[0.628s] Level 1:colcon.colcon_core.package_identification:_identify(src) by extensions ['ros']
[0.628s] Level 1:colcon.colcon_core.package_identification:_identify(src) by extension 'ros'
[0.629s] Level 1:colcon.colcon_core.package_identification:_identify(src) by extensions ['cmake', 'python']
[0.629s] Level 1:colcon.colcon_core.package_identification:_identify(src) by extension 'cmake'
[0.629s] Level 1:colcon.colcon_core.package_identification:_identify(src) by extension 'python'
[0.629s] Level 1:colcon.colcon_core.package_identification:_identify(src) by extensions ['python_setup_py']
[0.629s] Level 1:colcon.colcon_core.package_identification:_identify(src) by extension 'python_setup_py'
[0.630s] Level 1:colcon.colcon_core.package_identification:_identify(src/cpp_node) by extensions ['ignore', 'ignore_ament_install']
[0.630s] Level 1:colcon.colcon_core.package_identification:_identify(src/cpp_node) by extension 'ignore'
[0.630s] Level 1:colcon.colcon_core.package_identification:_identify(src/cpp_node) by extension 'ignore_ament_install'
[0.630s] Level 1:colcon.colcon_core.package_identification:_identify(src/cpp_node) by extensions ['colcon_pkg']
[0.630s] Level 1:colcon.colcon_core.package_identification:_identify(src/cpp_node) by extension 'colcon_pkg'
[0.630s] Level 1:colcon.colcon_core.package_identification:_identify(src/cpp_node) by extensions ['colcon_meta']
[0.631s] Level 1:colcon.colcon_core.package_identification:_identify(src/cpp_node) by extension 'colcon_meta'
[0.631s] Level 1:colcon.colcon_core.package_identification:_identify(src/cpp_node) by extensions ['ros']
[0.631s] Level 1:colcon.colcon_core.package_identification:_identify(src/cpp_node) by extension 'ros'
[0.637s] DEBUG:colcon.colcon_core.package_identification:Package 'src/cpp_node' with type 'ros.ament_cmake' and name 'cpp_node'
[0.638s] Level 1:colcon.colcon_core.package_identification:_identify(src/turtle_demo_controller) by extensions ['ignore', 'ignore_ament_install']
[0.638s] Level 1:colcon.colcon_core.package_identification:_identify(src/turtle_demo_controller) by extension 'ignore'
[0.638s] Level 1:colcon.colcon_core.package_identification:_identify(src/turtle_demo_controller) by extension 'ignore_ament_install'
[0.638s] Level 1:colcon.colcon_core.package_identification:_identify(src/turtle_demo_controller) by extensions ['colcon_pkg']
[0.638s] Level 1:colcon.colcon_core.package_identification:_identify(src/turtle_demo_controller) by extension 'colcon_pkg'
[0.638s] Level 1:colcon.colcon_core.package_identification:_identify(src/turtle_demo_controller) by extensions ['colcon_meta']
[0.639s] Level 1:colcon.colcon_core.package_identification:_identify(src/turtle_demo_controller) by extension 'colcon_meta'
[0.639s] Level 1:colcon.colcon_core.package_identification:_identify(src/turtle_demo_controller) by extensions ['ros']
[0.639s] Level 1:colcon.colcon_core.package_identification:_identify(src/turtle_demo_controller) by extension 'ros'
[0.640s] DEBUG:colcon.colcon_core.package_identification:Package 'src/turtle_demo_controller' with type 'ros.ament_python' and name 'turtle_demo_controller'
[0.641s] Level 1:colcon.colcon_core.package_discovery:discover_packages(recursive) using defaults
[0.641s] Level 1:colcon.colcon_core.package_discovery:discover_packages(ignore) discover
[0.641s] Level 1:colcon.colcon_core.package_discovery:discover_packages(ignore) using defaults
[0.641s] Level 1:colcon.colcon_core.package_discovery:discover_packages(path) discover
[0.641s] Level 1:colcon.colcon_core.package_discovery:discover_packages(path) using defaults
[0.681s] Level 1:colcon.colcon_core.package_discovery:discover_packages(prefix_path) check parameters
[0.681s] Level 1:colcon.colcon_core.package_discovery:discover_packages(prefix_path) discover
[0.684s] DEBUG:colcon.colcon_installed_package_information.package_discovery:Found 380 installed packages in /opt/ros/humble
[0.687s] Level 1:colcon.colcon_core.package_discovery:discover_packages(prefix_path) using defaults
[0.768s] Level 5:colcon.colcon_core.verb:set package 'cpp_node' build argument 'cmake_args' from command line to 'None'
[0.768s] Level 5:colcon.colcon_core.verb:set package 'cpp_node' build argument 'cmake_target' from command line to 'None'
[0.768s] Level 5:colcon.colcon_core.verb:set package 'cpp_node' build argument 'cmake_target_skip_unavailable' from command line to 'False'
[0.768s] Level 5:colcon.colcon_core.verb:set package 'cpp_node' build argument 'cmake_clean_cache' from command line to 'False'
[0.768s] Level 5:colcon.colcon_core.verb:set package 'cpp_node' build argument 'cmake_clean_first' from command line to 'False'
[0.768s] Level 5:colcon.colcon_core.verb:set package 'cpp_node' build argument 'cmake_force_configure' from command line to 'False'
[0.768s] Level 5:colcon.colcon_core.verb:set package 'cpp_node' build argument 'ament_cmake_args' from command line to 'None'
[0.768s] Level 5:colcon.colcon_core.verb:set package 'cpp_node' build argument 'catkin_cmake_args' from command line to 'None'
[0.768s] Level 5:colcon.colcon_core.verb:set package 'cpp_node' build argument 'catkin_skip_building_tests' from command line to 'False'
[0.768s] DEBUG:colcon.colcon_core.verb:Building package 'cpp_node' with the following arguments: {'ament_cmake_args': None, 'build_base': '/home/thedush/ROS2_turtlesim_PID_demo/build/cpp_node', 'catkin_cmake_args': None, 'catkin_skip_building_tests': False, 'cmake_args': None, 'cmake_clean_cache': False, 'cmake_clean_first': False, 'cmake_force_configure': False, 'cmake_target': None, 'cmake_target_skip_unavailable': False, 'install_base': '/home/thedush/ROS2_turtlesim_PID_demo/install/cpp_node', 'merge_install': False, 'path': '/home/thedush/ROS2_turtlesim_PID_demo/src/cpp_node', 'symlink_install': False, 'test_result_base': None}
[0.769s] Level 5:colcon.colcon_core.verb:set package 'turtle_demo_controller' build argument 'cmake_args' from command line to 'None'
[0.769s] Level 5:colcon.colcon_core.verb:set package 'turtle_demo_controller' build argument 'cmake_target' from command line to 'None'
[0.769s] Level 5:colcon.colcon_core.verb:set package 'turtle_demo_controller' build argument 'cmake_target_skip_unavailable' from command line to 'False'
[0.769s] Level 5:colcon.colcon_core.verb:set package 'turtle_demo_controller' build argument 'cmake_clean_cache' from command line to 'False'
[0.769s] Level 5:colcon.colcon_core.verb:set package 'turtle_demo_controller' build argument 'cmake_clean_first' from command line to 'False'
[0.769s] Level 5:colcon.colcon_core.verb:set package 'turtle_demo_controller' build argument 'cmake_force_configure' from command line to 'False'
[0.769s] Level 5:colcon.colcon_core.verb:set package 'turtle_demo_controller' build argument 'ament_cmake_args' from command line to 'None'
[0.769s] Level 5:colcon.colcon_core.verb:set package 'turtle_demo_controller' build argument 'catkin_cmake_args' from command line to 'None'
[0.769s] Level 5:colcon.colcon_core.verb:set package 'turtle_demo_controller' build argument 'catkin_skip_building_tests' from command line to 'False'
[0.769s] DEBUG:colcon.colcon_core.verb:Building package 'turtle_demo_controller' with the following arguments: {'ament_cmake_args': None, 'build_base': '/home/thedush/ROS2_turtlesim_PID_demo/build/turtle_demo_controller', 'catkin_cmake_args': None, 'catkin_skip_building_tests': False, 'cmake_args': None, 'cmake_clean_cache': False, 'cmake_clean_first': False, 'cmake_force_configure': False, 'cmake_target': None, 'cmake_target_skip_unavailable': False, 'install_base': '/home/thedush/ROS2_turtlesim_PID_demo/install/turtle_demo_controller', 'merge_install': False, 'path': '/home/thedush/ROS2_turtlesim_PID_demo/src/turtle_demo_controller', 'symlink_install': False, 'test_result_base': None}
[0.769s] INFO:colcon.colcon_core.executor:Executing jobs using 'parallel' executor
[0.771s] DEBUG:colcon.colcon_parallel_executor.executor.parallel:run_until_complete
[0.771s] INFO:colcon.colcon_ros.task.ament_cmake.build:Building ROS package in '/home/thedush/ROS2_turtlesim_PID_demo/src/cpp_node' with build type 'ament_cmake'
[0.771s] INFO:colcon.colcon_cmake.task.cmake.build:Building CMake package in '/home/thedush/ROS2_turtlesim_PID_demo/src/cpp_node'
[0.775s] INFO:colcon.colcon_core.plugin_system:Skipping extension 'colcon_core.shell.bat': Not used on non-Windows systems
[0.775s] INFO:colcon.colcon_core.shell:Skip shell extension 'powershell' for command environment: Not usable outside of PowerShell
[0.775s] DEBUG:colcon.colcon_core.shell:Skip shell extension 'dsv' for command environment
[0.887s] DEBUG:colcon.colcon_core.event_handler.log_command:Invoking command in '/home/thedush/ROS2_turtlesim_PID_demo/build/cpp_node': CMAKE_PREFIX_PATH=/opt/ros/humble /usr/bin/cmake --build /home/thedush/ROS2_turtlesim_PID_demo/build/cpp_node -- -j8 -l8
[1.866s] DEBUG:colcon.colcon_core.event_handler.log_command:Invoked command in '/home/thedush/ROS2_turtlesim_PID_demo/build/cpp_node' returned '0': CMAKE_PREFIX_PATH=/opt/ros/humble /usr/bin/cmake --build /home/thedush/ROS2_turtlesim_PID_demo/build/cpp_node -- -j8 -l8
[1.984s] DEBUG:colcon.colcon_core.event_handler.log_command:Invoking command in '/home/thedush/ROS2_turtlesim_PID_demo/build/cpp_node': CMAKE_PREFIX_PATH=/opt/ros/humble /usr/bin/cmake --install /home/thedush/ROS2_turtlesim_PID_demo/build/cpp_node
[2.056s] Level 1:colcon.colcon_core.environment:create_environment_scripts_only(cpp_node)
[2.059s] DEBUG:colcon.colcon_core.event_handler.log_command:Invoked command in '/home/thedush/ROS2_turtlesim_PID_demo/build/cpp_node' returned '0': CMAKE_PREFIX_PATH=/opt/ros/humble /usr/bin/cmake --install /home/thedush/ROS2_turtlesim_PID_demo/build/cpp_node
[2.061s] Level 1:colcon.colcon_core.environment:checking '/home/thedush/ROS2_turtlesim_PID_demo/install/cpp_node' for CMake module files
[2.062s] Level 1:colcon.colcon_core.environment:checking '/home/thedush/ROS2_turtlesim_PID_demo/install/cpp_node' for CMake config files
[2.063s] Level 1:colcon.colcon_core.shell:create_environment_hook('cpp_node', 'cmake_prefix_path')
[2.063s] INFO:colcon.colcon_core.shell:Creating environment hook '/home/thedush/ROS2_turtlesim_PID_demo/install/cpp_node/share/cpp_node/hook/cmake_prefix_path.ps1'
[2.064s] INFO:colcon.colcon_core.shell:Creating environment descriptor '/home/thedush/ROS2_turtlesim_PID_demo/install/cpp_node/share/cpp_node/hook/cmake_prefix_path.dsv'
[2.065s] INFO:colcon.colcon_core.shell:Creating environment hook '/home/thedush/ROS2_turtlesim_PID_demo/install/cpp_node/share/cpp_node/hook/cmake_prefix_path.sh'
[2.066s] Level 1:colcon.colcon_core.environment:checking '/home/thedush/ROS2_turtlesim_PID_demo/install/cpp_node/lib'
[2.067s] Level 1:colcon.colcon_core.shell:create_environment_hook('cpp_node', 'ld_library_path_lib')
[2.067s] INFO:colcon.colcon_core.shell:Creating environment hook '/home/thedush/ROS2_turtlesim_PID_demo/install/cpp_node/share/cpp_node/hook/ld_library_path_lib.ps1'
[2.067s] INFO:colcon.colcon_core.shell:Creating environment descriptor '/home/thedush/ROS2_turtlesim_PID_demo/install/cpp_node/share/cpp_node/hook/ld_library_path_lib.dsv'
[2.068s] INFO:colcon.colcon_core.shell:Creating environment hook '/home/thedush/ROS2_turtlesim_PID_demo/install/cpp_node/share/cpp_node/hook/ld_library_path_lib.sh'
[2.068s] Level 1:colcon.colcon_core.environment:checking '/home/thedush/ROS2_turtlesim_PID_demo/install/cpp_node/bin'
[2.068s] Level 1:colcon.colcon_core.environment:checking '/home/thedush/ROS2_turtlesim_PID_demo/install/cpp_node/lib/pkgconfig/cpp_node.pc'
[2.069s] Level 1:colcon.colcon_core.environment:checking '/home/thedush/ROS2_turtlesim_PID_demo/install/cpp_node/lib/python3.10/site-packages'
[2.069s] Level 1:colcon.colcon_core.environment:checking '/home/thedush/ROS2_turtlesim_PID_demo/install/cpp_node/bin'
[2.070s] INFO:colcon.colcon_core.shell:Creating package script '/home/thedush/ROS2_turtlesim_PID_demo/install/cpp_node/share/cpp_node/package.ps1'
[2.071s] INFO:colcon.colcon_core.shell:Creating package descriptor '/home/thedush/ROS2_turtlesim_PID_demo/install/cpp_node/share/cpp_node/package.dsv'
[2.072s] INFO:colcon.colcon_core.shell:Creating package script '/home/thedush/ROS2_turtlesim_PID_demo/install/cpp_node/share/cpp_node/package.sh'
[2.073s] INFO:colcon.colcon_core.shell:Creating package script '/home/thedush/ROS2_turtlesim_PID_demo/install/cpp_node/share/cpp_node/package.bash'
[2.074s] INFO:colcon.colcon_core.shell:Creating package script '/home/thedush/ROS2_turtlesim_PID_demo/install/cpp_node/share/cpp_node/package.zsh'
[2.075s] Level 1:colcon.colcon_core.environment:create_file_with_runtime_dependencies(/home/thedush/ROS2_turtlesim_PID_demo/install/cpp_node/share/colcon-core/packages/cpp_node)
[2.207s] Level 1:colcon.colcon_core.environment:create_environment_scripts_only(cpp_node)
[2.208s] Level 1:colcon.colcon_core.environment:checking '/home/thedush/ROS2_turtlesim_PID_demo/install/cpp_node' for CMake module files
[2.208s] Level 1:colcon.colcon_core.environment:checking '/home/thedush/ROS2_turtlesim_PID_demo/install/cpp_node' for CMake config files
[2.209s] Level 1:colcon.colcon_core.shell:create_environment_hook('cpp_node', 'cmake_prefix_path')
[2.209s] INFO:colcon.colcon_core.shell:Creating environment hook '/home/thedush/ROS2_turtlesim_PID_demo/install/cpp_node/share/cpp_node/hook/cmake_prefix_path.ps1'
[2.210s] INFO:colcon.colcon_core.shell:Creating environment descriptor '/home/thedush/ROS2_turtlesim_PID_demo/install/cpp_node/share/cpp_node/hook/cmake_prefix_path.dsv'
[2.210s] INFO:colcon.colcon_core.shell:Creating environment hook '/home/thedush/ROS2_turtlesim_PID_demo/install/cpp_node/share/cpp_node/hook/cmake_prefix_path.sh'
[2.211s] Level 1:colcon.colcon_core.environment:checking '/home/thedush/ROS2_turtlesim_PID_demo/install/cpp_node/lib'
[2.211s] Level 1:colcon.colcon_core.shell:create_environment_hook('cpp_node', 'ld_library_path_lib')
[2.211s] INFO:colcon.colcon_core.shell:Creating environment hook '/home/thedush/ROS2_turtlesim_PID_demo/install/cpp_node/share/cpp_node/hook/ld_library_path_lib.ps1'
[2.211s] INFO:colcon.colcon_core.shell:Creating environment descriptor '/home/thedush/ROS2_turtlesim_PID_demo/install/cpp_node/share/cpp_node/hook/ld_library_path_lib.dsv'
[2.212s] INFO:colcon.colcon_core.shell:Creating environment hook '/home/thedush/ROS2_turtlesim_PID_demo/install/cpp_node/share/cpp_node/hook/ld_library_path_lib.sh'
[2.212s] Level 1:colcon.colcon_core.environment:checking '/home/thedush/ROS2_turtlesim_PID_demo/install/cpp_node/bin'
[2.212s] Level 1:colcon.colcon_core.environment:checking '/home/thedush/ROS2_turtlesim_PID_demo/install/cpp_node/lib/pkgconfig/cpp_node.pc'
[2.212s] Level 1:colcon.colcon_core.environment:checking '/home/thedush/ROS2_turtlesim_PID_demo/install/cpp_node/lib/python3.10/site-packages'
[2.213s] Level 1:colcon.colcon_core.environment:checking '/home/thedush/ROS2_turtlesim_PID_demo/install/cpp_node/bin'
[2.213s] INFO:colcon.colcon_core.shell:Creating package script '/home/thedush/ROS2_turtlesim_PID_demo/install/cpp_node/share/cpp_node/package.ps1'
[2.214s] INFO:colcon.colcon_core.shell:Creating package descriptor '/home/thedush/ROS2_turtlesim_PID_demo/install/cpp_node/share/cpp_node/package.dsv'
[2.214s] INFO:colcon.colcon_core.shell:Creating package script '/home/thedush/ROS2_turtlesim_PID_demo/install/cpp_node/share/cpp_node/package.sh'
[2.215s] INFO:colcon.colcon_core.shell:Creating package script '/home/thedush/ROS2_turtlesim_PID_demo/install/cpp_node/share/cpp_node/package.bash'
[2.215s] INFO:colcon.colcon_core.shell:Creating package script '/home/thedush/ROS2_turtlesim_PID_demo/install/cpp_node/share/cpp_node/package.zsh'
[2.216s] Level 1:colcon.colcon_core.environment:create_file_with_runtime_dependencies(/home/thedush/ROS2_turtlesim_PID_demo/install/cpp_node/share/colcon-core/packages/cpp_node)
[2.216s] INFO:colcon.colcon_ros.task.ament_python.build:Building ROS package in '/home/thedush/ROS2_turtlesim_PID_demo/src/turtle_demo_controller' with build type 'ament_python'
[2.216s] Level 1:colcon.colcon_core.shell:create_environment_hook('turtle_demo_controller', 'ament_prefix_path')
[2.217s] INFO:colcon.colcon_core.shell:Creating environment hook '/home/thedush/ROS2_turtlesim_PID_demo/install/turtle_demo_controller/share/turtle_demo_controller/hook/ament_prefix_path.ps1'
[2.218s] INFO:colcon.colcon_core.shell:Creating environment descriptor '/home/thedush/ROS2_turtlesim_PID_demo/install/turtle_demo_controller/share/turtle_demo_controller/hook/ament_prefix_path.dsv'
[2.218s] INFO:colcon.colcon_core.shell:Creating environment hook '/home/thedush/ROS2_turtlesim_PID_demo/install/turtle_demo_controller/share/turtle_demo_controller/hook/ament_prefix_path.sh'
[2.219s] INFO:colcon.colcon_core.shell:Skip shell extension 'powershell' for command environment: Not usable outside of PowerShell
[2.219s] DEBUG:colcon.colcon_core.shell:Skip shell extension 'dsv' for command environment
[2.664s] INFO:colcon.colcon_core.task.python.build:Building Python package in '/home/thedush/ROS2_turtlesim_PID_demo/src/turtle_demo_controller'
[2.665s] INFO:colcon.colcon_core.shell:Skip shell extension 'powershell' for command environment: Not usable outside of PowerShell
[2.665s] DEBUG:colcon.colcon_core.shell:Skip shell extension 'dsv' for command environment
[3.256s] DEBUG:colcon.colcon_core.event_handler.log_command:Invoking command in '/home/thedush/ROS2_turtlesim_PID_demo/src/turtle_demo_controller': AMENT_PREFIX_PATH=/home/thedush/ROS2_turtlesim_PID_demo/install/cpp_node:${AMENT_PREFIX_PATH} CMAKE_PREFIX_PATH=/home/thedush/ROS2_turtlesim_PID_demo/install/cpp_node LD_LIBRARY_PATH=/home/thedush/ROS2_turtlesim_PID_demo/install/cpp_node/lib:${LD_LIBRARY_PATH} PYTHONPATH=/home/thedush/ROS2_turtlesim_PID_demo/build/turtle_demo_controller/prefix_override:/home/thedush/ROS2_turtlesim_PID_demo/install/turtle_demo_controller/lib/python3.10/site-packages:/home/thedush/ROS2_turtlesim_PID_demo/install/cpp_node/local/lib/python3.10/dist-packages:${PYTHONPATH} /usr/bin/python3 -W ignore:setup.py install is deprecated setup.py egg_info --egg-base ../../build/turtle_demo_controller build --build-base /home/thedush/ROS2_turtlesim_PID_demo/build/turtle_demo_controller/build install --record /home/thedush/ROS2_turtlesim_PID_demo/build/turtle_demo_controller/install.log --single-version-externally-managed install_data
[3.737s] Level 1:colcon.colcon_core.environment:checking '/home/thedush/ROS2_turtlesim_PID_demo/install/turtle_demo_controller' for CMake module files
[3.738s] Level 1:colcon.colcon_core.environment:checking '/home/thedush/ROS2_turtlesim_PID_demo/install/turtle_demo_controller' for CMake config files
[3.739s] Level 1:colcon.colcon_core.environment:checking '/home/thedush/ROS2_turtlesim_PID_demo/install/turtle_demo_controller/lib'
[3.739s] Level 1:colcon.colcon_core.environment:checking '/home/thedush/ROS2_turtlesim_PID_demo/install/turtle_demo_controller/bin'
[3.739s] Level 1:colcon.colcon_core.environment:checking '/home/thedush/ROS2_turtlesim_PID_demo/install/turtle_demo_controller/lib/pkgconfig/turtle_demo_controller.pc'
[3.739s] Level 1:colcon.colcon_core.environment:checking '/home/thedush/ROS2_turtlesim_PID_demo/install/turtle_demo_controller/lib/python3.10/site-packages'
[3.739s] Level 1:colcon.colcon_core.shell:create_environment_hook('turtle_demo_controller', 'pythonpath')
[3.740s] INFO:colcon.colcon_core.shell:Creating environment hook '/home/thedush/ROS2_turtlesim_PID_demo/install/turtle_demo_controller/share/turtle_demo_controller/hook/pythonpath.ps1'
[3.740s] DEBUG:colcon.colcon_core.event_handler.log_command:Invoked command in '/home/thedush/ROS2_turtlesim_PID_demo/src/turtle_demo_controller' returned '0': AMENT_PREFIX_PATH=/home/thedush/ROS2_turtlesim_PID_demo/install/cpp_node:${AMENT_PREFIX_PATH} CMAKE_PREFIX_PATH=/home/thedush/ROS2_turtlesim_PID_demo/install/cpp_node LD_LIBRARY_PATH=/home/thedush/ROS2_turtlesim_PID_demo/install/cpp_node/lib:${LD_LIBRARY_PATH} PYTHONPATH=/home/thedush/ROS2_turtlesim_PID_demo/build/turtle_demo_controller/prefix_override:/home/thedush/ROS2_turtlesim_PID_demo/install/turtle_demo_controller/lib/python3.10/site-packages:/home/thedush/ROS2_turtlesim_PID_demo/install/cpp_node/local/lib/python3.10/dist-packages:${PYTHONPATH} /usr/bin/python3 -W ignore:setup.py install is deprecated setup.py egg_info --egg-base ../../build/turtle_demo_controller build --build-base /home/thedush/ROS2_turtlesim_PID_demo/build/turtle_demo_controller/build install --record /home/thedush/ROS2_turtlesim_PID_demo/build/turtle_demo_controller/install.log --single-version-externally-managed install_data
[3.741s] INFO:colcon.colcon_core.shell:Creating environment descriptor '/home/thedush/ROS2_turtlesim_PID_demo/install/turtle_demo_controller/share/turtle_demo_controller/hook/pythonpath.dsv'
[3.741s] INFO:colcon.colcon_core.shell:Creating environment hook '/home/thedush/ROS2_turtlesim_PID_demo/install/turtle_demo_controller/share/turtle_demo_controller/hook/pythonpath.sh'
[3.742s] Level 1:colcon.colcon_core.environment:checking '/home/thedush/ROS2_turtlesim_PID_demo/install/turtle_demo_controller/bin'
[3.742s] Level 1:colcon.colcon_core.environment:create_environment_scripts_only(turtle_demo_controller)
[3.743s] INFO:colcon.colcon_core.shell:Creating package script '/home/thedush/ROS2_turtlesim_PID_demo/install/turtle_demo_controller/share/turtle_demo_controller/package.ps1'
[3.744s] INFO:colcon.colcon_core.shell:Creating package descriptor '/home/thedush/ROS2_turtlesim_PID_demo/install/turtle_demo_controller/share/turtle_demo_controller/package.dsv'
[3.744s] INFO:colcon.colcon_core.shell:Creating package script '/home/thedush/ROS2_turtlesim_PID_demo/install/turtle_demo_controller/share/turtle_demo_controller/package.sh'
[3.745s] INFO:colcon.colcon_core.shell:Creating package script '/home/thedush/ROS2_turtlesim_PID_demo/install/turtle_demo_controller/share/turtle_demo_controller/package.bash'
[3.745s] INFO:colcon.colcon_core.shell:Creating package script '/home/thedush/ROS2_turtlesim_PID_demo/install/turtle_demo_controller/share/turtle_demo_controller/package.zsh'
[3.746s] Level 1:colcon.colcon_core.environment:create_file_with_runtime_dependencies(/home/thedush/ROS2_turtlesim_PID_demo/install/turtle_demo_controller/share/colcon-core/packages/turtle_demo_controller)
[3.747s] DEBUG:colcon.colcon_parallel_executor.executor.parallel:closing loop
[3.747s] DEBUG:colcon.colcon_parallel_executor.executor.parallel:loop closed
[3.747s] DEBUG:colcon.colcon_parallel_executor.executor.parallel:run_until_complete finished with '0'
[3.747s] DEBUG:colcon.colcon_core.event_reactor:joining thread
[3.762s] INFO:colcon.colcon_core.plugin_system:Skipping extension 'colcon_notification.desktop_notification.terminal_notifier': Not used on non-Darwin systems
[3.762s] INFO:colcon.colcon_core.plugin_system:Skipping extension 'colcon_notification.desktop_notification.win32': Not used on non-Windows systems
[3.762s] INFO:colcon.colcon_notification.desktop_notification:Sending desktop notification using 'notify2'
[3.785s] DEBUG:colcon.colcon_core.event_reactor:joined thread
[3.785s] INFO:colcon.colcon_core.shell:Creating prefix script '/home/thedush/ROS2_turtlesim_PID_demo/install/local_setup.ps1'
[3.787s] INFO:colcon.colcon_core.shell:Creating prefix util module '/home/thedush/ROS2_turtlesim_PID_demo/install/_local_setup_util_ps1.py'
[3.792s] INFO:colcon.colcon_core.shell:Creating prefix chain script '/home/thedush/ROS2_turtlesim_PID_demo/install/setup.ps1'
[3.793s] INFO:colcon.colcon_core.shell:Creating prefix script '/home/thedush/ROS2_turtlesim_PID_demo/install/local_setup.sh'
[3.794s] INFO:colcon.colcon_core.shell:Creating prefix util module '/home/thedush/ROS2_turtlesim_PID_demo/install/_local_setup_util_sh.py'
[3.795s] INFO:colcon.colcon_core.shell:Creating prefix chain script '/home/thedush/ROS2_turtlesim_PID_demo/install/setup.sh'
[3.797s] INFO:colcon.colcon_core.shell:Creating prefix script '/home/thedush/ROS2_turtlesim_PID_demo/install/local_setup.bash'
[3.798s] INFO:colcon.colcon_core.shell:Creating prefix chain script '/home/thedush/ROS2_turtlesim_PID_demo/install/setup.bash'
[3.799s] INFO:colcon.colcon_core.shell:Creating prefix script '/home/thedush/ROS2_turtlesim_PID_demo/install/local_setup.zsh'
[3.800s] INFO:colcon.colcon_core.shell:Creating prefix chain script '/home/thedush/ROS2_turtlesim_PID_demo/install/setup.zsh'
