[0.012s] Invoking command in '/home/thedush/ROS2_turtlesim_PID_demo/build/cpp_node': CMAKE_PREFIX_PATH=${CMAKE_PREFIX_PATH}:/home/thedush/ROS2_turtlesim_PID_demo/install/turtle_demo_controller:/opt/ros/humble /usr/bin/cmake --build /home/thedush/ROS2_turtlesim_PID_demo/build/cpp_node -- -j8 -l8
[0.083s] [  3%] Built target cpp_node__cpp
[0.125s] [  3%] Built target ament_cmake_python_copy_cpp_node
[0.169s] [ 12%] Built target cpp_node__rosidl_typesupport_introspection_cpp
[0.539s] running egg_info
[0.539s] writing cpp_node.egg-info/PKG-INFO
[0.540s] writing dependency_links to cpp_node.egg-info/dependency_links.txt
[0.540s] writing top-level names to cpp_node.egg-info/top_level.txt
[0.543s] reading manifest file 'cpp_node.egg-info/SOURCES.txt'
[0.544s] writing manifest file 'cpp_node.egg-info/SOURCES.txt'
[0.577s] [ 12%] Built target ament_cmake_python_build_cpp_node_egg
[0.627s] [ 22%] Built target cpp_node__rosidl_typesupport_fastrtps_cpp
[0.662s] [ 32%] Built target cpp_node__rosidl_typesupport_cpp
[0.697s] [ 41%] Built target cpp_node__rosidl_generator_c
[0.741s] [ 51%] Built target cpp_node__rosidl_typesupport_fastrtps_c
[0.767s] [ 61%] Built target cpp_node__rosidl_typesupport_c
[0.791s] [ 70%] Built target cpp_node__rosidl_typesupport_introspection_c
[0.814s] [ 70%] Built target cpp_node
[0.836s] [ 74%] Built target cpp_node__py
[0.864s] [ 80%] Built target cpp_node__rosidl_generator_py
[0.897s] [ 87%] Built target cpp_node__rosidl_typesupport_fastrtps_c__pyext
[0.933s] [ 93%] Built target cpp_node__rosidl_typesupport_c__pyext
[0.974s] [100%] Built target cpp_node__rosidl_typesupport_introspection_c__pyext
[1.001s] Invoked command in '/home/thedush/ROS2_turtlesim_PID_demo/build/cpp_node' returned '0': CMAKE_PREFIX_PATH=${CMAKE_PREFIX_PATH}:/home/thedush/ROS2_turtlesim_PID_demo/install/turtle_demo_controller:/opt/ros/humble /usr/bin/cmake --build /home/thedush/ROS2_turtlesim_PID_demo/build/cpp_node -- -j8 -l8
[1.074s] Invoking command in '/home/thedush/ROS2_turtlesim_PID_demo/build/cpp_node': CMAKE_PREFIX_PATH=${CMAKE_PREFIX_PATH}:/home/thedush/ROS2_turtlesim_PID_demo/install/turtle_demo_controller:/opt/ros/humble /usr/bin/cmake --install /home/thedush/ROS2_turtlesim_PID_demo/build/cpp_node
[1.083s] -- Install configuration: ""
[1.083s] -- Up-to-date: /home/thedush/ROS2_turtlesim_PID_demo/install/cpp_node/share/ament_index/resource_index/rosidl_interfaces/cpp_node
[1.084s] -- Up-to-date: /home/thedush/ROS2_turtlesim_PID_demo/install/cpp_node/include/cpp_node/cpp_node
[1.084s] -- Up-to-date: /home/thedush/ROS2_turtlesim_PID_demo/install/cpp_node/include/cpp_node/cpp_node/msg
[1.084s] -- Up-to-date: /home/thedush/ROS2_turtlesim_PID_demo/install/cpp_node/include/cpp_node/cpp_node/msg/rosidl_generator_c__visibility_control.h
[1.084s] -- Up-to-date: /home/thedush/ROS2_turtlesim_PID_demo/install/cpp_node/include/cpp_node/cpp_node/action
[1.084s] -- Up-to-date: /home/thedush/ROS2_turtlesim_PID_demo/install/cpp_node/include/cpp_node/cpp_node/action/detail
[1.084s] -- Up-to-date: /home/thedush/ROS2_turtlesim_PID_demo/install/cpp_node/include/cpp_node/cpp_node/action/detail/go_to_pose__struct.h
[1.084s] -- Up-to-date: /home/thedush/ROS2_turtlesim_PID_demo/install/cpp_node/include/cpp_node/cpp_node/action/detail/go_to_pose__functions.c
[1.084s] -- Up-to-date: /home/thedush/ROS2_turtlesim_PID_demo/install/cpp_node/include/cpp_node/cpp_node/action/detail/go_to_pose__type_support.h
[1.084s] -- Up-to-date: /home/thedush/ROS2_turtlesim_PID_demo/install/cpp_node/include/cpp_node/cpp_node/action/detail/go_to_pose__functions.h
[1.084s] -- Up-to-date: /home/thedush/ROS2_turtlesim_PID_demo/install/cpp_node/include/cpp_node/cpp_node/action/go_to_pose.h
[1.084s] -- Up-to-date: /home/thedush/ROS2_turtlesim_PID_demo/install/cpp_node/share/cpp_node/environment/library_path.sh
[1.085s] -- Up-to-date: /home/thedush/ROS2_turtlesim_PID_demo/install/cpp_node/share/cpp_node/environment/library_path.dsv
[1.085s] -- Up-to-date: /home/thedush/ROS2_turtlesim_PID_demo/install/cpp_node/lib/libcpp_node__rosidl_generator_c.so
[1.085s] -- Up-to-date: /home/thedush/ROS2_turtlesim_PID_demo/install/cpp_node/include/cpp_node/cpp_node
[1.085s] -- Up-to-date: /home/thedush/ROS2_turtlesim_PID_demo/install/cpp_node/include/cpp_node/cpp_node/msg
[1.085s] -- Up-to-date: /home/thedush/ROS2_turtlesim_PID_demo/install/cpp_node/include/cpp_node/cpp_node/msg/rosidl_typesupport_fastrtps_c__visibility_control.h
[1.085s] -- Up-to-date: /home/thedush/ROS2_turtlesim_PID_demo/install/cpp_node/include/cpp_node/cpp_node/action
[1.085s] -- Up-to-date: /home/thedush/ROS2_turtlesim_PID_demo/install/cpp_node/include/cpp_node/cpp_node/action/detail
[1.085s] -- Up-to-date: /home/thedush/ROS2_turtlesim_PID_demo/install/cpp_node/include/cpp_node/cpp_node/action/detail/go_to_pose__rosidl_typesupport_fastrtps_c.h
[1.086s] -- Up-to-date: /home/thedush/ROS2_turtlesim_PID_demo/install/cpp_node/lib/libcpp_node__rosidl_typesupport_fastrtps_c.so
[1.086s] -- Up-to-date: /home/thedush/ROS2_turtlesim_PID_demo/install/cpp_node/include/cpp_node/cpp_node
[1.086s] -- Up-to-date: /home/thedush/ROS2_turtlesim_PID_demo/install/cpp_node/include/cpp_node/cpp_node/action
[1.086s] -- Up-to-date: /home/thedush/ROS2_turtlesim_PID_demo/install/cpp_node/include/cpp_node/cpp_node/action/detail
[1.086s] -- Up-to-date: /home/thedush/ROS2_turtlesim_PID_demo/install/cpp_node/include/cpp_node/cpp_node/action/detail/go_to_pose__struct.hpp
[1.086s] -- Up-to-date: /home/thedush/ROS2_turtlesim_PID_demo/install/cpp_node/include/cpp_node/cpp_node/action/detail/go_to_pose__traits.hpp
[1.086s] -- Up-to-date: /home/thedush/ROS2_turtlesim_PID_demo/install/cpp_node/include/cpp_node/cpp_node/action/detail/go_to_pose__builder.hpp
[1.086s] -- Up-to-date: /home/thedush/ROS2_turtlesim_PID_demo/install/cpp_node/include/cpp_node/cpp_node/action/go_to_pose.hpp
[1.086s] -- Up-to-date: /home/thedush/ROS2_turtlesim_PID_demo/install/cpp_node/include/cpp_node/cpp_node
[1.086s] -- Up-to-date: /home/thedush/ROS2_turtlesim_PID_demo/install/cpp_node/include/cpp_node/cpp_node/msg
[1.086s] -- Up-to-date: /home/thedush/ROS2_turtlesim_PID_demo/install/cpp_node/include/cpp_node/cpp_node/msg/rosidl_typesupport_fastrtps_cpp__visibility_control.h
[1.086s] -- Up-to-date: /home/thedush/ROS2_turtlesim_PID_demo/install/cpp_node/include/cpp_node/cpp_node/action
[1.086s] -- Up-to-date: /home/thedush/ROS2_turtlesim_PID_demo/install/cpp_node/include/cpp_node/cpp_node/action/detail
[1.086s] -- Up-to-date: /home/thedush/ROS2_turtlesim_PID_demo/install/cpp_node/include/cpp_node/cpp_node/action/detail/dds_fastrtps
[1.087s] -- Up-to-date: /home/thedush/ROS2_turtlesim_PID_demo/install/cpp_node/include/cpp_node/cpp_node/action/detail/go_to_pose__rosidl_typesupport_fastrtps_cpp.hpp
[1.087s] -- Up-to-date: /home/thedush/ROS2_turtlesim_PID_demo/install/cpp_node/lib/libcpp_node__rosidl_typesupport_fastrtps_cpp.so
[1.087s] -- Up-to-date: /home/thedush/ROS2_turtlesim_PID_demo/install/cpp_node/include/cpp_node/cpp_node
[1.087s] -- Up-to-date: /home/thedush/ROS2_turtlesim_PID_demo/install/cpp_node/include/cpp_node/cpp_node/msg
[1.087s] -- Up-to-date: /home/thedush/ROS2_turtlesim_PID_demo/install/cpp_node/include/cpp_node/cpp_node/msg/rosidl_typesupport_introspection_c__visibility_control.h
[1.087s] -- Up-to-date: /home/thedush/ROS2_turtlesim_PID_demo/install/cpp_node/include/cpp_node/cpp_node/action
[1.087s] -- Up-to-date: /home/thedush/ROS2_turtlesim_PID_demo/install/cpp_node/include/cpp_node/cpp_node/action/detail
[1.087s] -- Up-to-date: /home/thedush/ROS2_turtlesim_PID_demo/install/cpp_node/include/cpp_node/cpp_node/action/detail/go_to_pose__type_support.c
[1.087s] -- Up-to-date: /home/thedush/ROS2_turtlesim_PID_demo/install/cpp_node/include/cpp_node/cpp_node/action/detail/go_to_pose__rosidl_typesupport_introspection_c.h
[1.087s] -- Up-to-date: /home/thedush/ROS2_turtlesim_PID_demo/install/cpp_node/lib/libcpp_node__rosidl_typesupport_introspection_c.so
[1.087s] -- Up-to-date: /home/thedush/ROS2_turtlesim_PID_demo/install/cpp_node/lib/libcpp_node__rosidl_typesupport_c.so
[1.087s] -- Up-to-date: /home/thedush/ROS2_turtlesim_PID_demo/install/cpp_node/include/cpp_node/cpp_node
[1.087s] -- Up-to-date: /home/thedush/ROS2_turtlesim_PID_demo/install/cpp_node/include/cpp_node/cpp_node/action
[1.087s] -- Up-to-date: /home/thedush/ROS2_turtlesim_PID_demo/install/cpp_node/include/cpp_node/cpp_node/action/detail
[1.087s] -- Up-to-date: /home/thedush/ROS2_turtlesim_PID_demo/install/cpp_node/include/cpp_node/cpp_node/action/detail/go_to_pose__rosidl_typesupport_introspection_cpp.hpp
[1.087s] -- Up-to-date: /home/thedush/ROS2_turtlesim_PID_demo/install/cpp_node/include/cpp_node/cpp_node/action/detail/go_to_pose__type_support.cpp
[1.088s] -- Up-to-date: /home/thedush/ROS2_turtlesim_PID_demo/install/cpp_node/lib/libcpp_node__rosidl_typesupport_introspection_cpp.so
[1.088s] -- Up-to-date: /home/thedush/ROS2_turtlesim_PID_demo/install/cpp_node/lib/libcpp_node__rosidl_typesupport_cpp.so
[1.088s] -- Up-to-date: /home/thedush/ROS2_turtlesim_PID_demo/install/cpp_node/share/cpp_node/environment/pythonpath.sh
[1.088s] -- Up-to-date: /home/thedush/ROS2_turtlesim_PID_demo/install/cpp_node/share/cpp_node/environment/pythonpath.dsv
[1.088s] -- Up-to-date: /home/thedush/ROS2_turtlesim_PID_demo/install/cpp_node/local/lib/python3.10/dist-packages/cpp_node-0.0.0-py3.10.egg-info
[1.088s] -- Installing: /home/thedush/ROS2_turtlesim_PID_demo/install/cpp_node/local/lib/python3.10/dist-packages/cpp_node-0.0.0-py3.10.egg-info/top_level.txt
[1.088s] -- Installing: /home/thedush/ROS2_turtlesim_PID_demo/install/cpp_node/local/lib/python3.10/dist-packages/cpp_node-0.0.0-py3.10.egg-info/PKG-INFO
[1.088s] -- Installing: /home/thedush/ROS2_turtlesim_PID_demo/install/cpp_node/local/lib/python3.10/dist-packages/cpp_node-0.0.0-py3.10.egg-info/dependency_links.txt
[1.088s] -- Installing: /home/thedush/ROS2_turtlesim_PID_demo/install/cpp_node/local/lib/python3.10/dist-packages/cpp_node-0.0.0-py3.10.egg-info/SOURCES.txt
[1.088s] -- Up-to-date: /home/thedush/ROS2_turtlesim_PID_demo/install/cpp_node/local/lib/python3.10/dist-packages/cpp_node
[1.088s] -- Up-to-date: /home/thedush/ROS2_turtlesim_PID_demo/install/cpp_node/local/lib/python3.10/dist-packages/cpp_node/_cpp_node_s.ep.rosidl_typesupport_fastrtps_c.c
[1.088s] -- Up-to-date: /home/thedush/ROS2_turtlesim_PID_demo/install/cpp_node/local/lib/python3.10/dist-packages/cpp_node/__init__.py
[1.088s] -- Up-to-date: /home/thedush/ROS2_turtlesim_PID_demo/install/cpp_node/local/lib/python3.10/dist-packages/cpp_node/cpp_node_s__rosidl_typesupport_fastrtps_c.cpython-310-x86_64-linux-gnu.so
[1.088s] -- Up-to-date: /home/thedush/ROS2_turtlesim_PID_demo/install/cpp_node/local/lib/python3.10/dist-packages/cpp_node/cpp_node_s__rosidl_typesupport_c.cpython-310-x86_64-linux-gnu.so
[1.089s] -- Up-to-date: /home/thedush/ROS2_turtlesim_PID_demo/install/cpp_node/local/lib/python3.10/dist-packages/cpp_node/cpp_node_s__rosidl_typesupport_introspection_c.cpython-310-x86_64-linux-gnu.so
[1.089s] -- Up-to-date: /home/thedush/ROS2_turtlesim_PID_demo/install/cpp_node/local/lib/python3.10/dist-packages/cpp_node/libcpp_node__rosidl_generator_py.so
[1.089s] -- Up-to-date: /home/thedush/ROS2_turtlesim_PID_demo/install/cpp_node/local/lib/python3.10/dist-packages/cpp_node/_cpp_node_s.ep.rosidl_typesupport_introspection_c.c
[1.089s] -- Up-to-date: /home/thedush/ROS2_turtlesim_PID_demo/install/cpp_node/local/lib/python3.10/dist-packages/cpp_node/action
[1.089s] -- Up-to-date: /home/thedush/ROS2_turtlesim_PID_demo/install/cpp_node/local/lib/python3.10/dist-packages/cpp_node/action/__init__.py
[1.089s] -- Up-to-date: /home/thedush/ROS2_turtlesim_PID_demo/install/cpp_node/local/lib/python3.10/dist-packages/cpp_node/action/_go_to_pose.py
[1.089s] -- Up-to-date: /home/thedush/ROS2_turtlesim_PID_demo/install/cpp_node/local/lib/python3.10/dist-packages/cpp_node/action/_go_to_pose_s.c
[1.089s] -- Up-to-date: /home/thedush/ROS2_turtlesim_PID_demo/install/cpp_node/local/lib/python3.10/dist-packages/cpp_node/_cpp_node_s.ep.rosidl_typesupport_c.c
[1.132s] Listing '/home/thedush/ROS2_turtlesim_PID_demo/install/cpp_node/local/lib/python3.10/dist-packages/cpp_node'...
[1.133s] Listing '/home/thedush/ROS2_turtlesim_PID_demo/install/cpp_node/local/lib/python3.10/dist-packages/cpp_node/action'...
[1.135s] -- Up-to-date: /home/thedush/ROS2_turtlesim_PID_demo/install/cpp_node/local/lib/python3.10/dist-packages/cpp_node/cpp_node_s__rosidl_typesupport_fastrtps_c.cpython-310-x86_64-linux-gnu.so
[1.135s] -- Up-to-date: /home/thedush/ROS2_turtlesim_PID_demo/install/cpp_node/local/lib/python3.10/dist-packages/cpp_node/cpp_node_s__rosidl_typesupport_introspection_c.cpython-310-x86_64-linux-gnu.so
[1.135s] -- Up-to-date: /home/thedush/ROS2_turtlesim_PID_demo/install/cpp_node/local/lib/python3.10/dist-packages/cpp_node/cpp_node_s__rosidl_typesupport_c.cpython-310-x86_64-linux-gnu.so
[1.136s] -- Up-to-date: /home/thedush/ROS2_turtlesim_PID_demo/install/cpp_node/lib/libcpp_node__rosidl_generator_py.so
[1.136s] -- Up-to-date: /home/thedush/ROS2_turtlesim_PID_demo/install/cpp_node/share/cpp_node/action/GoToPose.idl
[1.138s] -- Up-to-date: /home/thedush/ROS2_turtlesim_PID_demo/install/cpp_node/share/cpp_node/action/GoToPose.action
[1.138s] -- Up-to-date: /home/thedush/ROS2_turtlesim_PID_demo/install/cpp_node/share/ament_index/resource_index/package_run_dependencies/cpp_node
[1.138s] -- Up-to-date: /home/thedush/ROS2_turtlesim_PID_demo/install/cpp_node/share/ament_index/resource_index/parent_prefix_path/cpp_node
[1.139s] -- Up-to-date: /home/thedush/ROS2_turtlesim_PID_demo/install/cpp_node/share/cpp_node/environment/ament_prefix_path.sh
[1.139s] -- Up-to-date: /home/thedush/ROS2_turtlesim_PID_demo/install/cpp_node/share/cpp_node/environment/ament_prefix_path.dsv
[1.139s] -- Up-to-date: /home/thedush/ROS2_turtlesim_PID_demo/install/cpp_node/share/cpp_node/environment/path.sh
[1.139s] -- Up-to-date: /home/thedush/ROS2_turtlesim_PID_demo/install/cpp_node/share/cpp_node/environment/path.dsv
[1.139s] -- Up-to-date: /home/thedush/ROS2_turtlesim_PID_demo/install/cpp_node/share/cpp_node/local_setup.bash
[1.139s] -- Up-to-date: /home/thedush/ROS2_turtlesim_PID_demo/install/cpp_node/share/cpp_node/local_setup.sh
[1.139s] -- Up-to-date: /home/thedush/ROS2_turtlesim_PID_demo/install/cpp_node/share/cpp_node/local_setup.zsh
[1.139s] -- Up-to-date: /home/thedush/ROS2_turtlesim_PID_demo/install/cpp_node/share/cpp_node/local_setup.dsv
[1.139s] -- Installing: /home/thedush/ROS2_turtlesim_PID_demo/install/cpp_node/share/cpp_node/package.dsv
[1.140s] -- Up-to-date: /home/thedush/ROS2_turtlesim_PID_demo/install/cpp_node/share/ament_index/resource_index/packages/cpp_node
[1.140s] -- Up-to-date: /home/thedush/ROS2_turtlesim_PID_demo/install/cpp_node/share/cpp_node/cmake/export_cpp_node__rosidl_generator_cExport.cmake
[1.140s] -- Up-to-date: /home/thedush/ROS2_turtlesim_PID_demo/install/cpp_node/share/cpp_node/cmake/export_cpp_node__rosidl_generator_cExport-noconfig.cmake
[1.140s] -- Up-to-date: /home/thedush/ROS2_turtlesim_PID_demo/install/cpp_node/share/cpp_node/cmake/export_cpp_node__rosidl_typesupport_fastrtps_cExport.cmake
[1.140s] -- Up-to-date: /home/thedush/ROS2_turtlesim_PID_demo/install/cpp_node/share/cpp_node/cmake/export_cpp_node__rosidl_typesupport_fastrtps_cExport-noconfig.cmake
[1.142s] -- Up-to-date: /home/thedush/ROS2_turtlesim_PID_demo/install/cpp_node/share/cpp_node/cmake/export_cpp_node__rosidl_generator_cppExport.cmake
[1.142s] -- Up-to-date: /home/thedush/ROS2_turtlesim_PID_demo/install/cpp_node/share/cpp_node/cmake/export_cpp_node__rosidl_typesupport_fastrtps_cppExport.cmake
[1.142s] -- Up-to-date: /home/thedush/ROS2_turtlesim_PID_demo/install/cpp_node/share/cpp_node/cmake/export_cpp_node__rosidl_typesupport_fastrtps_cppExport-noconfig.cmake
[1.142s] -- Up-to-date: /home/thedush/ROS2_turtlesim_PID_demo/install/cpp_node/share/cpp_node/cmake/cpp_node__rosidl_typesupport_introspection_cExport.cmake
[1.142s] -- Up-to-date: /home/thedush/ROS2_turtlesim_PID_demo/install/cpp_node/share/cpp_node/cmake/cpp_node__rosidl_typesupport_introspection_cExport-noconfig.cmake
[1.142s] -- Up-to-date: /home/thedush/ROS2_turtlesim_PID_demo/install/cpp_node/share/cpp_node/cmake/cpp_node__rosidl_typesupport_cExport.cmake
[1.142s] -- Up-to-date: /home/thedush/ROS2_turtlesim_PID_demo/install/cpp_node/share/cpp_node/cmake/cpp_node__rosidl_typesupport_cExport-noconfig.cmake
[1.142s] -- Up-to-date: /home/thedush/ROS2_turtlesim_PID_demo/install/cpp_node/share/cpp_node/cmake/cpp_node__rosidl_typesupport_introspection_cppExport.cmake
[1.142s] -- Up-to-date: /home/thedush/ROS2_turtlesim_PID_demo/install/cpp_node/share/cpp_node/cmake/cpp_node__rosidl_typesupport_introspection_cppExport-noconfig.cmake
[1.142s] -- Up-to-date: /home/thedush/ROS2_turtlesim_PID_demo/install/cpp_node/share/cpp_node/cmake/cpp_node__rosidl_typesupport_cppExport.cmake
[1.143s] -- Up-to-date: /home/thedush/ROS2_turtlesim_PID_demo/install/cpp_node/share/cpp_node/cmake/cpp_node__rosidl_typesupport_cppExport-noconfig.cmake
[1.143s] -- Up-to-date: /home/thedush/ROS2_turtlesim_PID_demo/install/cpp_node/share/cpp_node/cmake/export_cpp_node__rosidl_generator_pyExport.cmake
[1.143s] -- Up-to-date: /home/thedush/ROS2_turtlesim_PID_demo/install/cpp_node/share/cpp_node/cmake/export_cpp_node__rosidl_generator_pyExport-noconfig.cmake
[1.143s] -- Up-to-date: /home/thedush/ROS2_turtlesim_PID_demo/install/cpp_node/share/cpp_node/cmake/rosidl_cmake-extras.cmake
[1.143s] -- Up-to-date: /home/thedush/ROS2_turtlesim_PID_demo/install/cpp_node/share/cpp_node/cmake/ament_cmake_export_dependencies-extras.cmake
[1.143s] -- Up-to-date: /home/thedush/ROS2_turtlesim_PID_demo/install/cpp_node/share/cpp_node/cmake/ament_cmake_export_include_directories-extras.cmake
[1.143s] -- Up-to-date: /home/thedush/ROS2_turtlesim_PID_demo/install/cpp_node/share/cpp_node/cmake/ament_cmake_export_libraries-extras.cmake
[1.143s] -- Up-to-date: /home/thedush/ROS2_turtlesim_PID_demo/install/cpp_node/share/cpp_node/cmake/ament_cmake_export_targets-extras.cmake
[1.143s] -- Up-to-date: /home/thedush/ROS2_turtlesim_PID_demo/install/cpp_node/share/cpp_node/cmake/rosidl_cmake_export_typesupport_targets-extras.cmake
[1.143s] -- Up-to-date: /home/thedush/ROS2_turtlesim_PID_demo/install/cpp_node/share/cpp_node/cmake/rosidl_cmake_export_typesupport_libraries-extras.cmake
[1.143s] -- Up-to-date: /home/thedush/ROS2_turtlesim_PID_demo/install/cpp_node/share/cpp_node/cmake/cpp_nodeConfig.cmake
[1.143s] -- Up-to-date: /home/thedush/ROS2_turtlesim_PID_demo/install/cpp_node/share/cpp_node/cmake/cpp_nodeConfig-version.cmake
[1.144s] -- Up-to-date: /home/thedush/ROS2_turtlesim_PID_demo/install/cpp_node/share/cpp_node/package.xml
[1.147s] Invoked command in '/home/thedush/ROS2_turtlesim_PID_demo/build/cpp_node' returned '0': CMAKE_PREFIX_PATH=${CMAKE_PREFIX_PATH}:/home/thedush/ROS2_turtlesim_PID_demo/install/turtle_demo_controller:/opt/ros/humble /usr/bin/cmake --install /home/thedush/ROS2_turtlesim_PID_demo/build/cpp_node
