[3.141s] DEBUG:colcon:Command line arguments: ['/usr/bin/colcon', 'build']
[3.141s] DEBUG:colcon:Parsed command line arguments: Namespace(log_base=None, log_level=None, verb_name='build', build_base='build', install_base='install', merge_install=False, symlink_install=False, test_result_base=None, continue_on_error=False, executor='parallel', parallel_workers=8, event_handlers=None, ignore_user_meta=False, metas=['./colcon.meta'], base_paths=['.'], packages_ignore=None, packages_ignore_regex=None, paths=None, packages_up_to=None, packages_up_to_regex=None, packages_above=None, packages_above_and_dependencies=None, packages_above_depth=None, packages_select_by_dep=None, packages_skip_by_dep=None, packages_skip_up_to=None, packages_select_build_failed=False, packages_skip_build_finished=False, packages_select_test_failures=False, packages_skip_test_passed=False, packages_select=None, packages_skip=None, packages_select_regex=None, packages_skip_regex=None, packages_start=None, packages_end=None, allow_overriding=[], cmake_args=None, cmake_target=None, cmake_target_skip_unavailable=False, cmake_clean_cache=False, cmake_clean_first=False, cmake_force_configure=False, ament_cmake_args=None, catkin_cmake_args=None, catkin_skip_building_tests=False, mixin_files=None, mixin=None, verb_parser=<colcon_mixin.mixin.mixin_argument.MixinArgumentDecorator object at 0x7a22f415f400>, verb_extension=<colcon_core.verb.build.BuildVerb object at 0x7a22f415ef50>, main=<bound method BuildVerb.main of <colcon_core.verb.build.BuildVerb object at 0x7a22f415ef50>>, mixin_verb=('build',))
[18.791s] Level 1:colcon.colcon_core.package_discovery:discover_packages(colcon_meta) check parameters
[18.792s] Level 1:colcon.colcon_core.package_discovery:discover_packages(recursive) check parameters
[18.792s] Level 1:colcon.colcon_core.package_discovery:discover_packages(ignore) check parameters
[18.792s] Level 1:colcon.colcon_core.package_discovery:discover_packages(path) check parameters
[18.792s] Level 1:colcon.colcon_core.package_discovery:discover_packages(colcon_meta) discover
[18.792s] Level 1:colcon.colcon_core.package_discovery:discover_packages(recursive) discover
[18.792s] INFO:colcon.colcon_core.package_discovery:Crawling recursively for packages in '/home/thedush/ROS2_turtlesim_PID_demo'
[18.792s] Level 1:colcon.colcon_core.package_identification:_identify(.) by extensions ['ignore', 'ignore_ament_install']
[18.792s] Level 1:colcon.colcon_core.package_identification:_identify(.) by extension 'ignore'
[18.792s] Level 1:colcon.colcon_core.package_identification:_identify(.) by extension 'ignore_ament_install'
[18.792s] Level 1:colcon.colcon_core.package_identification:_identify(.) by extensions ['colcon_pkg']
[18.792s] Level 1:colcon.colcon_core.package_identification:_identify(.) by extension 'colcon_pkg'
[18.793s] Level 1:colcon.colcon_core.package_identification:_identify(.) by extensions ['colcon_meta']
[18.793s] Level 1:colcon.colcon_core.package_identification:_identify(.) by extension 'colcon_meta'
[18.793s] Level 1:colcon.colcon_core.package_identification:_identify(.) by extensions ['ros']
[18.793s] Level 1:colcon.colcon_core.package_identification:_identify(.) by extension 'ros'
[18.930s] Level 1:colcon.colcon_core.package_identification:_identify(.) by extensions ['cmake', 'python']
[18.930s] Level 1:colcon.colcon_core.package_identification:_identify(.) by extension 'cmake'
[18.930s] Level 1:colcon.colcon_core.package_identification:_identify(.) by extension 'python'
[18.931s] Level 1:colcon.colcon_core.package_identification:_identify(.) by extensions ['python_setup_py']
[18.931s] Level 1:colcon.colcon_core.package_identification:_identify(.) by extension 'python_setup_py'
[18.931s] Level 1:colcon.colcon_core.package_identification:_identify(build) by extensions ['ignore', 'ignore_ament_install']
[18.931s] Level 1:colcon.colcon_core.package_identification:_identify(build) by extension 'ignore'
[18.931s] Level 1:colcon.colcon_core.package_identification:_identify(build) ignored
[18.931s] Level 1:colcon.colcon_core.package_identification:_identify(install) by extensions ['ignore', 'ignore_ament_install']
[18.931s] Level 1:colcon.colcon_core.package_identification:_identify(install) by extension 'ignore'
[18.931s] Level 1:colcon.colcon_core.package_identification:_identify(install) ignored
[18.932s] Level 1:colcon.colcon_core.package_identification:_identify(log) by extensions ['ignore', 'ignore_ament_install']
[18.932s] Level 1:colcon.colcon_core.package_identification:_identify(log) by extension 'ignore'
[18.932s] Level 1:colcon.colcon_core.package_identification:_identify(log) ignored
[18.952s] Level 1:colcon.colcon_core.package_identification:_identify(src) by extensions ['ignore', 'ignore_ament_install']
[18.953s] Level 1:colcon.colcon_core.package_identification:_identify(src) by extension 'ignore'
[18.953s] Level 1:colcon.colcon_core.package_identification:_identify(src) by extension 'ignore_ament_install'
[18.953s] Level 1:colcon.colcon_core.package_identification:_identify(src) by extensions ['colcon_pkg']
[18.953s] Level 1:colcon.colcon_core.package_identification:_identify(src) by extension 'colcon_pkg'
[18.953s] Level 1:colcon.colcon_core.package_identification:_identify(src) by extensions ['colcon_meta']
[18.953s] Level 1:colcon.colcon_core.package_identification:_identify(src) by extension 'colcon_meta'
[18.953s] Level 1:colcon.colcon_core.package_identification:_identify(src) by extensions ['ros']
[18.953s] Level 1:colcon.colcon_core.package_identification:_identify(src) by extension 'ros'
[18.953s] Level 1:colcon.colcon_core.package_identification:_identify(src) by extensions ['cmake', 'python']
[18.953s] Level 1:colcon.colcon_core.package_identification:_identify(src) by extension 'cmake'
[18.953s] Level 1:colcon.colcon_core.package_identification:_identify(src) by extension 'python'
[18.953s] Level 1:colcon.colcon_core.package_identification:_identify(src) by extensions ['python_setup_py']
[18.953s] Level 1:colcon.colcon_core.package_identification:_identify(src) by extension 'python_setup_py'
[18.961s] Level 1:colcon.colcon_core.package_identification:_identify(src/cpp_node) by extensions ['ignore', 'ignore_ament_install']
[18.961s] Level 1:colcon.colcon_core.package_identification:_identify(src/cpp_node) by extension 'ignore'
[18.961s] Level 1:colcon.colcon_core.package_identification:_identify(src/cpp_node) by extension 'ignore_ament_install'
[18.961s] Level 1:colcon.colcon_core.package_identification:_identify(src/cpp_node) by extensions ['colcon_pkg']
[18.961s] Level 1:colcon.colcon_core.package_identification:_identify(src/cpp_node) by extension 'colcon_pkg'
[18.961s] Level 1:colcon.colcon_core.package_identification:_identify(src/cpp_node) by extensions ['colcon_meta']
[18.961s] Level 1:colcon.colcon_core.package_identification:_identify(src/cpp_node) by extension 'colcon_meta'
[18.961s] Level 1:colcon.colcon_core.package_identification:_identify(src/cpp_node) by extensions ['ros']
[18.961s] Level 1:colcon.colcon_core.package_identification:_identify(src/cpp_node) by extension 'ros'
[18.961s] Level 1:colcon.colcon_core.package_identification:_identify(src/cpp_node) by extensions ['cmake', 'python']
[18.962s] Level 1:colcon.colcon_core.package_identification:_identify(src/cpp_node) by extension 'cmake'
[18.962s] Level 1:colcon.colcon_core.package_identification:_identify(src/cpp_node) by extension 'python'
[18.962s] Level 1:colcon.colcon_core.package_identification:_identify(src/cpp_node) by extensions ['python_setup_py']
[18.962s] Level 1:colcon.colcon_core.package_identification:_identify(src/cpp_node) by extension 'python_setup_py'
[18.990s] Level 1:colcon.colcon_core.package_identification:_identify(src/cpp_node/include) by extensions ['ignore', 'ignore_ament_install']
[18.990s] Level 1:colcon.colcon_core.package_identification:_identify(src/cpp_node/include) by extension 'ignore'
[18.990s] Level 1:colcon.colcon_core.package_identification:_identify(src/cpp_node/include) by extension 'ignore_ament_install'
[18.990s] Level 1:colcon.colcon_core.package_identification:_identify(src/cpp_node/include) by extensions ['colcon_pkg']
[18.990s] Level 1:colcon.colcon_core.package_identification:_identify(src/cpp_node/include) by extension 'colcon_pkg'
[18.990s] Level 1:colcon.colcon_core.package_identification:_identify(src/cpp_node/include) by extensions ['colcon_meta']
[18.990s] Level 1:colcon.colcon_core.package_identification:_identify(src/cpp_node/include) by extension 'colcon_meta'
[18.990s] Level 1:colcon.colcon_core.package_identification:_identify(src/cpp_node/include) by extensions ['ros']
[18.990s] Level 1:colcon.colcon_core.package_identification:_identify(src/cpp_node/include) by extension 'ros'
[18.991s] Level 1:colcon.colcon_core.package_identification:_identify(src/cpp_node/include) by extensions ['cmake', 'python']
[18.991s] Level 1:colcon.colcon_core.package_identification:_identify(src/cpp_node/include) by extension 'cmake'
[18.991s] Level 1:colcon.colcon_core.package_identification:_identify(src/cpp_node/include) by extension 'python'
[18.991s] Level 1:colcon.colcon_core.package_identification:_identify(src/cpp_node/include) by extensions ['python_setup_py']
[18.991s] Level 1:colcon.colcon_core.package_identification:_identify(src/cpp_node/include) by extension 'python_setup_py'
[18.991s] Level 1:colcon.colcon_core.package_identification:_identify(src/cpp_node/include/cpp_node) by extensions ['ignore', 'ignore_ament_install']
[18.991s] Level 1:colcon.colcon_core.package_identification:_identify(src/cpp_node/include/cpp_node) by extension 'ignore'
[18.991s] Level 1:colcon.colcon_core.package_identification:_identify(src/cpp_node/include/cpp_node) by extension 'ignore_ament_install'
[18.992s] Level 1:colcon.colcon_core.package_identification:_identify(src/cpp_node/include/cpp_node) by extensions ['colcon_pkg']
[18.992s] Level 1:colcon.colcon_core.package_identification:_identify(src/cpp_node/include/cpp_node) by extension 'colcon_pkg'
[18.992s] Level 1:colcon.colcon_core.package_identification:_identify(src/cpp_node/include/cpp_node) by extensions ['colcon_meta']
[18.992s] Level 1:colcon.colcon_core.package_identification:_identify(src/cpp_node/include/cpp_node) by extension 'colcon_meta'
[18.992s] Level 1:colcon.colcon_core.package_identification:_identify(src/cpp_node/include/cpp_node) by extensions ['ros']
[18.992s] Level 1:colcon.colcon_core.package_identification:_identify(src/cpp_node/include/cpp_node) by extension 'ros'
[18.992s] Level 1:colcon.colcon_core.package_identification:_identify(src/cpp_node/include/cpp_node) by extensions ['cmake', 'python']
[18.992s] Level 1:colcon.colcon_core.package_identification:_identify(src/cpp_node/include/cpp_node) by extension 'cmake'
[18.992s] Level 1:colcon.colcon_core.package_identification:_identify(src/cpp_node/include/cpp_node) by extension 'python'
[18.992s] Level 1:colcon.colcon_core.package_identification:_identify(src/cpp_node/include/cpp_node) by extensions ['python_setup_py']
[18.992s] Level 1:colcon.colcon_core.package_identification:_identify(src/cpp_node/include/cpp_node) by extension 'python_setup_py'
[18.993s] Level 1:colcon.colcon_core.package_identification:_identify(src/cpp_node/src) by extensions ['ignore', 'ignore_ament_install']
[18.993s] Level 1:colcon.colcon_core.package_identification:_identify(src/cpp_node/src) by extension 'ignore'
[18.993s] Level 1:colcon.colcon_core.package_identification:_identify(src/cpp_node/src) by extension 'ignore_ament_install'
[18.993s] Level 1:colcon.colcon_core.package_identification:_identify(src/cpp_node/src) by extensions ['colcon_pkg']
[18.993s] Level 1:colcon.colcon_core.package_identification:_identify(src/cpp_node/src) by extension 'colcon_pkg'
[18.993s] Level 1:colcon.colcon_core.package_identification:_identify(src/cpp_node/src) by extensions ['colcon_meta']
[18.993s] Level 1:colcon.colcon_core.package_identification:_identify(src/cpp_node/src) by extension 'colcon_meta'
[18.993s] Level 1:colcon.colcon_core.package_identification:_identify(src/cpp_node/src) by extensions ['ros']
[18.993s] Level 1:colcon.colcon_core.package_identification:_identify(src/cpp_node/src) by extension 'ros'
[18.993s] Level 1:colcon.colcon_core.package_identification:_identify(src/cpp_node/src) by extensions ['cmake', 'python']
[18.993s] Level 1:colcon.colcon_core.package_identification:_identify(src/cpp_node/src) by extension 'cmake'
[18.993s] Level 1:colcon.colcon_core.package_identification:_identify(src/cpp_node/src) by extension 'python'
[18.993s] Level 1:colcon.colcon_core.package_identification:_identify(src/cpp_node/src) by extensions ['python_setup_py']
[18.994s] Level 1:colcon.colcon_core.package_identification:_identify(src/cpp_node/src) by extension 'python_setup_py'
[18.994s] Level 1:colcon.colcon_core.package_identification:_identify(src/turtle_demo_controller) by extensions ['ignore', 'ignore_ament_install']
[18.994s] Level 1:colcon.colcon_core.package_identification:_identify(src/turtle_demo_controller) by extension 'ignore'
[18.994s] Level 1:colcon.colcon_core.package_identification:_identify(src/turtle_demo_controller) by extension 'ignore_ament_install'
[18.994s] Level 1:colcon.colcon_core.package_identification:_identify(src/turtle_demo_controller) by extensions ['colcon_pkg']
[18.994s] Level 1:colcon.colcon_core.package_identification:_identify(src/turtle_demo_controller) by extension 'colcon_pkg'
[18.994s] Level 1:colcon.colcon_core.package_identification:_identify(src/turtle_demo_controller) by extensions ['colcon_meta']
[18.994s] Level 1:colcon.colcon_core.package_identification:_identify(src/turtle_demo_controller) by extension 'colcon_meta'
[18.994s] Level 1:colcon.colcon_core.package_identification:_identify(src/turtle_demo_controller) by extensions ['ros']
[18.994s] Level 1:colcon.colcon_core.package_identification:_identify(src/turtle_demo_controller) by extension 'ros'
[19.054s] DEBUG:colcon.colcon_core.package_identification:Package 'src/turtle_demo_controller' with type 'ros.ament_python' and name 'turtle_demo_controller'
[19.054s] Level 1:colcon.colcon_core.package_discovery:discover_packages(recursive) using defaults
[19.055s] Level 1:colcon.colcon_core.package_discovery:discover_packages(ignore) discover
[19.055s] Level 1:colcon.colcon_core.package_discovery:discover_packages(ignore) using defaults
[19.055s] Level 1:colcon.colcon_core.package_discovery:discover_packages(path) discover
[19.055s] Level 1:colcon.colcon_core.package_discovery:discover_packages(path) using defaults
[19.593s] Level 1:colcon.colcon_core.package_discovery:discover_packages(prefix_path) check parameters
[19.593s] Level 1:colcon.colcon_core.package_discovery:discover_packages(prefix_path) discover
[19.646s] DEBUG:colcon.colcon_installed_package_information.package_discovery:Found 1 installed packages in /home/thedush/ROS2_turtlesim_PID_demo/install
[19.649s] DEBUG:colcon.colcon_installed_package_information.package_discovery:Found 380 installed packages in /opt/ros/humble
[19.652s] Level 1:colcon.colcon_core.package_discovery:discover_packages(prefix_path) using defaults
[19.823s] Level 5:colcon.colcon_core.verb:set package 'turtle_demo_controller' build argument 'cmake_args' from command line to 'None'
[19.823s] Level 5:colcon.colcon_core.verb:set package 'turtle_demo_controller' build argument 'cmake_target' from command line to 'None'
[19.824s] Level 5:colcon.colcon_core.verb:set package 'turtle_demo_controller' build argument 'cmake_target_skip_unavailable' from command line to 'False'
[19.824s] Level 5:colcon.colcon_core.verb:set package 'turtle_demo_controller' build argument 'cmake_clean_cache' from command line to 'False'
[19.824s] Level 5:colcon.colcon_core.verb:set package 'turtle_demo_controller' build argument 'cmake_clean_first' from command line to 'False'
[19.824s] Level 5:colcon.colcon_core.verb:set package 'turtle_demo_controller' build argument 'cmake_force_configure' from command line to 'False'
[19.824s] Level 5:colcon.colcon_core.verb:set package 'turtle_demo_controller' build argument 'ament_cmake_args' from command line to 'None'
[19.824s] Level 5:colcon.colcon_core.verb:set package 'turtle_demo_controller' build argument 'catkin_cmake_args' from command line to 'None'
[19.824s] Level 5:colcon.colcon_core.verb:set package 'turtle_demo_controller' build argument 'catkin_skip_building_tests' from command line to 'False'
[19.824s] DEBUG:colcon.colcon_core.verb:Building package 'turtle_demo_controller' with the following arguments: {'ament_cmake_args': None, 'build_base': '/home/thedush/ROS2_turtlesim_PID_demo/build/turtle_demo_controller', 'catkin_cmake_args': None, 'catkin_skip_building_tests': False, 'cmake_args': None, 'cmake_clean_cache': False, 'cmake_clean_first': False, 'cmake_force_configure': False, 'cmake_target': None, 'cmake_target_skip_unavailable': False, 'install_base': '/home/thedush/ROS2_turtlesim_PID_demo/install/turtle_demo_controller', 'merge_install': False, 'path': '/home/thedush/ROS2_turtlesim_PID_demo/src/turtle_demo_controller', 'symlink_install': False, 'test_result_base': None}
[19.824s] INFO:colcon.colcon_core.executor:Executing jobs using 'parallel' executor
[19.825s] DEBUG:colcon.colcon_parallel_executor.executor.parallel:run_until_complete
[19.825s] INFO:colcon.colcon_ros.task.ament_python.build:Building ROS package in '/home/thedush/ROS2_turtlesim_PID_demo/src/turtle_demo_controller' with build type 'ament_python'
[19.825s] Level 1:colcon.colcon_core.shell:create_environment_hook('turtle_demo_controller', 'ament_prefix_path')
[19.865s] INFO:colcon.colcon_core.plugin_system:Skipping extension 'colcon_core.shell.bat': Not used on non-Windows systems
[19.866s] INFO:colcon.colcon_core.shell:Creating environment hook '/home/thedush/ROS2_turtlesim_PID_demo/install/turtle_demo_controller/share/turtle_demo_controller/hook/ament_prefix_path.ps1'
[19.921s] INFO:colcon.colcon_core.shell:Creating environment descriptor '/home/thedush/ROS2_turtlesim_PID_demo/install/turtle_demo_controller/share/turtle_demo_controller/hook/ament_prefix_path.dsv'
[19.942s] INFO:colcon.colcon_core.shell:Creating environment hook '/home/thedush/ROS2_turtlesim_PID_demo/install/turtle_demo_controller/share/turtle_demo_controller/hook/ament_prefix_path.sh'
[19.944s] INFO:colcon.colcon_core.shell:Skip shell extension 'powershell' for command environment: Not usable outside of PowerShell
[19.944s] DEBUG:colcon.colcon_core.shell:Skip shell extension 'dsv' for command environment
[20.504s] INFO:colcon.colcon_core.task.python.build:Building Python package in '/home/thedush/ROS2_turtlesim_PID_demo/src/turtle_demo_controller'
[20.504s] INFO:colcon.colcon_core.shell:Skip shell extension 'powershell' for command environment: Not usable outside of PowerShell
[20.504s] DEBUG:colcon.colcon_core.shell:Skip shell extension 'dsv' for command environment
[23.445s] DEBUG:colcon.colcon_core.event_handler.log_command:Invoking command in '/home/thedush/ROS2_turtlesim_PID_demo/src/turtle_demo_controller': PYTHONPATH=/home/thedush/ROS2_turtlesim_PID_demo/build/turtle_demo_controller/prefix_override:/home/thedush/ROS2_turtlesim_PID_demo/install/turtle_demo_controller/lib/python3.10/site-packages:${PYTHONPATH} /usr/bin/python3 -W ignore:setup.py install is deprecated setup.py egg_info --egg-base ../../build/turtle_demo_controller build --build-base /home/thedush/ROS2_turtlesim_PID_demo/build/turtle_demo_controller/build install --record /home/thedush/ROS2_turtlesim_PID_demo/build/turtle_demo_controller/install.log --single-version-externally-managed install_data
[24.353s] DEBUG:colcon.colcon_core.event_handler.log_command:Invoked command in '/home/thedush/ROS2_turtlesim_PID_demo/src/turtle_demo_controller' returned '0': PYTHONPATH=/home/thedush/ROS2_turtlesim_PID_demo/build/turtle_demo_controller/prefix_override:/home/thedush/ROS2_turtlesim_PID_demo/install/turtle_demo_controller/lib/python3.10/site-packages:${PYTHONPATH} /usr/bin/python3 -W ignore:setup.py install is deprecated setup.py egg_info --egg-base ../../build/turtle_demo_controller build --build-base /home/thedush/ROS2_turtlesim_PID_demo/build/turtle_demo_controller/build install --record /home/thedush/ROS2_turtlesim_PID_demo/build/turtle_demo_controller/install.log --single-version-externally-managed install_data
[24.574s] Level 1:colcon.colcon_core.environment:checking '/home/thedush/ROS2_turtlesim_PID_demo/install/turtle_demo_controller' for CMake module files
[24.588s] Level 1:colcon.colcon_core.environment:checking '/home/thedush/ROS2_turtlesim_PID_demo/install/turtle_demo_controller' for CMake config files
[24.589s] Level 1:colcon.colcon_core.environment:checking '/home/thedush/ROS2_turtlesim_PID_demo/install/turtle_demo_controller/lib'
[24.589s] Level 1:colcon.colcon_core.environment:checking '/home/thedush/ROS2_turtlesim_PID_demo/install/turtle_demo_controller/bin'
[24.589s] Level 1:colcon.colcon_core.environment:checking '/home/thedush/ROS2_turtlesim_PID_demo/install/turtle_demo_controller/lib/pkgconfig/turtle_demo_controller.pc'
[24.590s] Level 1:colcon.colcon_core.environment:checking '/home/thedush/ROS2_turtlesim_PID_demo/install/turtle_demo_controller/lib/python3.10/site-packages'
[24.590s] Level 1:colcon.colcon_core.shell:create_environment_hook('turtle_demo_controller', 'pythonpath')
[24.590s] INFO:colcon.colcon_core.shell:Creating environment hook '/home/thedush/ROS2_turtlesim_PID_demo/install/turtle_demo_controller/share/turtle_demo_controller/hook/pythonpath.ps1'
[24.591s] INFO:colcon.colcon_core.shell:Creating environment descriptor '/home/thedush/ROS2_turtlesim_PID_demo/install/turtle_demo_controller/share/turtle_demo_controller/hook/pythonpath.dsv'
[24.591s] INFO:colcon.colcon_core.shell:Creating environment hook '/home/thedush/ROS2_turtlesim_PID_demo/install/turtle_demo_controller/share/turtle_demo_controller/hook/pythonpath.sh'
[24.591s] Level 1:colcon.colcon_core.environment:checking '/home/thedush/ROS2_turtlesim_PID_demo/install/turtle_demo_controller/bin'
[24.592s] Level 1:colcon.colcon_core.environment:create_environment_scripts_only(turtle_demo_controller)
[24.592s] INFO:colcon.colcon_core.shell:Creating package script '/home/thedush/ROS2_turtlesim_PID_demo/install/turtle_demo_controller/share/turtle_demo_controller/package.ps1'
[24.614s] INFO:colcon.colcon_core.shell:Creating package descriptor '/home/thedush/ROS2_turtlesim_PID_demo/install/turtle_demo_controller/share/turtle_demo_controller/package.dsv'
[24.635s] INFO:colcon.colcon_core.shell:Creating package script '/home/thedush/ROS2_turtlesim_PID_demo/install/turtle_demo_controller/share/turtle_demo_controller/package.sh'
[24.637s] INFO:colcon.colcon_core.shell:Creating package script '/home/thedush/ROS2_turtlesim_PID_demo/install/turtle_demo_controller/share/turtle_demo_controller/package.bash'
[24.668s] INFO:colcon.colcon_core.shell:Creating package script '/home/thedush/ROS2_turtlesim_PID_demo/install/turtle_demo_controller/share/turtle_demo_controller/package.zsh'
[24.683s] Level 1:colcon.colcon_core.environment:create_file_with_runtime_dependencies(/home/thedush/ROS2_turtlesim_PID_demo/install/turtle_demo_controller/share/colcon-core/packages/turtle_demo_controller)
[24.684s] DEBUG:colcon.colcon_parallel_executor.executor.parallel:closing loop
[24.684s] DEBUG:colcon.colcon_parallel_executor.executor.parallel:loop closed
[24.684s] DEBUG:colcon.colcon_parallel_executor.executor.parallel:run_until_complete finished with '0'
[24.684s] DEBUG:colcon.colcon_core.event_reactor:joining thread
[25.016s] INFO:colcon.colcon_core.plugin_system:Skipping extension 'colcon_notification.desktop_notification.terminal_notifier': Not used on non-Darwin systems
[25.017s] INFO:colcon.colcon_core.plugin_system:Skipping extension 'colcon_notification.desktop_notification.win32': Not used on non-Windows systems
[25.017s] INFO:colcon.colcon_notification.desktop_notification:Sending desktop notification using 'notify2'
[25.988s] DEBUG:colcon.colcon_core.event_reactor:joined thread
[25.988s] INFO:colcon.colcon_core.shell:Creating prefix script '/home/thedush/ROS2_turtlesim_PID_demo/install/local_setup.ps1'
[25.995s] INFO:colcon.colcon_core.shell:Creating prefix util module '/home/thedush/ROS2_turtlesim_PID_demo/install/_local_setup_util_ps1.py'
[25.999s] INFO:colcon.colcon_core.shell:Creating prefix chain script '/home/thedush/ROS2_turtlesim_PID_demo/install/setup.ps1'
[26.001s] INFO:colcon.colcon_core.shell:Creating prefix script '/home/thedush/ROS2_turtlesim_PID_demo/install/local_setup.sh'
[26.002s] INFO:colcon.colcon_core.shell:Creating prefix util module '/home/thedush/ROS2_turtlesim_PID_demo/install/_local_setup_util_sh.py'
[26.003s] INFO:colcon.colcon_core.shell:Creating prefix chain script '/home/thedush/ROS2_turtlesim_PID_demo/install/setup.sh'
[26.004s] INFO:colcon.colcon_core.shell:Creating prefix script '/home/thedush/ROS2_turtlesim_PID_demo/install/local_setup.bash'
[26.009s] INFO:colcon.colcon_core.shell:Creating prefix chain script '/home/thedush/ROS2_turtlesim_PID_demo/install/setup.bash'
[26.011s] INFO:colcon.colcon_core.shell:Creating prefix script '/home/thedush/ROS2_turtlesim_PID_demo/install/local_setup.zsh'
[26.013s] INFO:colcon.colcon_core.shell:Creating prefix chain script '/home/thedush/ROS2_turtlesim_PID_demo/install/setup.zsh'
