[5.660s] DEBUG:colcon:Command line arguments: ['/usr/bin/colcon', 'build']
[5.660s] DEBUG:colcon:Parsed command line arguments: Namespace(log_base=None, log_level=None, verb_name='build', build_base='build', install_base='install', merge_install=False, symlink_install=False, test_result_base=None, continue_on_error=False, executor='parallel', parallel_workers=8, event_handlers=None, ignore_user_meta=False, metas=['./colcon.meta'], base_paths=['.'], packages_ignore=None, packages_ignore_regex=None, paths=None, packages_up_to=None, packages_up_to_regex=None, packages_above=None, packages_above_and_dependencies=None, packages_above_depth=None, packages_select_by_dep=None, packages_skip_by_dep=None, packages_skip_up_to=None, packages_select_build_failed=False, packages_skip_build_finished=False, packages_select_test_failures=False, packages_skip_test_passed=False, packages_select=None, packages_skip=None, packages_select_regex=None, packages_skip_regex=None, packages_start=None, packages_end=None, allow_overriding=[], cmake_args=None, cmake_target=None, cmake_target_skip_unavailable=False, cmake_clean_cache=False, cmake_clean_first=False, cmake_force_configure=False, ament_cmake_args=None, catkin_cmake_args=None, catkin_skip_building_tests=False, mixin_files=None, mixin=None, verb_parser=<colcon_mixin.mixin.mixin_argument.MixinArgumentDecorator object at 0x708af904f130>, verb_extension=<colcon_core.verb.build.BuildVerb object at 0x708af904ec80>, main=<bound method BuildVerb.main of <colcon_core.verb.build.BuildVerb object at 0x708af904ec80>>, mixin_verb=('build',))
[11.967s] Level 1:colcon.colcon_core.package_discovery:discover_packages(colcon_meta) check parameters
[11.968s] Level 1:colcon.colcon_core.package_discovery:discover_packages(recursive) check parameters
[11.968s] Level 1:colcon.colcon_core.package_discovery:discover_packages(ignore) check parameters
[11.968s] Level 1:colcon.colcon_core.package_discovery:discover_packages(path) check parameters
[11.968s] Level 1:colcon.colcon_core.package_discovery:discover_packages(colcon_meta) discover
[11.968s] Level 1:colcon.colcon_core.package_discovery:discover_packages(recursive) discover
[11.968s] INFO:colcon.colcon_core.package_discovery:Crawling recursively for packages in '/home/thedush/ROS2_turtlesim_PID_demo'
[11.968s] Level 1:colcon.colcon_core.package_identification:_identify(.) by extensions ['ignore', 'ignore_ament_install']
[11.968s] Level 1:colcon.colcon_core.package_identification:_identify(.) by extension 'ignore'
[11.969s] Level 1:colcon.colcon_core.package_identification:_identify(.) by extension 'ignore_ament_install'
[11.969s] Level 1:colcon.colcon_core.package_identification:_identify(.) by extensions ['colcon_pkg']
[11.969s] Level 1:colcon.colcon_core.package_identification:_identify(.) by extension 'colcon_pkg'
[11.969s] Level 1:colcon.colcon_core.package_identification:_identify(.) by extensions ['colcon_meta']
[11.969s] Level 1:colcon.colcon_core.package_identification:_identify(.) by extension 'colcon_meta'
[11.969s] Level 1:colcon.colcon_core.package_identification:_identify(.) by extensions ['ros']
[11.969s] Level 1:colcon.colcon_core.package_identification:_identify(.) by extension 'ros'
[12.048s] Level 1:colcon.colcon_core.package_identification:_identify(.) by extensions ['cmake', 'python']
[12.048s] Level 1:colcon.colcon_core.package_identification:_identify(.) by extension 'cmake'
[12.048s] Level 1:colcon.colcon_core.package_identification:_identify(.) by extension 'python'
[12.048s] Level 1:colcon.colcon_core.package_identification:_identify(.) by extensions ['python_setup_py']
[12.048s] Level 1:colcon.colcon_core.package_identification:_identify(.) by extension 'python_setup_py'
[12.048s] Level 1:colcon.colcon_core.package_identification:_identify(build) by extensions ['ignore', 'ignore_ament_install']
[12.048s] Level 1:colcon.colcon_core.package_identification:_identify(build) by extension 'ignore'
[12.048s] Level 1:colcon.colcon_core.package_identification:_identify(build) ignored
[12.048s] Level 1:colcon.colcon_core.package_identification:_identify(install) by extensions ['ignore', 'ignore_ament_install']
[12.049s] Level 1:colcon.colcon_core.package_identification:_identify(install) by extension 'ignore'
[12.049s] Level 1:colcon.colcon_core.package_identification:_identify(install) ignored
[12.049s] Level 1:colcon.colcon_core.package_identification:_identify(log) by extensions ['ignore', 'ignore_ament_install']
[12.049s] Level 1:colcon.colcon_core.package_identification:_identify(log) by extension 'ignore'
[12.049s] Level 1:colcon.colcon_core.package_identification:_identify(log) ignored
[12.049s] Level 1:colcon.colcon_core.package_identification:_identify(src) by extensions ['ignore', 'ignore_ament_install']
[12.049s] Level 1:colcon.colcon_core.package_identification:_identify(src) by extension 'ignore'
[12.049s] Level 1:colcon.colcon_core.package_identification:_identify(src) by extension 'ignore_ament_install'
[12.049s] Level 1:colcon.colcon_core.package_identification:_identify(src) by extensions ['colcon_pkg']
[12.049s] Level 1:colcon.colcon_core.package_identification:_identify(src) by extension 'colcon_pkg'
[12.049s] Level 1:colcon.colcon_core.package_identification:_identify(src) by extensions ['colcon_meta']
[12.049s] Level 1:colcon.colcon_core.package_identification:_identify(src) by extension 'colcon_meta'
[12.049s] Level 1:colcon.colcon_core.package_identification:_identify(src) by extensions ['ros']
[12.049s] Level 1:colcon.colcon_core.package_identification:_identify(src) by extension 'ros'
[12.050s] Level 1:colcon.colcon_core.package_identification:_identify(src) by extensions ['cmake', 'python']
[12.050s] Level 1:colcon.colcon_core.package_identification:_identify(src) by extension 'cmake'
[12.050s] Level 1:colcon.colcon_core.package_identification:_identify(src) by extension 'python'
[12.050s] Level 1:colcon.colcon_core.package_identification:_identify(src) by extensions ['python_setup_py']
[12.050s] Level 1:colcon.colcon_core.package_identification:_identify(src) by extension 'python_setup_py'
[12.050s] Level 1:colcon.colcon_core.package_identification:_identify(src/cpp_node) by extensions ['ignore', 'ignore_ament_install']
[12.050s] Level 1:colcon.colcon_core.package_identification:_identify(src/cpp_node) by extension 'ignore'
[12.050s] Level 1:colcon.colcon_core.package_identification:_identify(src/cpp_node) by extension 'ignore_ament_install'
[12.050s] Level 1:colcon.colcon_core.package_identification:_identify(src/cpp_node) by extensions ['colcon_pkg']
[12.050s] Level 1:colcon.colcon_core.package_identification:_identify(src/cpp_node) by extension 'colcon_pkg'
[12.050s] Level 1:colcon.colcon_core.package_identification:_identify(src/cpp_node) by extensions ['colcon_meta']
[12.050s] Level 1:colcon.colcon_core.package_identification:_identify(src/cpp_node) by extension 'colcon_meta'
[12.051s] Level 1:colcon.colcon_core.package_identification:_identify(src/cpp_node) by extensions ['ros']
[12.051s] Level 1:colcon.colcon_core.package_identification:_identify(src/cpp_node) by extension 'ros'
[12.095s] DEBUG:colcon.colcon_core.package_identification:Package 'src/cpp_node' with type 'ros.ament_cmake' and name 'cpp_node'
[12.096s] Level 1:colcon.colcon_core.package_identification:_identify(src/turtle_demo_controller) by extensions ['ignore', 'ignore_ament_install']
[12.096s] Level 1:colcon.colcon_core.package_identification:_identify(src/turtle_demo_controller) by extension 'ignore'
[12.096s] Level 1:colcon.colcon_core.package_identification:_identify(src/turtle_demo_controller) by extension 'ignore_ament_install'
[12.096s] Level 1:colcon.colcon_core.package_identification:_identify(src/turtle_demo_controller) by extensions ['colcon_pkg']
[12.096s] Level 1:colcon.colcon_core.package_identification:_identify(src/turtle_demo_controller) by extension 'colcon_pkg'
[12.096s] Level 1:colcon.colcon_core.package_identification:_identify(src/turtle_demo_controller) by extensions ['colcon_meta']
[12.096s] Level 1:colcon.colcon_core.package_identification:_identify(src/turtle_demo_controller) by extension 'colcon_meta'
[12.096s] Level 1:colcon.colcon_core.package_identification:_identify(src/turtle_demo_controller) by extensions ['ros']
[12.097s] Level 1:colcon.colcon_core.package_identification:_identify(src/turtle_demo_controller) by extension 'ros'
[12.123s] DEBUG:colcon.colcon_core.package_identification:Package 'src/turtle_demo_controller' with type 'ros.ament_python' and name 'turtle_demo_controller'
[12.123s] Level 1:colcon.colcon_core.package_discovery:discover_packages(recursive) using defaults
[12.123s] Level 1:colcon.colcon_core.package_discovery:discover_packages(ignore) discover
[12.123s] Level 1:colcon.colcon_core.package_discovery:discover_packages(ignore) using defaults
[12.123s] Level 1:colcon.colcon_core.package_discovery:discover_packages(path) discover
[12.123s] Level 1:colcon.colcon_core.package_discovery:discover_packages(path) using defaults
[12.536s] Level 1:colcon.colcon_core.package_discovery:discover_packages(prefix_path) check parameters
[12.536s] Level 1:colcon.colcon_core.package_discovery:discover_packages(prefix_path) discover
[12.550s] DEBUG:colcon.colcon_installed_package_information.package_discovery:Found 380 installed packages in /opt/ros/humble
[12.554s] Level 1:colcon.colcon_core.package_discovery:discover_packages(prefix_path) using defaults
[12.627s] Level 5:colcon.colcon_core.verb:set package 'cpp_node' build argument 'cmake_args' from command line to 'None'
[12.627s] Level 5:colcon.colcon_core.verb:set package 'cpp_node' build argument 'cmake_target' from command line to 'None'
[12.627s] Level 5:colcon.colcon_core.verb:set package 'cpp_node' build argument 'cmake_target_skip_unavailable' from command line to 'False'
[12.627s] Level 5:colcon.colcon_core.verb:set package 'cpp_node' build argument 'cmake_clean_cache' from command line to 'False'
[12.627s] Level 5:colcon.colcon_core.verb:set package 'cpp_node' build argument 'cmake_clean_first' from command line to 'False'
[12.627s] Level 5:colcon.colcon_core.verb:set package 'cpp_node' build argument 'cmake_force_configure' from command line to 'False'
[12.627s] Level 5:colcon.colcon_core.verb:set package 'cpp_node' build argument 'ament_cmake_args' from command line to 'None'
[12.627s] Level 5:colcon.colcon_core.verb:set package 'cpp_node' build argument 'catkin_cmake_args' from command line to 'None'
[12.627s] Level 5:colcon.colcon_core.verb:set package 'cpp_node' build argument 'catkin_skip_building_tests' from command line to 'False'
[12.627s] DEBUG:colcon.colcon_core.verb:Building package 'cpp_node' with the following arguments: {'ament_cmake_args': None, 'build_base': '/home/thedush/ROS2_turtlesim_PID_demo/build/cpp_node', 'catkin_cmake_args': None, 'catkin_skip_building_tests': False, 'cmake_args': None, 'cmake_clean_cache': False, 'cmake_clean_first': False, 'cmake_force_configure': False, 'cmake_target': None, 'cmake_target_skip_unavailable': False, 'install_base': '/home/thedush/ROS2_turtlesim_PID_demo/install/cpp_node', 'merge_install': False, 'path': '/home/thedush/ROS2_turtlesim_PID_demo/src/cpp_node', 'symlink_install': False, 'test_result_base': None}
[12.627s] Level 5:colcon.colcon_core.verb:set package 'turtle_demo_controller' build argument 'cmake_args' from command line to 'None'
[12.627s] Level 5:colcon.colcon_core.verb:set package 'turtle_demo_controller' build argument 'cmake_target' from command line to 'None'
[12.627s] Level 5:colcon.colcon_core.verb:set package 'turtle_demo_controller' build argument 'cmake_target_skip_unavailable' from command line to 'False'
[12.627s] Level 5:colcon.colcon_core.verb:set package 'turtle_demo_controller' build argument 'cmake_clean_cache' from command line to 'False'
[12.627s] Level 5:colcon.colcon_core.verb:set package 'turtle_demo_controller' build argument 'cmake_clean_first' from command line to 'False'
[12.627s] Level 5:colcon.colcon_core.verb:set package 'turtle_demo_controller' build argument 'cmake_force_configure' from command line to 'False'
[12.627s] Level 5:colcon.colcon_core.verb:set package 'turtle_demo_controller' build argument 'ament_cmake_args' from command line to 'None'
[12.627s] Level 5:colcon.colcon_core.verb:set package 'turtle_demo_controller' build argument 'catkin_cmake_args' from command line to 'None'
[12.627s] Level 5:colcon.colcon_core.verb:set package 'turtle_demo_controller' build argument 'catkin_skip_building_tests' from command line to 'False'
[12.627s] DEBUG:colcon.colcon_core.verb:Building package 'turtle_demo_controller' with the following arguments: {'ament_cmake_args': None, 'build_base': '/home/thedush/ROS2_turtlesim_PID_demo/build/turtle_demo_controller', 'catkin_cmake_args': None, 'catkin_skip_building_tests': False, 'cmake_args': None, 'cmake_clean_cache': False, 'cmake_clean_first': False, 'cmake_force_configure': False, 'cmake_target': None, 'cmake_target_skip_unavailable': False, 'install_base': '/home/thedush/ROS2_turtlesim_PID_demo/install/turtle_demo_controller', 'merge_install': False, 'path': '/home/thedush/ROS2_turtlesim_PID_demo/src/turtle_demo_controller', 'symlink_install': False, 'test_result_base': None}
[12.627s] INFO:colcon.colcon_core.executor:Executing jobs using 'parallel' executor
[12.628s] DEBUG:colcon.colcon_parallel_executor.executor.parallel:run_until_complete
[12.628s] INFO:colcon.colcon_ros.task.ament_cmake.build:Building ROS package in '/home/thedush/ROS2_turtlesim_PID_demo/src/cpp_node' with build type 'ament_cmake'
[12.628s] INFO:colcon.colcon_cmake.task.cmake.build:Building CMake package in '/home/thedush/ROS2_turtlesim_PID_demo/src/cpp_node'
[12.644s] INFO:colcon.colcon_core.plugin_system:Skipping extension 'colcon_core.shell.bat': Not used on non-Windows systems
[12.644s] INFO:colcon.colcon_core.shell:Skip shell extension 'powershell' for command environment: Not usable outside of PowerShell
[12.644s] DEBUG:colcon.colcon_core.shell:Skip shell extension 'dsv' for command environment
[12.790s] DEBUG:colcon.colcon_core.event_handler.log_command:Invoking command in '/home/thedush/ROS2_turtlesim_PID_demo/build/cpp_node': CMAKE_PREFIX_PATH=/opt/ros/humble /usr/bin/cmake --build /home/thedush/ROS2_turtlesim_PID_demo/build/cpp_node -- -j8 -l8
[16.483s] DEBUG:colcon.colcon_core.event_handler.log_command:Invoked command in '/home/thedush/ROS2_turtlesim_PID_demo/build/cpp_node' returned '0': CMAKE_PREFIX_PATH=/opt/ros/humble /usr/bin/cmake --build /home/thedush/ROS2_turtlesim_PID_demo/build/cpp_node -- -j8 -l8
[16.530s] DEBUG:colcon.colcon_core.event_handler.log_command:Invoking command in '/home/thedush/ROS2_turtlesim_PID_demo/build/cpp_node': CMAKE_PREFIX_PATH=/opt/ros/humble /usr/bin/cmake --install /home/thedush/ROS2_turtlesim_PID_demo/build/cpp_node
[17.179s] Level 1:colcon.colcon_core.environment:create_environment_scripts_only(cpp_node)
[17.180s] DEBUG:colcon.colcon_core.event_handler.log_command:Invoked command in '/home/thedush/ROS2_turtlesim_PID_demo/build/cpp_node' returned '0': CMAKE_PREFIX_PATH=/opt/ros/humble /usr/bin/cmake --install /home/thedush/ROS2_turtlesim_PID_demo/build/cpp_node
[17.284s] Level 1:colcon.colcon_core.environment:checking '/home/thedush/ROS2_turtlesim_PID_demo/install/cpp_node' for CMake module files
[17.285s] Level 1:colcon.colcon_core.environment:checking '/home/thedush/ROS2_turtlesim_PID_demo/install/cpp_node' for CMake config files
[17.286s] Level 1:colcon.colcon_core.shell:create_environment_hook('cpp_node', 'cmake_prefix_path')
[17.286s] INFO:colcon.colcon_core.shell:Creating environment hook '/home/thedush/ROS2_turtlesim_PID_demo/install/cpp_node/share/cpp_node/hook/cmake_prefix_path.ps1'
[17.327s] INFO:colcon.colcon_core.shell:Creating environment descriptor '/home/thedush/ROS2_turtlesim_PID_demo/install/cpp_node/share/cpp_node/hook/cmake_prefix_path.dsv'
[17.362s] INFO:colcon.colcon_core.shell:Creating environment hook '/home/thedush/ROS2_turtlesim_PID_demo/install/cpp_node/share/cpp_node/hook/cmake_prefix_path.sh'
[17.365s] Level 1:colcon.colcon_core.environment:checking '/home/thedush/ROS2_turtlesim_PID_demo/install/cpp_node/lib'
[17.365s] Level 1:colcon.colcon_core.shell:create_environment_hook('cpp_node', 'ld_library_path_lib')
[17.366s] INFO:colcon.colcon_core.shell:Creating environment hook '/home/thedush/ROS2_turtlesim_PID_demo/install/cpp_node/share/cpp_node/hook/ld_library_path_lib.ps1'
[17.366s] INFO:colcon.colcon_core.shell:Creating environment descriptor '/home/thedush/ROS2_turtlesim_PID_demo/install/cpp_node/share/cpp_node/hook/ld_library_path_lib.dsv'
[17.367s] INFO:colcon.colcon_core.shell:Creating environment hook '/home/thedush/ROS2_turtlesim_PID_demo/install/cpp_node/share/cpp_node/hook/ld_library_path_lib.sh'
[17.368s] Level 1:colcon.colcon_core.environment:checking '/home/thedush/ROS2_turtlesim_PID_demo/install/cpp_node/bin'
[17.368s] Level 1:colcon.colcon_core.environment:checking '/home/thedush/ROS2_turtlesim_PID_demo/install/cpp_node/lib/pkgconfig/cpp_node.pc'
[17.368s] Level 1:colcon.colcon_core.environment:checking '/home/thedush/ROS2_turtlesim_PID_demo/install/cpp_node/lib/python3.10/site-packages'
[17.369s] Level 1:colcon.colcon_core.environment:checking '/home/thedush/ROS2_turtlesim_PID_demo/install/cpp_node/bin'
[17.369s] INFO:colcon.colcon_core.shell:Creating package script '/home/thedush/ROS2_turtlesim_PID_demo/install/cpp_node/share/cpp_node/package.ps1'
[17.371s] INFO:colcon.colcon_core.shell:Creating package descriptor '/home/thedush/ROS2_turtlesim_PID_demo/install/cpp_node/share/cpp_node/package.dsv'
[17.373s] INFO:colcon.colcon_core.shell:Creating package script '/home/thedush/ROS2_turtlesim_PID_demo/install/cpp_node/share/cpp_node/package.sh'
[17.374s] INFO:colcon.colcon_core.shell:Creating package script '/home/thedush/ROS2_turtlesim_PID_demo/install/cpp_node/share/cpp_node/package.bash'
[17.407s] INFO:colcon.colcon_core.shell:Creating package script '/home/thedush/ROS2_turtlesim_PID_demo/install/cpp_node/share/cpp_node/package.zsh'
[17.425s] Level 1:colcon.colcon_core.environment:create_file_with_runtime_dependencies(/home/thedush/ROS2_turtlesim_PID_demo/install/cpp_node/share/colcon-core/packages/cpp_node)
[17.552s] Level 1:colcon.colcon_core.environment:create_environment_scripts_only(cpp_node)
[17.553s] Level 1:colcon.colcon_core.environment:checking '/home/thedush/ROS2_turtlesim_PID_demo/install/cpp_node' for CMake module files
[17.553s] Level 1:colcon.colcon_core.environment:checking '/home/thedush/ROS2_turtlesim_PID_demo/install/cpp_node' for CMake config files
[17.554s] Level 1:colcon.colcon_core.shell:create_environment_hook('cpp_node', 'cmake_prefix_path')
[17.554s] INFO:colcon.colcon_core.shell:Creating environment hook '/home/thedush/ROS2_turtlesim_PID_demo/install/cpp_node/share/cpp_node/hook/cmake_prefix_path.ps1'
[17.555s] INFO:colcon.colcon_core.shell:Creating environment descriptor '/home/thedush/ROS2_turtlesim_PID_demo/install/cpp_node/share/cpp_node/hook/cmake_prefix_path.dsv'
[17.555s] INFO:colcon.colcon_core.shell:Creating environment hook '/home/thedush/ROS2_turtlesim_PID_demo/install/cpp_node/share/cpp_node/hook/cmake_prefix_path.sh'
[17.556s] Level 1:colcon.colcon_core.environment:checking '/home/thedush/ROS2_turtlesim_PID_demo/install/cpp_node/lib'
[17.556s] Level 1:colcon.colcon_core.shell:create_environment_hook('cpp_node', 'ld_library_path_lib')
[17.556s] INFO:colcon.colcon_core.shell:Creating environment hook '/home/thedush/ROS2_turtlesim_PID_demo/install/cpp_node/share/cpp_node/hook/ld_library_path_lib.ps1'
[17.556s] INFO:colcon.colcon_core.shell:Creating environment descriptor '/home/thedush/ROS2_turtlesim_PID_demo/install/cpp_node/share/cpp_node/hook/ld_library_path_lib.dsv'
[17.557s] INFO:colcon.colcon_core.shell:Creating environment hook '/home/thedush/ROS2_turtlesim_PID_demo/install/cpp_node/share/cpp_node/hook/ld_library_path_lib.sh'
[17.557s] Level 1:colcon.colcon_core.environment:checking '/home/thedush/ROS2_turtlesim_PID_demo/install/cpp_node/bin'
[17.557s] Level 1:colcon.colcon_core.environment:checking '/home/thedush/ROS2_turtlesim_PID_demo/install/cpp_node/lib/pkgconfig/cpp_node.pc'
[17.557s] Level 1:colcon.colcon_core.environment:checking '/home/thedush/ROS2_turtlesim_PID_demo/install/cpp_node/lib/python3.10/site-packages'
[17.558s] Level 1:colcon.colcon_core.environment:checking '/home/thedush/ROS2_turtlesim_PID_demo/install/cpp_node/bin'
[17.558s] INFO:colcon.colcon_core.shell:Creating package script '/home/thedush/ROS2_turtlesim_PID_demo/install/cpp_node/share/cpp_node/package.ps1'
[17.558s] INFO:colcon.colcon_core.shell:Creating package descriptor '/home/thedush/ROS2_turtlesim_PID_demo/install/cpp_node/share/cpp_node/package.dsv'
[17.559s] INFO:colcon.colcon_core.shell:Creating package script '/home/thedush/ROS2_turtlesim_PID_demo/install/cpp_node/share/cpp_node/package.sh'
[17.559s] INFO:colcon.colcon_core.shell:Creating package script '/home/thedush/ROS2_turtlesim_PID_demo/install/cpp_node/share/cpp_node/package.bash'
[17.560s] INFO:colcon.colcon_core.shell:Creating package script '/home/thedush/ROS2_turtlesim_PID_demo/install/cpp_node/share/cpp_node/package.zsh'
[17.560s] Level 1:colcon.colcon_core.environment:create_file_with_runtime_dependencies(/home/thedush/ROS2_turtlesim_PID_demo/install/cpp_node/share/colcon-core/packages/cpp_node)
[17.560s] INFO:colcon.colcon_ros.task.ament_python.build:Building ROS package in '/home/thedush/ROS2_turtlesim_PID_demo/src/turtle_demo_controller' with build type 'ament_python'
[17.560s] Level 1:colcon.colcon_core.shell:create_environment_hook('turtle_demo_controller', 'ament_prefix_path')
[17.560s] INFO:colcon.colcon_core.shell:Creating environment hook '/home/thedush/ROS2_turtlesim_PID_demo/install/turtle_demo_controller/share/turtle_demo_controller/hook/ament_prefix_path.ps1'
[17.645s] INFO:colcon.colcon_core.shell:Creating environment descriptor '/home/thedush/ROS2_turtlesim_PID_demo/install/turtle_demo_controller/share/turtle_demo_controller/hook/ament_prefix_path.dsv'
[17.645s] INFO:colcon.colcon_core.shell:Creating environment hook '/home/thedush/ROS2_turtlesim_PID_demo/install/turtle_demo_controller/share/turtle_demo_controller/hook/ament_prefix_path.sh'
[17.646s] INFO:colcon.colcon_core.shell:Skip shell extension 'powershell' for command environment: Not usable outside of PowerShell
[17.646s] DEBUG:colcon.colcon_core.shell:Skip shell extension 'dsv' for command environment
[17.939s] INFO:colcon.colcon_core.task.python.build:Building Python package in '/home/thedush/ROS2_turtlesim_PID_demo/src/turtle_demo_controller'
[17.939s] INFO:colcon.colcon_core.shell:Skip shell extension 'powershell' for command environment: Not usable outside of PowerShell
[17.939s] DEBUG:colcon.colcon_core.shell:Skip shell extension 'dsv' for command environment
[19.568s] DEBUG:colcon.colcon_core.event_handler.log_command:Invoking command in '/home/thedush/ROS2_turtlesim_PID_demo/src/turtle_demo_controller': AMENT_PREFIX_PATH=/home/thedush/ROS2_turtlesim_PID_demo/install/cpp_node:${AMENT_PREFIX_PATH} CMAKE_PREFIX_PATH=/home/thedush/ROS2_turtlesim_PID_demo/install/cpp_node LD_LIBRARY_PATH=/home/thedush/ROS2_turtlesim_PID_demo/install/cpp_node/lib:${LD_LIBRARY_PATH} PYTHONPATH=/home/thedush/ROS2_turtlesim_PID_demo/build/turtle_demo_controller/prefix_override:/home/thedush/ROS2_turtlesim_PID_demo/install/turtle_demo_controller/lib/python3.10/site-packages:/home/thedush/ROS2_turtlesim_PID_demo/install/cpp_node/local/lib/python3.10/dist-packages:${PYTHONPATH} /usr/bin/python3 -W ignore:setup.py install is deprecated setup.py egg_info --egg-base ../../build/turtle_demo_controller build --build-base /home/thedush/ROS2_turtlesim_PID_demo/build/turtle_demo_controller/build install --record /home/thedush/ROS2_turtlesim_PID_demo/build/turtle_demo_controller/install.log --single-version-externally-managed install_data
[20.223s] Level 1:colcon.colcon_core.environment:checking '/home/thedush/ROS2_turtlesim_PID_demo/install/turtle_demo_controller' for CMake module files
[20.223s] DEBUG:colcon.colcon_core.event_handler.log_command:Invoked command in '/home/thedush/ROS2_turtlesim_PID_demo/src/turtle_demo_controller' returned '0': AMENT_PREFIX_PATH=/home/thedush/ROS2_turtlesim_PID_demo/install/cpp_node:${AMENT_PREFIX_PATH} CMAKE_PREFIX_PATH=/home/thedush/ROS2_turtlesim_PID_demo/install/cpp_node LD_LIBRARY_PATH=/home/thedush/ROS2_turtlesim_PID_demo/install/cpp_node/lib:${LD_LIBRARY_PATH} PYTHONPATH=/home/thedush/ROS2_turtlesim_PID_demo/build/turtle_demo_controller/prefix_override:/home/thedush/ROS2_turtlesim_PID_demo/install/turtle_demo_controller/lib/python3.10/site-packages:/home/thedush/ROS2_turtlesim_PID_demo/install/cpp_node/local/lib/python3.10/dist-packages:${PYTHONPATH} /usr/bin/python3 -W ignore:setup.py install is deprecated setup.py egg_info --egg-base ../../build/turtle_demo_controller build --build-base /home/thedush/ROS2_turtlesim_PID_demo/build/turtle_demo_controller/build install --record /home/thedush/ROS2_turtlesim_PID_demo/build/turtle_demo_controller/install.log --single-version-externally-managed install_data
[20.224s] Level 1:colcon.colcon_core.environment:checking '/home/thedush/ROS2_turtlesim_PID_demo/install/turtle_demo_controller' for CMake config files
[20.224s] Level 1:colcon.colcon_core.environment:checking '/home/thedush/ROS2_turtlesim_PID_demo/install/turtle_demo_controller/lib'
[20.224s] Level 1:colcon.colcon_core.environment:checking '/home/thedush/ROS2_turtlesim_PID_demo/install/turtle_demo_controller/bin'
[20.224s] Level 1:colcon.colcon_core.environment:checking '/home/thedush/ROS2_turtlesim_PID_demo/install/turtle_demo_controller/lib/pkgconfig/turtle_demo_controller.pc'
[20.224s] Level 1:colcon.colcon_core.environment:checking '/home/thedush/ROS2_turtlesim_PID_demo/install/turtle_demo_controller/lib/python3.10/site-packages'
[20.224s] Level 1:colcon.colcon_core.shell:create_environment_hook('turtle_demo_controller', 'pythonpath')
[20.225s] INFO:colcon.colcon_core.shell:Creating environment hook '/home/thedush/ROS2_turtlesim_PID_demo/install/turtle_demo_controller/share/turtle_demo_controller/hook/pythonpath.ps1'
[20.225s] INFO:colcon.colcon_core.shell:Creating environment descriptor '/home/thedush/ROS2_turtlesim_PID_demo/install/turtle_demo_controller/share/turtle_demo_controller/hook/pythonpath.dsv'
[20.225s] INFO:colcon.colcon_core.shell:Creating environment hook '/home/thedush/ROS2_turtlesim_PID_demo/install/turtle_demo_controller/share/turtle_demo_controller/hook/pythonpath.sh'
[20.225s] Level 1:colcon.colcon_core.environment:checking '/home/thedush/ROS2_turtlesim_PID_demo/install/turtle_demo_controller/bin'
[20.225s] Level 1:colcon.colcon_core.environment:create_environment_scripts_only(turtle_demo_controller)
[20.226s] INFO:colcon.colcon_core.shell:Creating package script '/home/thedush/ROS2_turtlesim_PID_demo/install/turtle_demo_controller/share/turtle_demo_controller/package.ps1'
[20.226s] INFO:colcon.colcon_core.shell:Creating package descriptor '/home/thedush/ROS2_turtlesim_PID_demo/install/turtle_demo_controller/share/turtle_demo_controller/package.dsv'
[20.226s] INFO:colcon.colcon_core.shell:Creating package script '/home/thedush/ROS2_turtlesim_PID_demo/install/turtle_demo_controller/share/turtle_demo_controller/package.sh'
[20.226s] INFO:colcon.colcon_core.shell:Creating package script '/home/thedush/ROS2_turtlesim_PID_demo/install/turtle_demo_controller/share/turtle_demo_controller/package.bash'
[20.227s] INFO:colcon.colcon_core.shell:Creating package script '/home/thedush/ROS2_turtlesim_PID_demo/install/turtle_demo_controller/share/turtle_demo_controller/package.zsh'
[20.227s] Level 1:colcon.colcon_core.environment:create_file_with_runtime_dependencies(/home/thedush/ROS2_turtlesim_PID_demo/install/turtle_demo_controller/share/colcon-core/packages/turtle_demo_controller)
[20.227s] DEBUG:colcon.colcon_parallel_executor.executor.parallel:closing loop
[20.227s] DEBUG:colcon.colcon_parallel_executor.executor.parallel:loop closed
[20.227s] DEBUG:colcon.colcon_parallel_executor.executor.parallel:run_until_complete finished with '0'
[20.227s] DEBUG:colcon.colcon_core.event_reactor:joining thread
[20.291s] INFO:colcon.colcon_core.plugin_system:Skipping extension 'colcon_notification.desktop_notification.terminal_notifier': Not used on non-Darwin systems
[20.291s] INFO:colcon.colcon_core.plugin_system:Skipping extension 'colcon_notification.desktop_notification.win32': Not used on non-Windows systems
[20.291s] INFO:colcon.colcon_notification.desktop_notification:Sending desktop notification using 'notify2'
[20.317s] DEBUG:colcon.colcon_core.event_reactor:joined thread
[20.318s] INFO:colcon.colcon_core.shell:Creating prefix script '/home/thedush/ROS2_turtlesim_PID_demo/install/local_setup.ps1'
[20.365s] INFO:colcon.colcon_core.shell:Creating prefix util module '/home/thedush/ROS2_turtlesim_PID_demo/install/_local_setup_util_ps1.py'
[20.387s] INFO:colcon.colcon_core.shell:Creating prefix chain script '/home/thedush/ROS2_turtlesim_PID_demo/install/setup.ps1'
[20.389s] INFO:colcon.colcon_core.shell:Creating prefix script '/home/thedush/ROS2_turtlesim_PID_demo/install/local_setup.sh'
[20.390s] INFO:colcon.colcon_core.shell:Creating prefix util module '/home/thedush/ROS2_turtlesim_PID_demo/install/_local_setup_util_sh.py'
[20.390s] INFO:colcon.colcon_core.shell:Creating prefix chain script '/home/thedush/ROS2_turtlesim_PID_demo/install/setup.sh'
[20.392s] INFO:colcon.colcon_core.shell:Creating prefix script '/home/thedush/ROS2_turtlesim_PID_demo/install/local_setup.bash'
[20.406s] INFO:colcon.colcon_core.shell:Creating prefix chain script '/home/thedush/ROS2_turtlesim_PID_demo/install/setup.bash'
[20.408s] INFO:colcon.colcon_core.shell:Creating prefix script '/home/thedush/ROS2_turtlesim_PID_demo/install/local_setup.zsh'
[20.425s] INFO:colcon.colcon_core.shell:Creating prefix chain script '/home/thedush/ROS2_turtlesim_PID_demo/install/setup.zsh'
