[2.431s] Invoking command in '/home/thedush/ROS2_turtlesim_PID_demo/src/turtle_demo_controller': PYTHONPATH=/home/thedush/ROS2_turtlesim_PID_demo/build/turtle_demo_controller/prefix_override:/home/thedush/ROS2_turtlesim_PID_demo/install/turtle_demo_controller/lib/python3.10/site-packages:${PYTHONPATH} /usr/bin/python3 -W ignore:setup.py install is deprecated setup.py egg_info --egg-base ../../build/turtle_demo_controller build --build-base /home/thedush/ROS2_turtlesim_PID_demo/build/turtle_demo_controller/build install --record /home/thedush/ROS2_turtlesim_PID_demo/build/turtle_demo_controller/install.log --single-version-externally-managed install_data
[2.631s] running egg_info
[2.631s] writing ../../build/turtle_demo_controller/turtle_demo_controller.egg-info/PKG-INFO
[2.672s] writing dependency_links to ../../build/turtle_demo_controller/turtle_demo_controller.egg-info/dependency_links.txt
[2.672s] writing entry points to ../../build/turtle_demo_controller/turtle_demo_controller.egg-info/entry_points.txt
[2.672s] writing requirements to ../../build/turtle_demo_controller/turtle_demo_controller.egg-info/requires.txt
[2.672s] writing top-level names to ../../build/turtle_demo_controller/turtle_demo_controller.egg-info/top_level.txt
[2.674s] reading manifest file '../../build/turtle_demo_controller/turtle_demo_controller.egg-info/SOURCES.txt'
[2.695s] writing manifest file '../../build/turtle_demo_controller/turtle_demo_controller.egg-info/SOURCES.txt'
[2.695s] running build
[2.695s] running build_py
[2.696s] copying turtle_demo_controller/turtle_controller.py -> /home/thedush/ROS2_turtlesim_PID_demo/build/turtle_demo_controller/build/lib/turtle_demo_controller
[2.709s] running install
[2.709s] running install_lib
[2.710s] copying /home/thedush/ROS2_turtlesim_PID_demo/build/turtle_demo_controller/build/lib/turtle_demo_controller/turtle_controller.py -> /home/thedush/ROS2_turtlesim_PID_demo/install/turtle_demo_controller/lib/python3.10/site-packages/turtle_demo_controller
[2.710s] byte-compiling /home/thedush/ROS2_turtlesim_PID_demo/install/turtle_demo_controller/lib/python3.10/site-packages/turtle_demo_controller/turtle_controller.py to turtle_controller.cpython-310.pyc
[2.711s] running install_data
[2.711s] running install_egg_info
[2.713s] removing '/home/thedush/ROS2_turtlesim_PID_demo/install/turtle_demo_controller/lib/python3.10/site-packages/turtle_demo_controller-0.0.0-py3.10.egg-info' (and everything under it)
[2.736s] Copying ../../build/turtle_demo_controller/turtle_demo_controller.egg-info to /home/thedush/ROS2_turtlesim_PID_demo/install/turtle_demo_controller/lib/python3.10/site-packages/turtle_demo_controller-0.0.0-py3.10.egg-info
[2.753s] running install_scripts
[2.778s] Installing turt_controller script to /home/thedush/ROS2_turtlesim_PID_demo/install/turtle_demo_controller/lib/turtle_demo_controller
[2.778s] writing list of installed files to '/home/thedush/ROS2_turtlesim_PID_demo/build/turtle_demo_controller/install.log'
[2.798s] Invoked command in '/home/thedush/ROS2_turtlesim_PID_demo/src/turtle_demo_controller' returned '0': PYTHONPATH=/home/thedush/ROS2_turtlesim_PID_demo/build/turtle_demo_controller/prefix_override:/home/thedush/ROS2_turtlesim_PID_demo/install/turtle_demo_controller/lib/python3.10/site-packages:${PYTHONPATH} /usr/bin/python3 -W ignore:setup.py install is deprecated setup.py egg_info --egg-base ../../build/turtle_demo_controller build --build-base /home/thedush/ROS2_turtlesim_PID_demo/build/turtle_demo_controller/build install --record /home/thedush/ROS2_turtlesim_PID_demo/build/turtle_demo_controller/install.log --single-version-externally-managed install_data
