[0.008s] Invoking command in '/home/thedush/ROS2_turtlesim_PID_demo/build/cpp_node': CMAKE_PREFIX_PATH=/home/thedush/ROS2_turtlesim_PID_demo/install/turtle_demo_controller:/opt/ros/humble /usr/bin/cmake /home/thedush/ROS2_turtlesim_PID_demo/src/cpp_node -DCMAKE_INSTALL_PREFIX=/home/thedush/ROS2_turtlesim_PID_demo/install/cpp_node
[0.016s] -- Found ament_cmake: 1.3.9 (/opt/ros/humble/share/ament_cmake/cmake)
[0.108s] -- Found rclcpp: 16.0.9 (/opt/ros/humble/share/rclcpp/cmake)
[0.129s] -- Found rosidl_generator_c: 3.1.5 (/opt/ros/humble/share/rosidl_generator_c/cmake)
[0.131s] -- Found rosidl_adapter: 3.1.5 (/opt/ros/humble/share/rosidl_adapter/cmake)
[0.135s] -- Found rosidl_generator_cpp: 3.1.5 (/opt/ros/humble/share/rosidl_generator_cpp/cmake)
[0.143s] -- Using all available rosidl_typesupport_c: rosidl_typesupport_fastrtps_c;rosidl_typesupport_introspection_c
[0.154s] -- Using all available rosidl_typesupport_cpp: rosidl_typesupport_fastrtps_cpp;rosidl_typesupport_introspection_cpp
[0.193s] -- Found rmw_implementation_cmake: 6.1.2 (/opt/ros/humble/share/rmw_implementation_cmake/cmake)
[0.194s] -- Found rmw_fastrtps_cpp: 6.2.6 (/opt/ros/humble/share/rmw_fastrtps_cpp/cmake)
[0.282s] -- Using RMW implementation 'rmw_fastrtps_cpp' as default
[0.391s] -- Found geometry_msgs: 4.2.3 (/opt/ros/humble/share/geometry_msgs/cmake)
[0.420s] -- Found sensor_msgs: 4.2.4 (/opt/ros/humble/share/sensor_msgs/cmake)
[0.479s] -- Found rosidl_default_generators: 1.2.0 (/opt/ros/humble/share/rosidl_default_generators/cmake)
[1.056s] [31mCMake Error at /opt/ros/humble/share/rosidl_adapter/cmake/rosidl_adapt_interfaces.cmake:59 (message):
[1.056s]   execute_process(/usr/bin/python3 -m rosidl_adapter --package-name cpp_node
[1.056s]   --arguments-file
[1.056s]   /home/thedush/ROS2_turtlesim_PID_demo/build/cpp_node/rosidl_adapter__arguments__cpp_node.json
[1.056s]   --output-dir
[1.056s]   /home/thedush/ROS2_turtlesim_PID_demo/build/cpp_node/rosidl_adapter/cpp_node
[1.056s]   --output-file
[1.056s]   /home/thedush/ROS2_turtlesim_PID_demo/build/cpp_node/rosidl_adapter/cpp_node.idls)
[1.056s]   returned error code 1:
[1.056s] 
[1.056s]   Traceback (most recent call last):
[1.056s] 
[1.056s]     File "/usr/lib/python3.10/runpy.py", line 196, in _run_module_as_main
[1.057s]       return _run_code(code, main_globals, None,
[1.057s]     File "/usr/lib/python3.10/runpy.py", line 86, in _run_code
[1.057s]       exec(code, run_globals)
[1.057s]     File "/opt/ros/humble/local/lib/python3.10/dist-packages/rosidl_adapter/__main__.py", line 19, in <module>
[1.057s]       sys.exit(main())
[1.057s]     File "/opt/ros/humble/local/lib/python3.10/dist-packages/rosidl_adapter/main.py", line 53, in main
[1.057s]       abs_idl_file = convert_to_idl(
[1.057s]     File "/opt/ros/humble/local/lib/python3.10/dist-packages/rosidl_adapter/__init__.py", line 29, in convert_to_idl
[1.057s]       return convert_action_to_idl(
[1.057s]     File "/opt/ros/humble/local/lib/python3.10/dist-packages/rosidl_adapter/action/__init__.py", line 28, in convert_action_to_idl
[1.057s]       action = parse_action_string(package_name, input_file.stem, content)
[1.057s]     File "/opt/ros/humble/local/lib/python3.10/dist-packages/rosidl_adapter/parser.py", line 902, in parse_action_string
[1.057s]       goal_message = parse_message_string(
[1.057s]     File "/opt/ros/humble/local/lib/python3.10/dist-packages/rosidl_adapter/parser.py", line 544, in parse_message_string
[1.057s]       msg = MessageSpecification(pkg_name, msg_name, fields, constants)
[1.057s]     File "/opt/ros/humble/local/lib/python3.10/dist-packages/rosidl_adapter/parser.py", line 388, in __init__
[1.057s]       self.base_type = BaseType(
[1.057s]     File "/opt/ros/humble/local/lib/python3.10/dist-packages/rosidl_adapter/parser.py", line 205, in __init__
[1.057s]       raise InvalidResourceName(
[1.057s] 
[1.057s]   rosidl_adapter.parser.InvalidResourceName: 'go_to_pose_Goal' is an invalid
[1.057s]   message name.  It should have the pattern '^[A-Z][A-Za-z0-9]*$'
[1.057s] 
[1.057s] Call Stack (most recent call first):
[1.057s]   /opt/ros/humble/share/rosidl_cmake/cmake/rosidl_generate_interfaces.cmake:130 (rosidl_adapt_interfaces)
[1.057s]   CMakeLists.txt:23 (rosidl_generate_interfaces)
[1.058s] 
[1.058s] [0m
[1.058s] -- Configuring incomplete, errors occurred!
[1.058s] See also "/home/thedush/ROS2_turtlesim_PID_demo/build/cpp_node/CMakeFiles/CMakeOutput.log".
[1.063s] Invoked command in '/home/thedush/ROS2_turtlesim_PID_demo/build/cpp_node' returned '1': CMAKE_PREFIX_PATH=/home/thedush/ROS2_turtlesim_PID_demo/install/turtle_demo_controller:/opt/ros/humble /usr/bin/cmake /home/thedush/ROS2_turtlesim_PID_demo/src/cpp_node -DCMAKE_INSTALL_PREFIX=/home/thedush/ROS2_turtlesim_PID_demo/install/cpp_node
