running develop
running egg_info
creating turtle_demo_controller.egg-info
writing turtle_demo_controller.egg-info/PKG-INFO
writing dependency_links to turtle_demo_controller.egg-info/dependency_links.txt
writing entry points to turtle_demo_controller.egg-info/entry_points.txt
writing requirements to turtle_demo_controller.egg-info/requires.txt
writing top-level names to turtle_demo_controller.egg-info/top_level.txt
writing manifest file 'turtle_demo_controller.egg-info/SOURCES.txt'
reading manifest file 'turtle_demo_controller.egg-info/SOURCES.txt'
writing manifest file 'turtle_demo_controller.egg-info/SOURCES.txt'
running build_ext
Creating /home/vedantknaik/ROS2_turtlesim_PID_demo/install/turtle_demo_controller/lib/python3.10/site-packages/turtle-demo-controller.egg-link (link to .)
Installing turt_controller script to /home/vedantknaik/ROS2_turtlesim_PID_demo/install/turtle_demo_controller/lib/turtle_demo_controller

Installed /home/vedantknaik/ROS2_turtlesim_PID_demo/build/turtle_demo_controller
running install_data
creating /home/vedantknaik/ROS2_turtlesim_PID_demo/install/turtle_demo_controller/share/ament_index
creating /home/vedantknaik/ROS2_turtlesim_PID_demo/install/turtle_demo_controller/share/ament_index/resource_index
creating /home/vedantknaik/ROS2_turtlesim_PID_demo/install/turtle_demo_controller/share/ament_index/resource_index/packages
copying resource/turtle_demo_controller -> /home/vedantknaik/ROS2_turtlesim_PID_demo/install/turtle_demo_controller/share/ament_index/resource_index/packages
copying package.xml -> /home/vedantknaik/ROS2_turtlesim_PID_demo/install/turtle_demo_controller/share/turtle_demo_controller
