[0.099s] Invoking command in '/home/thedush/ROS2_turtlesim_PID_demo/build/cpp_node': CMAKE_PREFIX_PATH=${CMAKE_PREFIX_PATH}:/home/thedush/ROS2_turtlesim_PID_demo/install/turtle_demo_controller:/opt/ros/humble /usr/bin/cmake --build /home/thedush/ROS2_turtlesim_PID_demo/build/cpp_node -- -j8 -l8
[1.230s] [  3%] Built target cpp_node__cpp
[1.578s] [ 12%] Built target cpp_node__rosidl_generator_c
[1.579s] [ 25%] Built target cpp_node__rosidl_typesupport_introspection_cpp
[1.579s] [ 32%] Built target cpp_node__rosidl_typesupport_cpp
[1.580s] [ 41%] Built target cpp_node__rosidl_typesupport_fastrtps_cpp
[1.600s] [ 41%] Built target ament_cmake_python_copy_cpp_node
[1.652s] [ 61%] Built target cpp_node__rosidl_typesupport_c
[1.652s] [ 61%] Built target cpp_node__rosidl_typesupport_introspection_c
[1.663s] [ 70%] Built target cpp_node__rosidl_typesupport_fastrtps_c
[1.687s] [ 70%] Built target cpp_node
[1.748s] [ 74%] Built target cpp_node__py
[1.869s] [ 80%] Built target cpp_node__rosidl_generator_py
[1.889s] [ 87%] Built target cpp_node__rosidl_typesupport_introspection_c__pyext
[1.926s] [ 93%] Built target cpp_node__rosidl_typesupport_fastrtps_c__pyext
[1.941s] running egg_info
[1.942s] writing cpp_node.egg-info/PKG-INFO
[1.943s] writing dependency_links to cpp_node.egg-info/dependency_links.txt
[1.943s] writing top-level names to cpp_node.egg-info/top_level.txt
[1.984s] reading manifest file 'cpp_node.egg-info/SOURCES.txt'
[1.986s] writing manifest file 'cpp_node.egg-info/SOURCES.txt'
[2.007s] [100%] Built target cpp_node__rosidl_typesupport_c__pyext
[2.012s] [100%] Built target ament_cmake_python_build_cpp_node_egg
[2.021s] Invoked command in '/home/thedush/ROS2_turtlesim_PID_demo/build/cpp_node' returned '0': CMAKE_PREFIX_PATH=${CMAKE_PREFIX_PATH}:/home/thedush/ROS2_turtlesim_PID_demo/install/turtle_demo_controller:/opt/ros/humble /usr/bin/cmake --build /home/thedush/ROS2_turtlesim_PID_demo/build/cpp_node -- -j8 -l8
[2.081s] Invoking command in '/home/thedush/ROS2_turtlesim_PID_demo/build/cpp_node': CMAKE_PREFIX_PATH=${CMAKE_PREFIX_PATH}:/home/thedush/ROS2_turtlesim_PID_demo/install/turtle_demo_controller:/opt/ros/humble /usr/bin/cmake --install /home/thedush/ROS2_turtlesim_PID_demo/build/cpp_node
[2.088s] -- Install configuration: ""
[2.116s] -- Up-to-date: /home/thedush/ROS2_turtlesim_PID_demo/install/cpp_node/share/ament_index/resource_index/rosidl_interfaces/cpp_node
[2.117s] -- Up-to-date: /home/thedush/ROS2_turtlesim_PID_demo/install/cpp_node/include/cpp_node/cpp_node
[2.117s] -- Up-to-date: /home/thedush/ROS2_turtlesim_PID_demo/install/cpp_node/include/cpp_node/cpp_node/msg
[2.118s] -- Up-to-date: /home/thedush/ROS2_turtlesim_PID_demo/install/cpp_node/include/cpp_node/cpp_node/msg/rosidl_generator_c__visibility_control.h
[2.118s] -- Up-to-date: /home/thedush/ROS2_turtlesim_PID_demo/install/cpp_node/include/cpp_node/cpp_node/action
[2.118s] -- Up-to-date: /home/thedush/ROS2_turtlesim_PID_demo/install/cpp_node/include/cpp_node/cpp_node/action/detail
[2.118s] -- Up-to-date: /home/thedush/ROS2_turtlesim_PID_demo/install/cpp_node/include/cpp_node/cpp_node/action/detail/go_to_pose__struct.h
[2.119s] -- Up-to-date: /home/thedush/ROS2_turtlesim_PID_demo/install/cpp_node/include/cpp_node/cpp_node/action/detail/go_to_pose__functions.c
[2.119s] -- Up-to-date: /home/thedush/ROS2_turtlesim_PID_demo/install/cpp_node/include/cpp_node/cpp_node/action/detail/go_to_pose__type_support.h
[2.119s] -- Up-to-date: /home/thedush/ROS2_turtlesim_PID_demo/install/cpp_node/include/cpp_node/cpp_node/action/detail/go_to_pose__functions.h
[2.119s] -- Up-to-date: /home/thedush/ROS2_turtlesim_PID_demo/install/cpp_node/include/cpp_node/cpp_node/action/go_to_pose.h
[2.119s] -- Up-to-date: /home/thedush/ROS2_turtlesim_PID_demo/install/cpp_node/share/cpp_node/environment/library_path.sh
[2.119s] -- Up-to-date: /home/thedush/ROS2_turtlesim_PID_demo/install/cpp_node/share/cpp_node/environment/library_path.dsv
[2.119s] -- Up-to-date: /home/thedush/ROS2_turtlesim_PID_demo/install/cpp_node/lib/libcpp_node__rosidl_generator_c.so
[2.119s] -- Up-to-date: /home/thedush/ROS2_turtlesim_PID_demo/install/cpp_node/include/cpp_node/cpp_node
[2.120s] -- Up-to-date: /home/thedush/ROS2_turtlesim_PID_demo/install/cpp_node/include/cpp_node/cpp_node/msg
[2.120s] -- Up-to-date: /home/thedush/ROS2_turtlesim_PID_demo/install/cpp_node/include/cpp_node/cpp_node/msg/rosidl_typesupport_fastrtps_c__visibility_control.h
[2.120s] -- Up-to-date: /home/thedush/ROS2_turtlesim_PID_demo/install/cpp_node/include/cpp_node/cpp_node/action
[2.120s] -- Up-to-date: /home/thedush/ROS2_turtlesim_PID_demo/install/cpp_node/include/cpp_node/cpp_node/action/detail
[2.120s] -- Up-to-date: /home/thedush/ROS2_turtlesim_PID_demo/install/cpp_node/include/cpp_node/cpp_node/action/detail/go_to_pose__rosidl_typesupport_fastrtps_c.h
[2.120s] -- Up-to-date: /home/thedush/ROS2_turtlesim_PID_demo/install/cpp_node/lib/libcpp_node__rosidl_typesupport_fastrtps_c.so
[2.121s] -- Up-to-date: /home/thedush/ROS2_turtlesim_PID_demo/install/cpp_node/include/cpp_node/cpp_node
[2.121s] -- Up-to-date: /home/thedush/ROS2_turtlesim_PID_demo/install/cpp_node/include/cpp_node/cpp_node/action
[2.121s] -- Up-to-date: /home/thedush/ROS2_turtlesim_PID_demo/install/cpp_node/include/cpp_node/cpp_node/action/detail
[2.121s] -- Up-to-date: /home/thedush/ROS2_turtlesim_PID_demo/install/cpp_node/include/cpp_node/cpp_node/action/detail/go_to_pose__struct.hpp
[2.121s] -- Up-to-date: /home/thedush/ROS2_turtlesim_PID_demo/install/cpp_node/include/cpp_node/cpp_node/action/detail/go_to_pose__traits.hpp
[2.121s] -- Up-to-date: /home/thedush/ROS2_turtlesim_PID_demo/install/cpp_node/include/cpp_node/cpp_node/action/detail/go_to_pose__builder.hpp
[2.121s] -- Up-to-date: /home/thedush/ROS2_turtlesim_PID_demo/install/cpp_node/include/cpp_node/cpp_node/action/go_to_pose.hpp
[2.121s] -- Up-to-date: /home/thedush/ROS2_turtlesim_PID_demo/install/cpp_node/include/cpp_node/cpp_node
[2.121s] -- Up-to-date: /home/thedush/ROS2_turtlesim_PID_demo/install/cpp_node/include/cpp_node/cpp_node/msg
[2.121s] -- Up-to-date: /home/thedush/ROS2_turtlesim_PID_demo/install/cpp_node/include/cpp_node/cpp_node/msg/rosidl_typesupport_fastrtps_cpp__visibility_control.h
[2.122s] -- Up-to-date: /home/thedush/ROS2_turtlesim_PID_demo/install/cpp_node/include/cpp_node/cpp_node/action
[2.122s] -- Up-to-date: /home/thedush/ROS2_turtlesim_PID_demo/install/cpp_node/include/cpp_node/cpp_node/action/detail
[2.122s] -- Up-to-date: /home/thedush/ROS2_turtlesim_PID_demo/install/cpp_node/include/cpp_node/cpp_node/action/detail/dds_fastrtps
[2.122s] -- Up-to-date: /home/thedush/ROS2_turtlesim_PID_demo/install/cpp_node/include/cpp_node/cpp_node/action/detail/go_to_pose__rosidl_typesupport_fastrtps_cpp.hpp
[2.149s] -- Up-to-date: /home/thedush/ROS2_turtlesim_PID_demo/install/cpp_node/lib/libcpp_node__rosidl_typesupport_fastrtps_cpp.so
[2.149s] -- Up-to-date: /home/thedush/ROS2_turtlesim_PID_demo/install/cpp_node/include/cpp_node/cpp_node
[2.150s] -- Up-to-date: /home/thedush/ROS2_turtlesim_PID_demo/install/cpp_node/include/cpp_node/cpp_node/msg
[2.150s] -- Up-to-date: /home/thedush/ROS2_turtlesim_PID_demo/install/cpp_node/include/cpp_node/cpp_node/msg/rosidl_typesupport_introspection_c__visibility_control.h
[2.150s] -- Up-to-date: /home/thedush/ROS2_turtlesim_PID_demo/install/cpp_node/include/cpp_node/cpp_node/action
[2.150s] -- Up-to-date: /home/thedush/ROS2_turtlesim_PID_demo/install/cpp_node/include/cpp_node/cpp_node/action/detail
[2.150s] -- Up-to-date: /home/thedush/ROS2_turtlesim_PID_demo/install/cpp_node/include/cpp_node/cpp_node/action/detail/go_to_pose__type_support.c
[2.150s] -- Up-to-date: /home/thedush/ROS2_turtlesim_PID_demo/install/cpp_node/include/cpp_node/cpp_node/action/detail/go_to_pose__rosidl_typesupport_introspection_c.h
[2.151s] -- Up-to-date: /home/thedush/ROS2_turtlesim_PID_demo/install/cpp_node/lib/libcpp_node__rosidl_typesupport_introspection_c.so
[2.151s] -- Up-to-date: /home/thedush/ROS2_turtlesim_PID_demo/install/cpp_node/lib/libcpp_node__rosidl_typesupport_c.so
[2.151s] -- Up-to-date: /home/thedush/ROS2_turtlesim_PID_demo/install/cpp_node/include/cpp_node/cpp_node
[2.151s] -- Up-to-date: /home/thedush/ROS2_turtlesim_PID_demo/install/cpp_node/include/cpp_node/cpp_node/action
[2.151s] -- Up-to-date: /home/thedush/ROS2_turtlesim_PID_demo/install/cpp_node/include/cpp_node/cpp_node/action/detail
[2.151s] -- Up-to-date: /home/thedush/ROS2_turtlesim_PID_demo/install/cpp_node/include/cpp_node/cpp_node/action/detail/go_to_pose__rosidl_typesupport_introspection_cpp.hpp
[2.151s] -- Up-to-date: /home/thedush/ROS2_turtlesim_PID_demo/install/cpp_node/include/cpp_node/cpp_node/action/detail/go_to_pose__type_support.cpp
[2.152s] -- Up-to-date: /home/thedush/ROS2_turtlesim_PID_demo/install/cpp_node/lib/libcpp_node__rosidl_typesupport_introspection_cpp.so
[2.153s] -- Up-to-date: /home/thedush/ROS2_turtlesim_PID_demo/install/cpp_node/lib/libcpp_node__rosidl_typesupport_cpp.so
[2.154s] -- Up-to-date: /home/thedush/ROS2_turtlesim_PID_demo/install/cpp_node/share/cpp_node/environment/pythonpath.sh
[2.154s] -- Up-to-date: /home/thedush/ROS2_turtlesim_PID_demo/install/cpp_node/share/cpp_node/environment/pythonpath.dsv
[2.154s] -- Up-to-date: /home/thedush/ROS2_turtlesim_PID_demo/install/cpp_node/local/lib/python3.10/dist-packages/cpp_node-0.0.0-py3.10.egg-info
[2.154s] -- Installing: /home/thedush/ROS2_turtlesim_PID_demo/install/cpp_node/local/lib/python3.10/dist-packages/cpp_node-0.0.0-py3.10.egg-info/top_level.txt
[2.154s] -- Installing: /home/thedush/ROS2_turtlesim_PID_demo/install/cpp_node/local/lib/python3.10/dist-packages/cpp_node-0.0.0-py3.10.egg-info/PKG-INFO
[2.155s] -- Installing: /home/thedush/ROS2_turtlesim_PID_demo/install/cpp_node/local/lib/python3.10/dist-packages/cpp_node-0.0.0-py3.10.egg-info/dependency_links.txt
[2.155s] -- Installing: /home/thedush/ROS2_turtlesim_PID_demo/install/cpp_node/local/lib/python3.10/dist-packages/cpp_node-0.0.0-py3.10.egg-info/SOURCES.txt
[2.155s] -- Up-to-date: /home/thedush/ROS2_turtlesim_PID_demo/install/cpp_node/local/lib/python3.10/dist-packages/cpp_node
[2.155s] -- Up-to-date: /home/thedush/ROS2_turtlesim_PID_demo/install/cpp_node/local/lib/python3.10/dist-packages/cpp_node/_cpp_node_s.ep.rosidl_typesupport_fastrtps_c.c
[2.155s] -- Up-to-date: /home/thedush/ROS2_turtlesim_PID_demo/install/cpp_node/local/lib/python3.10/dist-packages/cpp_node/__init__.py
[2.155s] -- Up-to-date: /home/thedush/ROS2_turtlesim_PID_demo/install/cpp_node/local/lib/python3.10/dist-packages/cpp_node/cpp_node_s__rosidl_typesupport_fastrtps_c.cpython-310-x86_64-linux-gnu.so
[2.155s] -- Up-to-date: /home/thedush/ROS2_turtlesim_PID_demo/install/cpp_node/local/lib/python3.10/dist-packages/cpp_node/cpp_node_s__rosidl_typesupport_c.cpython-310-x86_64-linux-gnu.so
[2.155s] -- Up-to-date: /home/thedush/ROS2_turtlesim_PID_demo/install/cpp_node/local/lib/python3.10/dist-packages/cpp_node/cpp_node_s__rosidl_typesupport_introspection_c.cpython-310-x86_64-linux-gnu.so
[2.156s] -- Up-to-date: /home/thedush/ROS2_turtlesim_PID_demo/install/cpp_node/local/lib/python3.10/dist-packages/cpp_node/libcpp_node__rosidl_generator_py.so
[2.156s] -- Up-to-date: /home/thedush/ROS2_turtlesim_PID_demo/install/cpp_node/local/lib/python3.10/dist-packages/cpp_node/_cpp_node_s.ep.rosidl_typesupport_introspection_c.c
[2.156s] -- Up-to-date: /home/thedush/ROS2_turtlesim_PID_demo/install/cpp_node/local/lib/python3.10/dist-packages/cpp_node/action
[2.156s] -- Up-to-date: /home/thedush/ROS2_turtlesim_PID_demo/install/cpp_node/local/lib/python3.10/dist-packages/cpp_node/action/__init__.py
[2.156s] -- Up-to-date: /home/thedush/ROS2_turtlesim_PID_demo/install/cpp_node/local/lib/python3.10/dist-packages/cpp_node/action/_go_to_pose.py
[2.156s] -- Up-to-date: /home/thedush/ROS2_turtlesim_PID_demo/install/cpp_node/local/lib/python3.10/dist-packages/cpp_node/action/_go_to_pose_s.c
[2.156s] -- Up-to-date: /home/thedush/ROS2_turtlesim_PID_demo/install/cpp_node/local/lib/python3.10/dist-packages/cpp_node/_cpp_node_s.ep.rosidl_typesupport_c.c
[2.262s] Listing '/home/thedush/ROS2_turtlesim_PID_demo/install/cpp_node/local/lib/python3.10/dist-packages/cpp_node'...
[2.262s] Listing '/home/thedush/ROS2_turtlesim_PID_demo/install/cpp_node/local/lib/python3.10/dist-packages/cpp_node/action'...
[2.266s] -- Up-to-date: /home/thedush/ROS2_turtlesim_PID_demo/install/cpp_node/local/lib/python3.10/dist-packages/cpp_node/cpp_node_s__rosidl_typesupport_fastrtps_c.cpython-310-x86_64-linux-gnu.so
[2.267s] -- Up-to-date: /home/thedush/ROS2_turtlesim_PID_demo/install/cpp_node/local/lib/python3.10/dist-packages/cpp_node/cpp_node_s__rosidl_typesupport_introspection_c.cpython-310-x86_64-linux-gnu.so
[2.267s] -- Up-to-date: /home/thedush/ROS2_turtlesim_PID_demo/install/cpp_node/local/lib/python3.10/dist-packages/cpp_node/cpp_node_s__rosidl_typesupport_c.cpython-310-x86_64-linux-gnu.so
[2.267s] -- Up-to-date: /home/thedush/ROS2_turtlesim_PID_demo/install/cpp_node/lib/libcpp_node__rosidl_generator_py.so
[2.267s] -- Up-to-date: /home/thedush/ROS2_turtlesim_PID_demo/install/cpp_node/share/cpp_node/action/GoToPose.idl
[2.267s] -- Up-to-date: /home/thedush/ROS2_turtlesim_PID_demo/install/cpp_node/share/cpp_node/action/GoToPose.action
[2.267s] -- Up-to-date: /home/thedush/ROS2_turtlesim_PID_demo/install/cpp_node/share/ament_index/resource_index/package_run_dependencies/cpp_node
[2.267s] -- Up-to-date: /home/thedush/ROS2_turtlesim_PID_demo/install/cpp_node/share/ament_index/resource_index/parent_prefix_path/cpp_node
[2.267s] -- Up-to-date: /home/thedush/ROS2_turtlesim_PID_demo/install/cpp_node/share/cpp_node/environment/ament_prefix_path.sh
[2.267s] -- Up-to-date: /home/thedush/ROS2_turtlesim_PID_demo/install/cpp_node/share/cpp_node/environment/ament_prefix_path.dsv
[2.267s] -- Up-to-date: /home/thedush/ROS2_turtlesim_PID_demo/install/cpp_node/share/cpp_node/environment/path.sh
[2.267s] -- Up-to-date: /home/thedush/ROS2_turtlesim_PID_demo/install/cpp_node/share/cpp_node/environment/path.dsv
[2.267s] -- Up-to-date: /home/thedush/ROS2_turtlesim_PID_demo/install/cpp_node/share/cpp_node/local_setup.bash
[2.268s] -- Up-to-date: /home/thedush/ROS2_turtlesim_PID_demo/install/cpp_node/share/cpp_node/local_setup.sh
[2.268s] -- Up-to-date: /home/thedush/ROS2_turtlesim_PID_demo/install/cpp_node/share/cpp_node/local_setup.zsh
[2.268s] -- Up-to-date: /home/thedush/ROS2_turtlesim_PID_demo/install/cpp_node/share/cpp_node/local_setup.dsv
[2.268s] -- Installing: /home/thedush/ROS2_turtlesim_PID_demo/install/cpp_node/share/cpp_node/package.dsv
[2.284s] -- Up-to-date: /home/thedush/ROS2_turtlesim_PID_demo/install/cpp_node/share/ament_index/resource_index/packages/cpp_node
[2.309s] -- Up-to-date: /home/thedush/ROS2_turtlesim_PID_demo/install/cpp_node/share/cpp_node/cmake/export_cpp_node__rosidl_generator_cExport.cmake
[2.309s] -- Up-to-date: /home/thedush/ROS2_turtlesim_PID_demo/install/cpp_node/share/cpp_node/cmake/export_cpp_node__rosidl_generator_cExport-noconfig.cmake
[2.310s] -- Up-to-date: /home/thedush/ROS2_turtlesim_PID_demo/install/cpp_node/share/cpp_node/cmake/export_cpp_node__rosidl_typesupport_fastrtps_cExport.cmake
[2.311s] -- Up-to-date: /home/thedush/ROS2_turtlesim_PID_demo/install/cpp_node/share/cpp_node/cmake/export_cpp_node__rosidl_typesupport_fastrtps_cExport-noconfig.cmake
[2.311s] -- Up-to-date: /home/thedush/ROS2_turtlesim_PID_demo/install/cpp_node/share/cpp_node/cmake/export_cpp_node__rosidl_generator_cppExport.cmake
[2.312s] -- Up-to-date: /home/thedush/ROS2_turtlesim_PID_demo/install/cpp_node/share/cpp_node/cmake/export_cpp_node__rosidl_typesupport_fastrtps_cppExport.cmake
[2.312s] -- Up-to-date: /home/thedush/ROS2_turtlesim_PID_demo/install/cpp_node/share/cpp_node/cmake/export_cpp_node__rosidl_typesupport_fastrtps_cppExport-noconfig.cmake
[2.313s] -- Up-to-date: /home/thedush/ROS2_turtlesim_PID_demo/install/cpp_node/share/cpp_node/cmake/cpp_node__rosidl_typesupport_introspection_cExport.cmake
[2.313s] -- Up-to-date: /home/thedush/ROS2_turtlesim_PID_demo/install/cpp_node/share/cpp_node/cmake/cpp_node__rosidl_typesupport_introspection_cExport-noconfig.cmake
[2.313s] -- Up-to-date: /home/thedush/ROS2_turtlesim_PID_demo/install/cpp_node/share/cpp_node/cmake/cpp_node__rosidl_typesupport_cExport.cmake
[2.314s] -- Up-to-date: /home/thedush/ROS2_turtlesim_PID_demo/install/cpp_node/share/cpp_node/cmake/cpp_node__rosidl_typesupport_cExport-noconfig.cmake
[2.314s] -- Up-to-date: /home/thedush/ROS2_turtlesim_PID_demo/install/cpp_node/share/cpp_node/cmake/cpp_node__rosidl_typesupport_introspection_cppExport.cmake
[2.314s] -- Up-to-date: /home/thedush/ROS2_turtlesim_PID_demo/install/cpp_node/share/cpp_node/cmake/cpp_node__rosidl_typesupport_introspection_cppExport-noconfig.cmake
[2.315s] -- Up-to-date: /home/thedush/ROS2_turtlesim_PID_demo/install/cpp_node/share/cpp_node/cmake/cpp_node__rosidl_typesupport_cppExport.cmake
[2.315s] -- Up-to-date: /home/thedush/ROS2_turtlesim_PID_demo/install/cpp_node/share/cpp_node/cmake/cpp_node__rosidl_typesupport_cppExport-noconfig.cmake
[2.315s] -- Up-to-date: /home/thedush/ROS2_turtlesim_PID_demo/install/cpp_node/share/cpp_node/cmake/export_cpp_node__rosidl_generator_pyExport.cmake
[2.315s] -- Up-to-date: /home/thedush/ROS2_turtlesim_PID_demo/install/cpp_node/share/cpp_node/cmake/export_cpp_node__rosidl_generator_pyExport-noconfig.cmake
[2.316s] -- Up-to-date: /home/thedush/ROS2_turtlesim_PID_demo/install/cpp_node/share/cpp_node/cmake/rosidl_cmake-extras.cmake
[2.316s] -- Up-to-date: /home/thedush/ROS2_turtlesim_PID_demo/install/cpp_node/share/cpp_node/cmake/ament_cmake_export_dependencies-extras.cmake
[2.316s] -- Up-to-date: /home/thedush/ROS2_turtlesim_PID_demo/install/cpp_node/share/cpp_node/cmake/ament_cmake_export_include_directories-extras.cmake
[2.316s] -- Up-to-date: /home/thedush/ROS2_turtlesim_PID_demo/install/cpp_node/share/cpp_node/cmake/ament_cmake_export_libraries-extras.cmake
[2.316s] -- Up-to-date: /home/thedush/ROS2_turtlesim_PID_demo/install/cpp_node/share/cpp_node/cmake/ament_cmake_export_targets-extras.cmake
[2.316s] -- Up-to-date: /home/thedush/ROS2_turtlesim_PID_demo/install/cpp_node/share/cpp_node/cmake/rosidl_cmake_export_typesupport_targets-extras.cmake
[2.316s] -- Up-to-date: /home/thedush/ROS2_turtlesim_PID_demo/install/cpp_node/share/cpp_node/cmake/rosidl_cmake_export_typesupport_libraries-extras.cmake
[2.316s] -- Up-to-date: /home/thedush/ROS2_turtlesim_PID_demo/install/cpp_node/share/cpp_node/cmake/cpp_nodeConfig.cmake
[2.316s] -- Up-to-date: /home/thedush/ROS2_turtlesim_PID_demo/install/cpp_node/share/cpp_node/cmake/cpp_nodeConfig-version.cmake
[2.317s] -- Up-to-date: /home/thedush/ROS2_turtlesim_PID_demo/install/cpp_node/share/cpp_node/package.xml
[2.318s] Invoked command in '/home/thedush/ROS2_turtlesim_PID_demo/build/cpp_node' returned '0': CMAKE_PREFIX_PATH=${CMAKE_PREFIX_PATH}:/home/thedush/ROS2_turtlesim_PID_demo/install/turtle_demo_controller:/opt/ros/humble /usr/bin/cmake --install /home/thedush/ROS2_turtlesim_PID_demo/build/cpp_node
